#
# A fatal error has been detected by the Java Runtime Environment:
#
#  SIGSEGV (0xb) at pc=0x00007fb6ed8efca9, pid=44126, tid=44147
#
# JRE version: OpenJDK Runtime Environment (16.0.1+9) (build 16.0.1+9-24)
# Java VM: OpenJDK 64-Bit Server VM (16.0.1+9-24, mixed mode, sharing, tiered, compressed oops, compressed class ptrs, g1 gc, linux-amd64)
# Problematic frame:
# V  [libjvm.so+0x555ca9]  ClassFileParser::parse_method(ClassFileStream const*, bool, ConstantPool const*, AccessFlags*, Thread*)+0xaa9
#
# Core dump will be written. Default location: Core dumps may be processed with "/usr/share/apport/apport %p %s %c %d %P %E" (or dumping to /home/cheikh/Documents/workspace/Projets/Projet Ladoum/Implementation/back-end/Projet-ladoum/core.44126)
#
# If you would like to submit a bug report, please visit:
#   https://bugreport.java.com/bugreport/crash.jsp
#

---------------  S U M M A R Y ------------

Command Line: -XX:TieredStopAtLevel=1 -Xverify:none -Dspring.output.ansi.enabled=always -javaagent:/snap/intellij-idea-ultimate/333/lib/idea_rt.jar=28733:/snap/intellij-idea-ultimate/333/bin -Dcom.sun.management.jmxremote -Dspring.jmx.enabled=true -Dspring.liveBeansView.mbeanDomain -Dspring.application.admin.enabled=true -Dfile.encoding=UTF-8 com.example.projetladoum.ProjetLadoumApplication

Host: Intel(R) Core(TM) i5-8265U CPU @ 1.60GHz, 8 cores, 7G, Ubuntu 20.04.2 LTS
Time: Sun Dec 19 14:24:58 2021 GMT elapsed time: 0.238029 seconds (0d 0h 0m 0s)

---------------  T H R E A D  ---------------

Current thread (0x00007fb6e8415b20):  JavaThread "Monitor Ctrl-Break" daemon [_thread_in_vm, id=44147, stack(0x00007fb6bcd0f000,0x00007fb6bce10000)]

Stack: [0x00007fb6bcd0f000,0x00007fb6bce10000],  sp=0x00007fb6bce0dc10,  free space=1019k
Native frames: (J=compiled Java code, A=aot compiled Java code, j=interpreted, Vv=VM code, C=native code)
V  [libjvm.so+0x555ca9]  ClassFileParser::parse_method(ClassFileStream const*, bool, ConstantPool const*, AccessFlags*, Thread*)+0xaa9
V  [libjvm.so+0x55735f]  ClassFileParser::parse_methods(ClassFileStream const*, bool, AccessFlags*, bool*, bool*, Thread*)+0x1df
V  [libjvm.so+0x559bc1]  ClassFileParser::parse_stream(ClassFileStream const*, Thread*) [clone .part.0]+0x5c1
V  [libjvm.so+0x55ad4e]  ClassFileParser::ClassFileParser(ClassFileStream*, Symbol*, ClassLoaderData*, ClassLoadInfo const*, ClassFileParser::Publicity, Thread*)+0x34e
V  [libjvm.so+0xa20763]  KlassFactory::create_from_stream(ClassFileStream*, Symbol*, ClassLoaderData*, ClassLoadInfo const&, Thread*)+0xf3
V  [libjvm.so+0x563635]  ClassLoader::load_class(Symbol*, bool, Thread*)+0x1b5
V  [libjvm.so+0xd3320f]  SystemDictionary::load_instance_class(Symbol*, Handle, Thread*)+0x34f
V  [libjvm.so+0xd31f92]  SystemDictionary::resolve_instance_class_or_null(Symbol*, Handle, Handle, Thread*)+0xa62
V  [libjvm.so+0xd3419e]  SystemDictionary::resolve_or_fail(Symbol*, Handle, Handle, bool, Thread*)+0x5e
V  [libjvm.so+0x5cdb48]  ConstantPool::klass_at_impl(constantPoolHandle const&, int, bool, Thread*)+0xe8
V  [libjvm.so+0x7edf32]  InterpreterRuntime::_new(JavaThread*, ConstantPool*, int)+0x72
j  java.net.Socket.setImpl()V+27 java.base@16.0.1
j  java.net.Socket.<init>(Ljava/net/SocketAddress;Ljava/net/SocketAddress;Z)V+46 java.base@16.0.1
j  java.net.Socket.<init>(Ljava/lang/String;I)V+34 java.base@16.0.1
j  com.intellij.rt.execution.application.AppMainV2$1.run()V+10
v  ~StubRoutines::call_stub
V  [libjvm.so+0x7f5285]  JavaCalls::call_helper(JavaValue*, methodHandle const&, JavaCallArguments*, Thread*)+0x2d5
V  [libjvm.so+0x7f6b0b]  JavaCalls::call_virtual(JavaValue*, Handle, Klass*, Symbol*, Symbol*, Thread*)+0x1cb
V  [libjvm.so+0x8b2140]  thread_entry(JavaThread*, Thread*)+0x70
V  [libjvm.so+0xd7c9db]  JavaThread::thread_main_inner()+0x11b
V  [libjvm.so+0xd816cd]  Thread::call_run()+0xfd
V  [libjvm.so+0xbd86d7]  thread_native_entry(Thread*)+0xe7

Java frames: (J=compiled Java code, j=interpreted, Vv=VM code)
j  java.net.Socket.setImpl()V+27 java.base@16.0.1
j  java.net.Socket.<init>(Ljava/net/SocketAddress;Ljava/net/SocketAddress;Z)V+46 java.base@16.0.1
j  java.net.Socket.<init>(Ljava/lang/String;I)V+34 java.base@16.0.1
j  com.intellij.rt.execution.application.AppMainV2$1.run()V+10
v  ~StubRoutines::call_stub

siginfo: si_signo: 11 (SIGSEGV), si_code: 2 (SEGV_ACCERR), si_addr: 0x00007fb69c12e043

Register to memory mapping:

RAX=0x00000000000c004e is an unknown value
RBX=0x00007fb69c06f7d0 points into unknown readable memory: 0x00007fb6ee4b0390 | 90 03 4b ee b6 7f 00 00
RCX=0x00007fb69c12e045 is an unknown value
RDX=0x00007fb69c12e043 is an unknown value
RSP=0x00007fb6bce0dc10 is pointing into the stack for thread: 0x00007fb6e8415b20
RBP=0x00007fb6bce0de00 is pointing into the stack for thread: 0x00007fb6e8415b20
RSI=0x00007fb6ee5c6640: <offset 0x000000000122c640> in /home/cheikh/.jdks/openjdk-16.0.1/lib/server/libjvm.so at 0x00007fb6ed39a000
RDI=0x0000000000000023 is an unknown value
R8 =0x00007fb6e8415b20 is a thread
R9 =0x0 is NULL
R10=0x0 is NULL
R11=0x0 is NULL
R12=0x00000000000c0001 is an unknown value
R13=0x00007fb6bce0e100 is pointing into the stack for thread: 0x00007fb6e8415b20
R14=0x00007fb6e8415b20 is a thread
R15=0x0 is NULL


Registers:
RAX=0x00000000000c004e, RBX=0x00007fb69c06f7d0, RCX=0x00007fb69c12e045, RDX=0x00007fb69c12e043
RSP=0x00007fb6bce0dc10, RBP=0x00007fb6bce0de00, RSI=0x00007fb6ee5c6640, RDI=0x0000000000000023
R8 =0x00007fb6e8415b20, R9 =0x0000000000000000, R10=0x0000000000000000, R11=0x0000000000000000
R12=0x00000000000c0001, R13=0x00007fb6bce0e100, R14=0x00007fb6e8415b20, R15=0x0000000000000000
RIP=0x00007fb6ed8efca9, EFLAGS=0x0000000000010246, CSGSFS=0x002b000000000033, ERR=0x0000000000000004
  TRAPNO=0x000000000000000e

Top of Stack: (sp=0x00007fb6bce0dc10)
0x00007fb6bce0dc10:   00007fb6e84160e0 00007fb600000002
0x00007fb6bce0dc20:   0000000000000000 0000000000000000
0x00007fb6bce0dc30:   0000000000000000 0000000000000000
0x00007fb6bce0dc40:   0000000000000000 0000000000000000 

Instructions: (pc=0x00007fb6ed8efca9)
0x00007fb6ed8efba9:   0f 87 cd 09 00 00 48 8b 53 10 48 8b 43 18 8b 8d
0x00007fb6ed8efbb9:   28 ff ff ff 48 89 d6 48 89 85 e0 fe ff ff 48 29
0x00007fb6ed8efbc9:   c6 48 39 f1 0f 87 7d 06 00 00 48 63 8d 28 ff ff
0x00007fb6ed8efbd9:   ff 48 01 c8 48 29 c2 48 89 43 18 48 83 fa 01 0f
0x00007fb6ed8efbe9:   86 72 06 00 00 49 83 7e 08 00 0f 85 47 f7 ff ff
0x00007fb6ed8efbf9:   48 8b 43 18 44 0f b7 28 48 83 c0 02 66 41 c1 cd
0x00007fb6ed8efc09:   08 48 89 43 18 66 44 89 ad 9a fe ff ff 66 45 85
0x00007fb6ed8efc19:   ed 0f 85 50 06 00 00 48 8b 53 10 48 29 c2 48 83
0x00007fb6ed8efc29:   fa 01 0f 86 8a 06 00 00 49 83 7e 08 00 0f 85 04
0x00007fb6ed8efc39:   f7 ff ff 48 8b 53 18 41 0f b7 cd 8b bd 28 ff ff
0x00007fb6ed8efc49:   ff 0f b7 02 48 83 c2 02 66 c1 c8 08 8d 4c cf 0c
0x00007fb6ed8efc59:   48 89 53 18 44 8d 68 ff 89 8d 50 ff ff ff 66 85
0x00007fb6ed8efc69:   c0 0f 84 f3 06 00 00 41 0f b7 c4 66 44 89 ad 68
0x00007fb6ed8efc79:   ff ff ff 4d 89 fd 89 85 dc fe ff ff e9 3b 01 00
0x00007fb6ed8efc89:   00 66 0f 1f 44 00 00 49 83 7e 08 00 0f 85 a5 f6
0x00007fb6ed8efc99:   ff ff 48 8b 53 18 8b 85 50 ff ff ff 48 8d 4a 02
0x00007fb6ed8efca9:   44 0f b7 3a 48 83 c2 06 48 89 4b 18 44 8b 62 fc
0x00007fb6ed8efcb9:   48 89 53 18 49 8b 4d 48 41 0f cc 42 8d 44 20 06
0x00007fb6ed8efcc9:   66 41 c1 cf 08 89 85 50 ff ff ff 41 0f b7 d7 3b
0x00007fb6ed8efcd9:   51 3c 7d 11 48 8b 71 08 48 63 ca 0f b6 4c 0e 04
0x00007fb6ed8efce9:   80 f9 01 74 1c 41 80 bd b8 01 00 00 00 74 12 4c
0x00007fb6ed8efcf9:   89 f1 48 8d 35 46 31 97 00 4c 89 ef e8 76 16 ff
0x00007fb6ed8efd09:   ff 49 8b 4e 08 48 85 c9 0f 85 29 f6 ff ff 48 8b
0x00007fb6ed8efd19:   b5 60 ff ff ff 41 0f b7 c7 48 8b 44 c6 48 48 8d
0x00007fb6ed8efd29:   35 12 69 cd 00 48 39 86 60 03 00 00 0f 84 4d 01
0x00007fb6ed8efd39:   00 00 48 3b 86 68 03 00 00 0f 84 a8 00 00 00 41
0x00007fb6ed8efd49:   0f b7 95 ac 01 00 00 66 83 fa 30 76 20 48 3b 86
0x00007fb6ed8efd59:   70 03 00 00 0f 84 fd 01 00 00 66 83 fa 31 74 0d
0x00007fb6ed8efd69:   48 3b 86 80 03 00 00 0f 84 6a 01 00 00 80 7b 28
0x00007fb6ed8efd79:   00 48 8b 43 18 74 13 48 8b 53 10 44 89 e1 48 29
0x00007fb6ed8efd89:   c2 48 39 ca 0f 82 25 01 00 00 4d 63 e4 4c 01 e0
0x00007fb6ed8efd99:   48 89 43 18 49 83 7e 08 00 0f 85 98 f5 ff ff 66 


Stack slot to memory mapping:
stack at sp + 0 slots: 0x00007fb6e84160e0 points into unknown readable memory: 0x0000000000000000 | 00 00 00 00 00 00 00 00
stack at sp + 1 slots: 0x00007fb600000002 is an unknown value
stack at sp + 2 slots: 0x0 is NULL
stack at sp + 3 slots: 0x0 is NULL
stack at sp + 4 slots: 0x0 is NULL
stack at sp + 5 slots: 0x0 is NULL
stack at sp + 6 slots: 0x0 is NULL
stack at sp + 7 slots: 0x0 is NULL


---------------  P R O C E S S  ---------------

Threads class SMR info:
_java_thread_list=0x00007fb6e8418df0, length=11, elements={
0x00007fb6e8025930, 0x00007fb6e81243c0, 0x00007fb6e8125940, 0x00007fb6e812b2e0,
0x00007fb6e812c830, 0x00007fb6e812dd50, 0x00007fb6e812f3f0, 0x00007fb6e8138970,
0x00007fb6e8145210, 0x00007fb6e8415b20, 0x00007fb6e84179f0
}

Java Threads: ( => current thread )
  0x00007fb6e8025930 JavaThread "main" [_thread_in_Java, id=44127, stack(0x00007fb6ed14a000,0x00007fb6ed24b000)]
  0x00007fb6e81243c0 JavaThread "Reference Handler" daemon [_thread_blocked, id=44137, stack(0x00007fb6cc5b2000,0x00007fb6cc6b3000)]
  0x00007fb6e8125940 JavaThread "Finalizer" daemon [_thread_blocked, id=44138, stack(0x00007fb6cc4b1000,0x00007fb6cc5b2000)]
  0x00007fb6e812b2e0 JavaThread "Signal Dispatcher" daemon [_thread_blocked, id=44139, stack(0x00007fb6cc3b0000,0x00007fb6cc4b1000)]
  0x00007fb6e812c830 JavaThread "Service Thread" daemon [_thread_blocked, id=44140, stack(0x00007fb6cc2af000,0x00007fb6cc3b0000)]
  0x00007fb6e812dd50 JavaThread "Monitor Deflation Thread" daemon [_thread_blocked, id=44141, stack(0x00007fb6cc1ae000,0x00007fb6cc2af000)]
  0x00007fb6e812f3f0 JavaThread "C1 CompilerThread0" daemon [_thread_blocked, id=44142, stack(0x00007fb6cc0ad000,0x00007fb6cc1ae000)]
  0x00007fb6e8138970 JavaThread "Sweeper thread" daemon [_thread_blocked, id=44143, stack(0x00007fb6bcf11000,0x00007fb6bd012000)]
  0x00007fb6e8145210 JavaThread "Common-Cleaner" daemon [_thread_blocked, id=44146, stack(0x00007fb6bce10000,0x00007fb6bcf11000)]
=>0x00007fb6e8415b20 JavaThread "Monitor Ctrl-Break" daemon [_thread_in_vm, id=44147, stack(0x00007fb6bcd0f000,0x00007fb6bce10000)]
  0x00007fb6e84179f0 JavaThread "Notification Thread" daemon [_thread_blocked, id=44148, stack(0x00007fb6bcc0e000,0x00007fb6bcd0f000)]

Other Threads:
  0x00007fb6e8121de0 VMThread "VM Thread" [stack: 0x00007fb6cc6b5000,0x00007fb6cc7b5000] [id=44136]
  0x00007fb6e8064140 GCTaskThread "GC Thread#0" [stack: 0x00007fb6ec1a6000,0x00007fb6ec2a6000] [id=44131]
  0x00007fb6e8074cb0 ConcurrentGCThread "G1 Main Marker" [stack: 0x00007fb6ec0a4000,0x00007fb6ec1a4000] [id=44132]
  0x00007fb6e8075d40 ConcurrentGCThread "G1 Conc#0" [stack: 0x00007fb6cd244000,0x00007fb6cd344000] [id=44133]
  0x00007fb6e80eb200 ConcurrentGCThread "G1 Refine#0" [stack: 0x00007fb6cc93a000,0x00007fb6cca3a000] [id=44134]
  0x00007fb6e80ec220 ConcurrentGCThread "G1 Service" [stack: 0x00007fb6cc838000,0x00007fb6cc938000] [id=44135]

Threads with active compile tasks:
C1 CompilerThread0      245  329       1       java.lang.StringLatin1::replace (198 bytes)

VM state: not at safepoint (normal execution)

VM Mutex/Monitor currently owned by a thread: None

Heap address: 0x0000000086000000, size: 1952 MB, Compressed Oops mode: 32-bit

CDS archive(s) mapped at: [0x0000000800000000-0x0000000800bc1000-0x0000000800bc1000), size 12324864, SharedBaseAddress: 0x0000000800000000, ArchiveRelocationMode: 0.
Compressed class space mapped at: 0x0000000800c00000-0x0000000840c00000, reserved size: 1073741824
Narrow klass base: 0x0000000800000000, Narrow klass shift: 3, Narrow klass range: 0x100000000

GC Precious Log:
 CPUs: 8 total, 8 available
 Memory: 7805M
 Large Page Support: Disabled
 NUMA Support: Disabled
 Compressed Oops: Enabled (32-bit)
 Heap Region Size: 1M
 Heap Min Capacity: 8M
 Heap Initial Capacity: 122M
 Heap Max Capacity: 1952M
 Pre-touch: Disabled
 Parallel Workers: 8
 Concurrent Workers: 2
 Concurrent Refinement Workers: 8
 Periodic GC: Disabled

Heap:
 garbage-first heap   total 126976K, used 6100K [0x0000000086000000, 0x0000000100000000)
  region size 1024K, 6 young (6144K), 0 survivors (0K)
 Metaspace       used 1300K, committed 1472K, reserved 1056768K
  class space    used 119K, committed 192K, reserved 1048576K

Heap Regions: E=young(eden), S=young(survivor), O=old, HS=humongous(starts), HC=humongous(continues), CS=collection set, F=free, OA=open archive, CA=closed archive, TAMS=top-at-mark-start (previous, next)
|   0|0x0000000086000000, 0x0000000086100000, 0x0000000086100000|100%|HS|  |TAMS 0x0000000086000000, 0x0000000086000000| Complete 
|   1|0x0000000086100000, 0x0000000086100000, 0x0000000086200000|  0%| F|  |TAMS 0x0000000086100000, 0x0000000086100000| Untracked 
|   2|0x0000000086200000, 0x0000000086200000, 0x0000000086300000|  0%| F|  |TAMS 0x0000000086200000, 0x0000000086200000| Untracked 
|   3|0x0000000086300000, 0x0000000086300000, 0x0000000086400000|  0%| F|  |TAMS 0x0000000086300000, 0x0000000086300000| Untracked 
|   4|0x0000000086400000, 0x0000000086400000, 0x0000000086500000|  0%| F|  |TAMS 0x0000000086400000, 0x0000000086400000| Untracked 
|   5|0x0000000086500000, 0x0000000086500000, 0x0000000086600000|  0%| F|  |TAMS 0x0000000086500000, 0x0000000086500000| Untracked 
|   6|0x0000000086600000, 0x0000000086600000, 0x0000000086700000|  0%| F|  |TAMS 0x0000000086600000, 0x0000000086600000| Untracked 
|   7|0x0000000086700000, 0x0000000086700000, 0x0000000086800000|  0%| F|  |TAMS 0x0000000086700000, 0x0000000086700000| Untracked 
|   8|0x0000000086800000, 0x0000000086800000, 0x0000000086900000|  0%| F|  |TAMS 0x0000000086800000, 0x0000000086800000| Untracked 
|   9|0x0000000086900000, 0x0000000086900000, 0x0000000086a00000|  0%| F|  |TAMS 0x0000000086900000, 0x0000000086900000| Untracked 
|  10|0x0000000086a00000, 0x0000000086a00000, 0x0000000086b00000|  0%| F|  |TAMS 0x0000000086a00000, 0x0000000086a00000| Untracked 
|  11|0x0000000086b00000, 0x0000000086b00000, 0x0000000086c00000|  0%| F|  |TAMS 0x0000000086b00000, 0x0000000086b00000| Untracked 
|  12|0x0000000086c00000, 0x0000000086c00000, 0x0000000086d00000|  0%| F|  |TAMS 0x0000000086c00000, 0x0000000086c00000| Untracked 
|  13|0x0000000086d00000, 0x0000000086d00000, 0x0000000086e00000|  0%| F|  |TAMS 0x0000000086d00000, 0x0000000086d00000| Untracked 
|  14|0x0000000086e00000, 0x0000000086e00000, 0x0000000086f00000|  0%| F|  |TAMS 0x0000000086e00000, 0x0000000086e00000| Untracked 
|  15|0x0000000086f00000, 0x0000000086f00000, 0x0000000087000000|  0%| F|  |TAMS 0x0000000086f00000, 0x0000000086f00000| Untracked 
|  16|0x0000000087000000, 0x0000000087000000, 0x0000000087100000|  0%| F|  |TAMS 0x0000000087000000, 0x0000000087000000| Untracked 
|  17|0x0000000087100000, 0x0000000087100000, 0x0000000087200000|  0%| F|  |TAMS 0x0000000087100000, 0x0000000087100000| Untracked 
|  18|0x0000000087200000, 0x0000000087200000, 0x0000000087300000|  0%| F|  |TAMS 0x0000000087200000, 0x0000000087200000| Untracked 
|  19|0x0000000087300000, 0x0000000087300000, 0x0000000087400000|  0%| F|  |TAMS 0x0000000087300000, 0x0000000087300000| Untracked 
|  20|0x0000000087400000, 0x0000000087400000, 0x0000000087500000|  0%| F|  |TAMS 0x0000000087400000, 0x0000000087400000| Untracked 
|  21|0x0000000087500000, 0x0000000087500000, 0x0000000087600000|  0%| F|  |TAMS 0x0000000087500000, 0x0000000087500000| Untracked 
|  22|0x0000000087600000, 0x0000000087600000, 0x0000000087700000|  0%| F|  |TAMS 0x0000000087600000, 0x0000000087600000| Untracked 
|  23|0x0000000087700000, 0x0000000087700000, 0x0000000087800000|  0%| F|  |TAMS 0x0000000087700000, 0x0000000087700000| Untracked 
|  24|0x0000000087800000, 0x0000000087800000, 0x0000000087900000|  0%| F|  |TAMS 0x0000000087800000, 0x0000000087800000| Untracked 
|  25|0x0000000087900000, 0x0000000087900000, 0x0000000087a00000|  0%| F|  |TAMS 0x0000000087900000, 0x0000000087900000| Untracked 
|  26|0x0000000087a00000, 0x0000000087a00000, 0x0000000087b00000|  0%| F|  |TAMS 0x0000000087a00000, 0x0000000087a00000| Untracked 
|  27|0x0000000087b00000, 0x0000000087b00000, 0x0000000087c00000|  0%| F|  |TAMS 0x0000000087b00000, 0x0000000087b00000| Untracked 
|  28|0x0000000087c00000, 0x0000000087c00000, 0x0000000087d00000|  0%| F|  |TAMS 0x0000000087c00000, 0x0000000087c00000| Untracked 
|  29|0x0000000087d00000, 0x0000000087d00000, 0x0000000087e00000|  0%| F|  |TAMS 0x0000000087d00000, 0x0000000087d00000| Untracked 
|  30|0x0000000087e00000, 0x0000000087e00000, 0x0000000087f00000|  0%| F|  |TAMS 0x0000000087e00000, 0x0000000087e00000| Untracked 
|  31|0x0000000087f00000, 0x0000000087f00000, 0x0000000088000000|  0%| F|  |TAMS 0x0000000087f00000, 0x0000000087f00000| Untracked 
|  32|0x0000000088000000, 0x0000000088000000, 0x0000000088100000|  0%| F|  |TAMS 0x0000000088000000, 0x0000000088000000| Untracked 
|  33|0x0000000088100000, 0x0000000088100000, 0x0000000088200000|  0%| F|  |TAMS 0x0000000088100000, 0x0000000088100000| Untracked 
|  34|0x0000000088200000, 0x0000000088200000, 0x0000000088300000|  0%| F|  |TAMS 0x0000000088200000, 0x0000000088200000| Untracked 
|  35|0x0000000088300000, 0x0000000088300000, 0x0000000088400000|  0%| F|  |TAMS 0x0000000088300000, 0x0000000088300000| Untracked 
|  36|0x0000000088400000, 0x0000000088400000, 0x0000000088500000|  0%| F|  |TAMS 0x0000000088400000, 0x0000000088400000| Untracked 
|  37|0x0000000088500000, 0x0000000088500000, 0x0000000088600000|  0%| F|  |TAMS 0x0000000088500000, 0x0000000088500000| Untracked 
|  38|0x0000000088600000, 0x0000000088600000, 0x0000000088700000|  0%| F|  |TAMS 0x0000000088600000, 0x0000000088600000| Untracked 
|  39|0x0000000088700000, 0x0000000088700000, 0x0000000088800000|  0%| F|  |TAMS 0x0000000088700000, 0x0000000088700000| Untracked 
|  40|0x0000000088800000, 0x0000000088800000, 0x0000000088900000|  0%| F|  |TAMS 0x0000000088800000, 0x0000000088800000| Untracked 
|  41|0x0000000088900000, 0x0000000088900000, 0x0000000088a00000|  0%| F|  |TAMS 0x0000000088900000, 0x0000000088900000| Untracked 
|  42|0x0000000088a00000, 0x0000000088a00000, 0x0000000088b00000|  0%| F|  |TAMS 0x0000000088a00000, 0x0000000088a00000| Untracked 
|  43|0x0000000088b00000, 0x0000000088b00000, 0x0000000088c00000|  0%| F|  |TAMS 0x0000000088b00000, 0x0000000088b00000| Untracked 
|  44|0x0000000088c00000, 0x0000000088c00000, 0x0000000088d00000|  0%| F|  |TAMS 0x0000000088c00000, 0x0000000088c00000| Untracked 
|  45|0x0000000088d00000, 0x0000000088d00000, 0x0000000088e00000|  0%| F|  |TAMS 0x0000000088d00000, 0x0000000088d00000| Untracked 
|  46|0x0000000088e00000, 0x0000000088e00000, 0x0000000088f00000|  0%| F|  |TAMS 0x0000000088e00000, 0x0000000088e00000| Untracked 
|  47|0x0000000088f00000, 0x0000000088f00000, 0x0000000089000000|  0%| F|  |TAMS 0x0000000088f00000, 0x0000000088f00000| Untracked 
|  48|0x0000000089000000, 0x0000000089000000, 0x0000000089100000|  0%| F|  |TAMS 0x0000000089000000, 0x0000000089000000| Untracked 
|  49|0x0000000089100000, 0x0000000089100000, 0x0000000089200000|  0%| F|  |TAMS 0x0000000089100000, 0x0000000089100000| Untracked 
|  50|0x0000000089200000, 0x0000000089200000, 0x0000000089300000|  0%| F|  |TAMS 0x0000000089200000, 0x0000000089200000| Untracked 
|  51|0x0000000089300000, 0x0000000089300000, 0x0000000089400000|  0%| F|  |TAMS 0x0000000089300000, 0x0000000089300000| Untracked 
|  52|0x0000000089400000, 0x0000000089400000, 0x0000000089500000|  0%| F|  |TAMS 0x0000000089400000, 0x0000000089400000| Untracked 
|  53|0x0000000089500000, 0x0000000089500000, 0x0000000089600000|  0%| F|  |TAMS 0x0000000089500000, 0x0000000089500000| Untracked 
|  54|0x0000000089600000, 0x0000000089600000, 0x0000000089700000|  0%| F|  |TAMS 0x0000000089600000, 0x0000000089600000| Untracked 
|  55|0x0000000089700000, 0x0000000089700000, 0x0000000089800000|  0%| F|  |TAMS 0x0000000089700000, 0x0000000089700000| Untracked 
|  56|0x0000000089800000, 0x0000000089800000, 0x0000000089900000|  0%| F|  |TAMS 0x0000000089800000, 0x0000000089800000| Untracked 
|  57|0x0000000089900000, 0x0000000089900000, 0x0000000089a00000|  0%| F|  |TAMS 0x0000000089900000, 0x0000000089900000| Untracked 
|  58|0x0000000089a00000, 0x0000000089a00000, 0x0000000089b00000|  0%| F|  |TAMS 0x0000000089a00000, 0x0000000089a00000| Untracked 
|  59|0x0000000089b00000, 0x0000000089b00000, 0x0000000089c00000|  0%| F|  |TAMS 0x0000000089b00000, 0x0000000089b00000| Untracked 
|  60|0x0000000089c00000, 0x0000000089c00000, 0x0000000089d00000|  0%| F|  |TAMS 0x0000000089c00000, 0x0000000089c00000| Untracked 
|  61|0x0000000089d00000, 0x0000000089d00000, 0x0000000089e00000|  0%| F|  |TAMS 0x0000000089d00000, 0x0000000089d00000| Untracked 
|  62|0x0000000089e00000, 0x0000000089e00000, 0x0000000089f00000|  0%| F|  |TAMS 0x0000000089e00000, 0x0000000089e00000| Untracked 
|  63|0x0000000089f00000, 0x0000000089f00000, 0x000000008a000000|  0%| F|  |TAMS 0x0000000089f00000, 0x0000000089f00000| Untracked 
|  64|0x000000008a000000, 0x000000008a000000, 0x000000008a100000|  0%| F|  |TAMS 0x000000008a000000, 0x000000008a000000| Untracked 
|  65|0x000000008a100000, 0x000000008a100000, 0x000000008a200000|  0%| F|  |TAMS 0x000000008a100000, 0x000000008a100000| Untracked 
|  66|0x000000008a200000, 0x000000008a200000, 0x000000008a300000|  0%| F|  |TAMS 0x000000008a200000, 0x000000008a200000| Untracked 
|  67|0x000000008a300000, 0x000000008a300000, 0x000000008a400000|  0%| F|  |TAMS 0x000000008a300000, 0x000000008a300000| Untracked 
|  68|0x000000008a400000, 0x000000008a400000, 0x000000008a500000|  0%| F|  |TAMS 0x000000008a400000, 0x000000008a400000| Untracked 
|  69|0x000000008a500000, 0x000000008a500000, 0x000000008a600000|  0%| F|  |TAMS 0x000000008a500000, 0x000000008a500000| Untracked 
|  70|0x000000008a600000, 0x000000008a600000, 0x000000008a700000|  0%| F|  |TAMS 0x000000008a600000, 0x000000008a600000| Untracked 
|  71|0x000000008a700000, 0x000000008a700000, 0x000000008a800000|  0%| F|  |TAMS 0x000000008a700000, 0x000000008a700000| Untracked 
|  72|0x000000008a800000, 0x000000008a800000, 0x000000008a900000|  0%| F|  |TAMS 0x000000008a800000, 0x000000008a800000| Untracked 
|  73|0x000000008a900000, 0x000000008a900000, 0x000000008aa00000|  0%| F|  |TAMS 0x000000008a900000, 0x000000008a900000| Untracked 
|  74|0x000000008aa00000, 0x000000008aa00000, 0x000000008ab00000|  0%| F|  |TAMS 0x000000008aa00000, 0x000000008aa00000| Untracked 
|  75|0x000000008ab00000, 0x000000008ab00000, 0x000000008ac00000|  0%| F|  |TAMS 0x000000008ab00000, 0x000000008ab00000| Untracked 
|  76|0x000000008ac00000, 0x000000008ac00000, 0x000000008ad00000|  0%| F|  |TAMS 0x000000008ac00000, 0x000000008ac00000| Untracked 
|  77|0x000000008ad00000, 0x000000008ad00000, 0x000000008ae00000|  0%| F|  |TAMS 0x000000008ad00000, 0x000000008ad00000| Untracked 
|  78|0x000000008ae00000, 0x000000008ae00000, 0x000000008af00000|  0%| F|  |TAMS 0x000000008ae00000, 0x000000008ae00000| Untracked 
|  79|0x000000008af00000, 0x000000008af00000, 0x000000008b000000|  0%| F|  |TAMS 0x000000008af00000, 0x000000008af00000| Untracked 
|  80|0x000000008b000000, 0x000000008b000000, 0x000000008b100000|  0%| F|  |TAMS 0x000000008b000000, 0x000000008b000000| Untracked 
|  81|0x000000008b100000, 0x000000008b100000, 0x000000008b200000|  0%| F|  |TAMS 0x000000008b100000, 0x000000008b100000| Untracked 
|  82|0x000000008b200000, 0x000000008b200000, 0x000000008b300000|  0%| F|  |TAMS 0x000000008b200000, 0x000000008b200000| Untracked 
|  83|0x000000008b300000, 0x000000008b300000, 0x000000008b400000|  0%| F|  |TAMS 0x000000008b300000, 0x000000008b300000| Untracked 
|  84|0x000000008b400000, 0x000000008b400000, 0x000000008b500000|  0%| F|  |TAMS 0x000000008b400000, 0x000000008b400000| Untracked 
|  85|0x000000008b500000, 0x000000008b500000, 0x000000008b600000|  0%| F|  |TAMS 0x000000008b500000, 0x000000008b500000| Untracked 
|  86|0x000000008b600000, 0x000000008b600000, 0x000000008b700000|  0%| F|  |TAMS 0x000000008b600000, 0x000000008b600000| Untracked 
|  87|0x000000008b700000, 0x000000008b700000, 0x000000008b800000|  0%| F|  |TAMS 0x000000008b700000, 0x000000008b700000| Untracked 
|  88|0x000000008b800000, 0x000000008b800000, 0x000000008b900000|  0%| F|  |TAMS 0x000000008b800000, 0x000000008b800000| Untracked 
|  89|0x000000008b900000, 0x000000008b900000, 0x000000008ba00000|  0%| F|  |TAMS 0x000000008b900000, 0x000000008b900000| Untracked 
|  90|0x000000008ba00000, 0x000000008ba00000, 0x000000008bb00000|  0%| F|  |TAMS 0x000000008ba00000, 0x000000008ba00000| Untracked 
|  91|0x000000008bb00000, 0x000000008bb00000, 0x000000008bc00000|  0%| F|  |TAMS 0x000000008bb00000, 0x000000008bb00000| Untracked 
|  92|0x000000008bc00000, 0x000000008bc00000, 0x000000008bd00000|  0%| F|  |TAMS 0x000000008bc00000, 0x000000008bc00000| Untracked 
|  93|0x000000008bd00000, 0x000000008bd00000, 0x000000008be00000|  0%| F|  |TAMS 0x000000008bd00000, 0x000000008bd00000| Untracked 
|  94|0x000000008be00000, 0x000000008be00000, 0x000000008bf00000|  0%| F|  |TAMS 0x000000008be00000, 0x000000008be00000| Untracked 
|  95|0x000000008bf00000, 0x000000008bf00000, 0x000000008c000000|  0%| F|  |TAMS 0x000000008bf00000, 0x000000008bf00000| Untracked 
|  96|0x000000008c000000, 0x000000008c000000, 0x000000008c100000|  0%| F|  |TAMS 0x000000008c000000, 0x000000008c000000| Untracked 
|  97|0x000000008c100000, 0x000000008c100000, 0x000000008c200000|  0%| F|  |TAMS 0x000000008c100000, 0x000000008c100000| Untracked 
|  98|0x000000008c200000, 0x000000008c200000, 0x000000008c300000|  0%| F|  |TAMS 0x000000008c200000, 0x000000008c200000| Untracked 
|  99|0x000000008c300000, 0x000000008c300000, 0x000000008c400000|  0%| F|  |TAMS 0x000000008c300000, 0x000000008c300000| Untracked 
| 100|0x000000008c400000, 0x000000008c400000, 0x000000008c500000|  0%| F|  |TAMS 0x000000008c400000, 0x000000008c400000| Untracked 
| 101|0x000000008c500000, 0x000000008c500000, 0x000000008c600000|  0%| F|  |TAMS 0x000000008c500000, 0x000000008c500000| Untracked 
| 102|0x000000008c600000, 0x000000008c600000, 0x000000008c700000|  0%| F|  |TAMS 0x000000008c600000, 0x000000008c600000| Untracked 
| 103|0x000000008c700000, 0x000000008c700000, 0x000000008c800000|  0%| F|  |TAMS 0x000000008c700000, 0x000000008c700000| Untracked 
| 104|0x000000008c800000, 0x000000008c800000, 0x000000008c900000|  0%| F|  |TAMS 0x000000008c800000, 0x000000008c800000| Untracked 
| 105|0x000000008c900000, 0x000000008c900000, 0x000000008ca00000|  0%| F|  |TAMS 0x000000008c900000, 0x000000008c900000| Untracked 
| 106|0x000000008ca00000, 0x000000008ca00000, 0x000000008cb00000|  0%| F|  |TAMS 0x000000008ca00000, 0x000000008ca00000| Untracked 
| 107|0x000000008cb00000, 0x000000008cb00000, 0x000000008cc00000|  0%| F|  |TAMS 0x000000008cb00000, 0x000000008cb00000| Untracked 
| 108|0x000000008cc00000, 0x000000008cc00000, 0x000000008cd00000|  0%| F|  |TAMS 0x000000008cc00000, 0x000000008cc00000| Untracked 
| 109|0x000000008cd00000, 0x000000008cd00000, 0x000000008ce00000|  0%| F|  |TAMS 0x000000008cd00000, 0x000000008cd00000| Untracked 
| 110|0x000000008ce00000, 0x000000008ce00000, 0x000000008cf00000|  0%| F|  |TAMS 0x000000008ce00000, 0x000000008ce00000| Untracked 
| 111|0x000000008cf00000, 0x000000008cf00000, 0x000000008d000000|  0%| F|  |TAMS 0x000000008cf00000, 0x000000008cf00000| Untracked 
| 112|0x000000008d000000, 0x000000008d000000, 0x000000008d100000|  0%| F|  |TAMS 0x000000008d000000, 0x000000008d000000| Untracked 
| 113|0x000000008d100000, 0x000000008d100000, 0x000000008d200000|  0%| F|  |TAMS 0x000000008d100000, 0x000000008d100000| Untracked 
| 114|0x000000008d200000, 0x000000008d200000, 0x000000008d300000|  0%| F|  |TAMS 0x000000008d200000, 0x000000008d200000| Untracked 
| 115|0x000000008d300000, 0x000000008d300000, 0x000000008d400000|  0%| F|  |TAMS 0x000000008d300000, 0x000000008d300000| Untracked 
| 116|0x000000008d400000, 0x000000008d500000, 0x000000008d500000|100%| E|  |TAMS 0x000000008d400000, 0x000000008d400000| Complete 
| 117|0x000000008d500000, 0x000000008d600000, 0x000000008d600000|100%| E|CS|TAMS 0x000000008d500000, 0x000000008d500000| Complete 
| 118|0x000000008d600000, 0x000000008d700000, 0x000000008d700000|100%| E|CS|TAMS 0x000000008d600000, 0x000000008d600000| Complete 
| 119|0x000000008d700000, 0x000000008d800000, 0x000000008d800000|100%| E|CS|TAMS 0x000000008d700000, 0x000000008d700000| Complete 
| 120|0x000000008d800000, 0x000000008d900000, 0x000000008d900000|100%| E|  |TAMS 0x000000008d800000, 0x000000008d800000| Complete 
| 121|0x000000008d900000, 0x000000008da00000, 0x000000008da00000|100%| E|CS|TAMS 0x000000008d900000, 0x000000008d900000| Complete 
|1950|0x00000000ffe00000, 0x00000000ffe75000, 0x00000000fff00000| 45%|OA|  |TAMS 0x00000000ffe00000, 0x00000000ffe00000| Untracked 
|1951|0x00000000fff00000, 0x00000000fff80000, 0x0000000100000000| 50%|CA|  |TAMS 0x00000000fff00000, 0x00000000fff00000| Untracked 

Card table byte_map: [0x00007fb6d1414000,0x00007fb6d17e4000] _byte_map_base: 0x00007fb6d0fe4000

Marking Bits (Prev, Next): (CMBitMap*) 0x00007fb6e8064cf0, (CMBitMap*) 0x00007fb6e8064d30
 Prev Bits: [0x00007fb6cf1c4000, 0x00007fb6d1044000)
 Next Bits: [0x00007fb6cd344000, 0x00007fb6cf1c4000)

Polling page: 0x00007fb6ee848000

Metaspace:

Usage:
  Non-class:      1.15 MB used.
      Class:    120.23 KB used.
       Both:      1.27 MB used.

Virtual space:
  Non-class space:        8.00 MB reserved,       1.25 MB ( 16%) committed,  1 nodes.
      Class space:        1.00 GB reserved,     192.00 KB ( <1%) committed,  1 nodes.
              Both:        1.01 GB reserved,       1.44 MB ( <1%) committed. 

Chunk freelists:
   Non-Class:  3.98 MB
       Class:  3.74 MB
        Both:  7.72 MB

MaxMetaspaceSize: 17179869184.00 GB
CompressedClassSpaceSize: 1.00 GB
 - commit_granule_bytes: 65536.
 - commit_granule_words: 8192.
 - virtual_space_node_default_size: 1048576.
 - enlarge_chunks_in_place: 1.
 - new_chunks_are_fully_committed: 0.
 - uncommit_free_chunks: 1.
 - use_allocation_guard: 0.
 - handle_deallocations: 1.


Internal statistics:

num_allocs_failed_limit: 0.
num_arena_births: 18.
num_arena_deaths: 0.
num_vsnodes_births: 2.
num_vsnodes_deaths: 0.
num_space_committed: 23.
num_space_uncommitted: 0.
num_chunks_returned_to_freelist: 0.
num_chunks_taken_from_freelist: 21.
num_chunk_merges: 0.
num_chunk_splits: 12.
num_chunks_enlarged: 7.
num_purges: 0.

CodeHeap 'non-profiled nmethods': size=238384Kb used=385Kb max_used=385Kb free=237998Kb
 bounds [0x00007fb6d1f18000, 0x00007fb6d2188000, 0x00007fb6e07e4000]
CodeHeap 'non-nmethods': size=7376Kb used=1118Kb max_used=1118Kb free=6257Kb
 bounds [0x00007fb6d17e4000, 0x00007fb6d1a54000, 0x00007fb6d1f18000]
 total_blobs=728 nmethods=329 adapters=328
 compilation: enabled
              stopped_count=0, restarted_count=0
 full_count=0

Compilation events (20 events):
Event: 0.206 Thread 0x00007fb6e812f3f0 nmethod 273 0x00007fb6d1f63b10 code [0x00007fb6d1f63ca0, 0x00007fb6d1f63db0]
Event: 0.206 Thread 0x00007fb6e812f3f0  274       1       jdk.internal.org.objectweb.asm.ByteVector::putUTF8 (144 bytes)
Event: 0.207 Thread 0x00007fb6e812f3f0 nmethod 274 0x00007fb6d1f63e90 code [0x00007fb6d1f640a0, 0x00007fb6d1f64580]
Event: 0.207 Thread 0x00007fb6e812f3f0  275       1       jdk.internal.org.objectweb.asm.SymbolTable::hash (10 bytes)
Event: 0.207 Thread 0x00007fb6e812f3f0 nmethod 275 0x00007fb6d1f64910 code [0x00007fb6d1f64aa0, 0x00007fb6d1f64b60]
Event: 0.207 Thread 0x00007fb6e812f3f0  277       1       java.nio.Buffer::hasRemaining (17 bytes)
Event: 0.207 Thread 0x00007fb6e812f3f0 nmethod 277 0x00007fb6d1f64c10 code [0x00007fb6d1f64da0, 0x00007fb6d1f64e70]
Event: 0.207 Thread 0x00007fb6e812f3f0  276       1       java.lang.Class::getModule (5 bytes)
Event: 0.208 Thread 0x00007fb6e812f3f0 nmethod 276 0x00007fb6d1f64f10 code [0x00007fb6d1f650a0, 0x00007fb6d1f65170]
Event: 0.208 Thread 0x00007fb6e812f3f0  278       1       java.nio.ByteBuffer::position (8 bytes)
Event: 0.208 Thread 0x00007fb6e812f3f0 nmethod 278 0x00007fb6d1f65210 code [0x00007fb6d1f653a0, 0x00007fb6d1f65480]
Event: 0.208 Thread 0x00007fb6e812f3f0  279   !   1       java.nio.DirectByteBuffer::get (33 bytes)
Event: 0.208 Thread 0x00007fb6e812f3f0 nmethod 279 0x00007fb6d1f65910 code [0x00007fb6d1f65b00, 0x00007fb6d1f65e30]
Event: 0.208 Thread 0x00007fb6e812f3f0  280       1       java.nio.Buffer::nextGetIndex (30 bytes)
Event: 0.209 Thread 0x00007fb6e812f3f0 nmethod 280 0x00007fb6d1f66190 code [0x00007fb6d1f66340, 0x00007fb6d1f66460]
Event: 0.209 Thread 0x00007fb6e812f3f0  281       1       java.nio.DirectByteBuffer::ix (10 bytes)
Event: 0.209 Thread 0x00007fb6e812f3f0 nmethod 281 0x00007fb6d1f66510 code [0x00007fb6d1f666a0, 0x00007fb6d1f66770]
Event: 0.209 Thread 0x00007fb6e812f3f0  282   !   1       jdk.internal.misc.ScopedMemoryAccess::getByte (20 bytes)
Event: 0.209 Thread 0x00007fb6e812f3f0 nmethod 282 0x00007fb6d1f66810 code [0x00007fb6d1f669e0, 0x00007fb6d1f66bd0]
Event: 0.209 Thread 0x00007fb6e812f3f0  285       1       jdk.internal.jimage.ImageStringsReader::unmaskedHashCode (173 bytes)

GC Heap History (0 events):
No events

Deoptimization events (0 events):
No events

Classes unloaded (0 events):
No events

Classes redefined (0 events):
No events

Internal exceptions (3 events):
Event: 0.203 Thread 0x00007fb6e8025930 Exception <a 'java/lang/NoSuchMethodError'{0x000000008d4342d0}: 'void java.lang.invoke.DirectMethodHandle$Holder.invokeSpecial(java.lang.Object, java.lang.Object, java.lang.Object)'> (0x000000008d4342d0) 
thrown [open/src/hotspot/share/interpreter/linkResolver.cpp, line 789]
Event: 0.205 Thread 0x00007fb6e8415b20 Exception <a 'java/lang/NoSuchMethodError'{0x000000008d498f70}: 'java.lang.Object java.lang.invoke.DirectMethodHandle$Holder.invokeStatic(java.lang.Object)'> (0x000000008d498f70) 
thrown [open/src/hotspot/share/interpreter/linkResolver.cpp, line 789]
Event: 0.205 Thread 0x00007fb6e8415b20 Exception <a 'java/lang/NoSuchMethodError'{0x000000008d49c678}: 'java.lang.Object java.lang.invoke.DirectMethodHandle$Holder.invokeStaticInit(java.lang.Object)'> (0x000000008d49c678) 
thrown [open/src/hotspot/share/interpreter/linkResolver.cpp, line 789]

Events (20 events):
Event: 0.206 Loaded shared library /home/cheikh/.jdks/openjdk-16.0.1/lib/libjimage.so
Event: 0.207 loading class jdk/internal/jimage/ImageLocation
Event: 0.207 loading class sun/net/NetProperties
Event: 0.207 loading class sun/net/NetProperties done
Event: 0.207 loading class jdk/internal/jimage/ImageLocation done
Event: 0.207 loading class sun/net/NetProperties$1
Event: 0.207 loading class sun/net/NetProperties$1 done
Event: 0.208 loading class sun/nio/ch/NioSocketImpl
Event: 0.208 loading class sun/net/PlatformSocketImpl
Event: 0.208 loading class sun/net/PlatformSocketImpl done
Event: 0.208 loading class sun/nio/ch/NioSocketImpl done
Event: 0.208 loading class sun/nio/ch/SocketDispatcher
Event: 0.208 loading class sun/nio/ch/NativeDispatcher
Event: 0.208 loading class sun/nio/ch/NativeDispatcher done
Event: 0.208 loading class sun/nio/ch/SocketDispatcher done
Event: 0.208 loading class sun/nio/ch/IOUtil
Event: 0.208 loading class sun/nio/ch/IOUtil done
Event: 0.209 loading class java/net/SocksSocketImpl
Event: 0.209 loading class java/net/SocksConsts
Event: 0.209 loading class java/net/SocksConsts done


Dynamic libraries:
86000000-8da00000 rw-p 00000000 00:00 0 
8da00000-ffe00000 ---p 00000000 00:00 0 
ffe00000-ffe75000 rw-p 00c79000 103:07 142323                            /home/cheikh/.jdks/openjdk-16.0.1/lib/server/classes.jsa
ffe75000-fff00000 rw-p 00000000 00:00 0 
fff00000-fff80000 rw-p 00bf9000 103:07 142323                            /home/cheikh/.jdks/openjdk-16.0.1/lib/server/classes.jsa
fff80000-100000000 rw-p 00000000 00:00 0 
800000000-800003000 rwxp 00001000 103:07 142323                          /home/cheikh/.jdks/openjdk-16.0.1/lib/server/classes.jsa
800003000-800411000 rw-p 00004000 103:07 142323                          /home/cheikh/.jdks/openjdk-16.0.1/lib/server/classes.jsa
800411000-800bc1000 r--p 00412000 103:07 142323                          /home/cheikh/.jdks/openjdk-16.0.1/lib/server/classes.jsa
800bc1000-800c00000 ---p 00000000 00:00 0 
800c00000-800c10000 rw-p 00000000 00:00 0 
800c10000-800c40000 ---p 00000000 00:00 0 
800c40000-800c60000 rw-p 00000000 00:00 0 
800c60000-840c00000 ---p 00000000 00:00 0 
56128cfae000-56128cfaf000 r-xp 00000000 103:07 5120862                   /home/cheikh/.jdks/openjdk-16.0.1/bin/java
56128cfb0000-56128cfb1000 r--p 00001000 103:07 5120862                   /home/cheikh/.jdks/openjdk-16.0.1/bin/java
56128cfb1000-56128cfb2000 rw-p 00002000 103:07 5120862                   /home/cheikh/.jdks/openjdk-16.0.1/bin/java
56128db3f000-56128db60000 rw-p 00000000 00:00 0                          [heap]
7fb688000000-7fb688021000 rw-p 00000000 00:00 0 
7fb688021000-7fb68c000000 ---p 00000000 00:00 0 
7fb68c000000-7fb68c021000 rw-p 00000000 00:00 0 
7fb68c021000-7fb690000000 ---p 00000000 00:00 0 
7fb690000000-7fb690021000 rw-p 00000000 00:00 0 
7fb690021000-7fb694000000 ---p 00000000 00:00 0 
7fb694000000-7fb694021000 rw-p 00000000 00:00 0 
7fb694021000-7fb698000000 ---p 00000000 00:00 0 
7fb698000000-7fb698021000 rw-p 00000000 00:00 0 
7fb698021000-7fb69c000000 ---p 00000000 00:00 0 
7fb69c000000-7fb69c0ee000 rw-p 00000000 00:00 0 
7fb69c0ee000-7fb6a0000000 ---p 00000000 00:00 0 
7fb6a0000000-7fb6a0021000 rw-p 00000000 00:00 0 
7fb6a0021000-7fb6a4000000 ---p 00000000 00:00 0 
7fb6a4000000-7fb6a4021000 rw-p 00000000 00:00 0 
7fb6a4021000-7fb6a8000000 ---p 00000000 00:00 0 
7fb6a8000000-7fb6a8021000 rw-p 00000000 00:00 0 
7fb6a8021000-7fb6ac000000 ---p 00000000 00:00 0 
7fb6ac000000-7fb6ac021000 rw-p 00000000 00:00 0 
7fb6ac021000-7fb6b0000000 ---p 00000000 00:00 0 
7fb6b0000000-7fb6b0021000 rw-p 00000000 00:00 0 
7fb6b0021000-7fb6b4000000 ---p 00000000 00:00 0 
7fb6b4000000-7fb6b4021000 rw-p 00000000 00:00 0 
7fb6b4021000-7fb6b8000000 ---p 00000000 00:00 0 
7fb6b8000000-7fb6b8021000 rw-p 00000000 00:00 0 
7fb6b8021000-7fb6bc000000 ---p 00000000 00:00 0 
7fb6bc868000-7fb6bcc0e000 rw-p 00000000 00:00 0 
7fb6bcc0e000-7fb6bcc12000 ---p 00000000 00:00 0 
7fb6bcc12000-7fb6bcd0f000 rw-p 00000000 00:00 0 
7fb6bcd0f000-7fb6bcd13000 ---p 00000000 00:00 0 
7fb6bcd13000-7fb6bce10000 rw-p 00000000 00:00 0 
7fb6bce10000-7fb6bce14000 ---p 00000000 00:00 0 
7fb6bce14000-7fb6bcf11000 rw-p 00000000 00:00 0 
7fb6bcf11000-7fb6bcf15000 ---p 00000000 00:00 0 
7fb6bcf15000-7fb6bd012000 rw-p 00000000 00:00 0 
7fb6bd012000-7fb6bd800000 r--p 00000000 103:07 3933017                   /usr/lib/locale/locale-archive
7fb6bd800000-7fb6bd930000 rw-p 00000000 00:00 0 
7fb6bd930000-7fb6bdc00000 ---p 00000000 00:00 0 
7fb6bdc00000-7fb6bdc10000 rw-p 00000000 00:00 0 
7fb6bdc10000-7fb6be000000 ---p 00000000 00:00 0 
7fb6be000000-7fb6c0000000 rw-p 00000000 00:00 0 
7fb6c0000000-7fb6c0021000 rw-p 00000000 00:00 0 
7fb6c0021000-7fb6c4000000 ---p 00000000 00:00 0 
7fb6c4000000-7fb6c4021000 rw-p 00000000 00:00 0 
7fb6c4021000-7fb6c8000000 ---p 00000000 00:00 0 
7fb6c8000000-7fb6c8021000 rw-p 00000000 00:00 0 
7fb6c8021000-7fb6cc000000 ---p 00000000 00:00 0 
7fb6cc068000-7fb6cc06f000 r--s 00000000 103:07 4464148                   /usr/lib/x86_64-linux-gnu/gconv/gconv-modules.cache
7fb6cc06f000-7fb6cc074000 r-xp 00000000 103:07 5771492                   /home/cheikh/.jdks/openjdk-16.0.1/lib/libmanagement_ext.so
7fb6cc074000-7fb6cc075000 ---p 00005000 103:07 5771492                   /home/cheikh/.jdks/openjdk-16.0.1/lib/libmanagement_ext.so
7fb6cc075000-7fb6cc076000 r--p 00005000 103:07 5771492                   /home/cheikh/.jdks/openjdk-16.0.1/lib/libmanagement_ext.so
7fb6cc076000-7fb6cc077000 rw-p 00006000 103:07 5771492                   /home/cheikh/.jdks/openjdk-16.0.1/lib/libmanagement_ext.so
7fb6cc077000-7fb6cc08c000 r-xp 00000000 103:07 5771494                   /home/cheikh/.jdks/openjdk-16.0.1/lib/libnet.so
7fb6cc08c000-7fb6cc08d000 r--p 00014000 103:07 5771494                   /home/cheikh/.jdks/openjdk-16.0.1/lib/libnet.so
7fb6cc08d000-7fb6cc08e000 rw-p 00015000 103:07 5771494                   /home/cheikh/.jdks/openjdk-16.0.1/lib/libnet.so
7fb6cc08e000-7fb6cc0a1000 r-xp 00000000 103:07 5771495                   /home/cheikh/.jdks/openjdk-16.0.1/lib/libnio.so
7fb6cc0a1000-7fb6cc0a2000 r--p 00012000 103:07 5771495                   /home/cheikh/.jdks/openjdk-16.0.1/lib/libnio.so
7fb6cc0a2000-7fb6cc0a3000 rw-p 00013000 103:07 5771495                   /home/cheikh/.jdks/openjdk-16.0.1/lib/libnio.so
7fb6cc0a3000-7fb6cc0aa000 r-xp 00000000 103:07 5771502                   /home/cheikh/.jdks/openjdk-16.0.1/lib/libzip.so
7fb6cc0aa000-7fb6cc0ab000 ---p 00007000 103:07 5771502                   /home/cheikh/.jdks/openjdk-16.0.1/lib/libzip.so
7fb6cc0ab000-7fb6cc0ac000 r--p 00007000 103:07 5771502                   /home/cheikh/.jdks/openjdk-16.0.1/lib/libzip.so
7fb6cc0ac000-7fb6cc0ad000 rw-p 00008000 103:07 5771502                   /home/cheikh/.jdks/openjdk-16.0.1/lib/libzip.so
7fb6cc0ad000-7fb6cc0b1000 ---p 00000000 00:00 0 
7fb6cc0b1000-7fb6cc1ae000 rw-p 00000000 00:00 0 
7fb6cc1ae000-7fb6cc1b2000 ---p 00000000 00:00 0 
7fb6cc1b2000-7fb6cc2af000 rw-p 00000000 00:00 0 
7fb6cc2af000-7fb6cc2b3000 ---p 00000000 00:00 0 
7fb6cc2b3000-7fb6cc3b0000 rw-p 00000000 00:00 0 
7fb6cc3b0000-7fb6cc3b4000 ---p 00000000 00:00 0 
7fb6cc3b4000-7fb6cc4b1000 rw-p 00000000 00:00 0 
7fb6cc4b1000-7fb6cc4b5000 ---p 00000000 00:00 0 
7fb6cc4b5000-7fb6cc5b2000 rw-p 00000000 00:00 0 
7fb6cc5b2000-7fb6cc5b6000 ---p 00000000 00:00 0 
7fb6cc5b6000-7fb6cc6b3000 rw-p 00000000 00:00 0 
7fb6cc6b3000-7fb6cc6b4000 ---p 00000000 00:00 0 
7fb6cc6b4000-7fb6cc836000 rw-p 00000000 00:00 0 
7fb6cc836000-7fb6cc837000 ---p 00000000 00:00 0 
7fb6cc837000-7fb6cc938000 rw-p 00000000 00:00 0 
7fb6cc938000-7fb6cc939000 ---p 00000000 00:00 0 
7fb6cc939000-7fb6cd242000 rw-p 00000000 00:00 0 
7fb6cd242000-7fb6cd243000 ---p 00000000 00:00 0 
7fb6cd243000-7fb6cd52c000 rw-p 00000000 00:00 0 
7fb6cd52c000-7fb6cf1bc000 ---p 00000000 00:00 0 
7fb6cf1bc000-7fb6cf3ac000 rw-p 00000000 00:00 0 
7fb6cf3ac000-7fb6d103c000 ---p 00000000 00:00 0 
7fb6d103c000-7fb6d1081000 rw-p 00000000 00:00 0 
7fb6d1081000-7fb6d1413000 ---p 00000000 00:00 0 
7fb6d1413000-7fb6d1451000 rw-p 00000000 00:00 0 
7fb6d1451000-7fb6d17e3000 ---p 00000000 00:00 0 
7fb6d17e3000-7fb6d17e4000 rw-p 00000000 00:00 0 
7fb6d17e4000-7fb6d1a54000 rwxp 00000000 00:00 0 
7fb6d1a54000-7fb6d1f18000 ---p 00000000 00:00 0 
7fb6d1f18000-7fb6d2188000 rwxp 00000000 00:00 0 
7fb6d2188000-7fb6e07e4000 ---p 00000000 00:00 0 
7fb6e07e4000-7fb6e8000000 r--s 00000000 103:07 5771503                   /home/cheikh/.jdks/openjdk-16.0.1/lib/modules
7fb6e8000000-7fb6e8447000 rw-p 00000000 00:00 0 
7fb6e8447000-7fb6ec000000 ---p 00000000 00:00 0 
7fb6ec006000-7fb6ec0a2000 rw-p 00000000 00:00 0 
7fb6ec0a2000-7fb6ec0a3000 ---p 00000000 00:00 0 
7fb6ec0a3000-7fb6ec1a4000 rw-p 00000000 00:00 0 
7fb6ec1a4000-7fb6ec1a5000 ---p 00000000 00:00 0 
7fb6ec1a5000-7fb6ec361000 rw-p 00000000 00:00 0 
7fb6ec361000-7fb6ec6f3000 ---p 00000000 00:00 0 
7fb6ec6f3000-7fb6ecf01000 rw-p 00000000 00:00 0 
7fb6ecf01000-7fb6ed0ce000 ---p 00000000 00:00 0 
7fb6ed0ce000-7fb6ed0d1000 r--p 00000000 103:07 3934356                   /usr/lib/x86_64-linux-gnu/libnss_files-2.31.so
7fb6ed0d1000-7fb6ed0d8000 r-xp 00003000 103:07 3934356                   /usr/lib/x86_64-linux-gnu/libnss_files-2.31.so
7fb6ed0d8000-7fb6ed0da000 r--p 0000a000 103:07 3934356                   /usr/lib/x86_64-linux-gnu/libnss_files-2.31.so
7fb6ed0da000-7fb6ed0db000 r--p 0000b000 103:07 3934356                   /usr/lib/x86_64-linux-gnu/libnss_files-2.31.so
7fb6ed0db000-7fb6ed0dc000 rw-p 0000c000 103:07 3934356                   /usr/lib/x86_64-linux-gnu/libnss_files-2.31.so
7fb6ed0dc000-7fb6ed0e2000 rw-p 00000000 00:00 0 
7fb6ed0e3000-7fb6ed0e7000 r-xp 00000000 103:07 5771490                   /home/cheikh/.jdks/openjdk-16.0.1/lib/libmanagement.so
7fb6ed0e7000-7fb6ed0e8000 r--p 00003000 103:07 5771490                   /home/cheikh/.jdks/openjdk-16.0.1/lib/libmanagement.so
7fb6ed0e8000-7fb6ed0e9000 rw-p 00004000 103:07 5771490                   /home/cheikh/.jdks/openjdk-16.0.1/lib/libmanagement.so
7fb6ed0e9000-7fb6ed0ee000 rw-p 00000000 00:00 0 
7fb6ed0ee000-7fb6ed0f8000 ---p 00000000 00:00 0 
7fb6ed0f8000-7fb6ed11c000 r-xp 00000000 103:07 5771481                   /home/cheikh/.jdks/openjdk-16.0.1/lib/libjava.so
7fb6ed11c000-7fb6ed11d000 ---p 00024000 103:07 5771481                   /home/cheikh/.jdks/openjdk-16.0.1/lib/libjava.so
7fb6ed11d000-7fb6ed11e000 r--p 00024000 103:07 5771481                   /home/cheikh/.jdks/openjdk-16.0.1/lib/libjava.so
7fb6ed11e000-7fb6ed11f000 rw-p 00025000 103:07 5771481                   /home/cheikh/.jdks/openjdk-16.0.1/lib/libjava.so
7fb6ed11f000-7fb6ed120000 rw-p 00000000 00:00 0 
7fb6ed120000-7fb6ed13b000 r-xp 00000000 103:07 5771485                   /home/cheikh/.jdks/openjdk-16.0.1/lib/libjimage.so
7fb6ed13b000-7fb6ed13c000 ---p 0001b000 103:07 5771485                   /home/cheikh/.jdks/openjdk-16.0.1/lib/libjimage.so
7fb6ed13c000-7fb6ed13e000 r--p 0001b000 103:07 5771485                   /home/cheikh/.jdks/openjdk-16.0.1/lib/libjimage.so
7fb6ed13e000-7fb6ed13f000 rw-p 0001d000 103:07 5771485                   /home/cheikh/.jdks/openjdk-16.0.1/lib/libjimage.so
7fb6ed13f000-7fb6ed142000 r--p 00000000 103:07 3934367                   /usr/lib/x86_64-linux-gnu/librt-2.31.so
7fb6ed142000-7fb6ed146000 r-xp 00003000 103:07 3934367                   /usr/lib/x86_64-linux-gnu/librt-2.31.so
7fb6ed146000-7fb6ed147000 r--p 00007000 103:07 3934367                   /usr/lib/x86_64-linux-gnu/librt-2.31.so
7fb6ed147000-7fb6ed148000 ---p 00008000 103:07 3934367                   /usr/lib/x86_64-linux-gnu/librt-2.31.so
7fb6ed148000-7fb6ed149000 r--p 00008000 103:07 3934367                   /usr/lib/x86_64-linux-gnu/librt-2.31.so
7fb6ed149000-7fb6ed14a000 rw-p 00009000 103:07 3934367                   /usr/lib/x86_64-linux-gnu/librt-2.31.so
7fb6ed14a000-7fb6ed14e000 ---p 00000000 00:00 0 
7fb6ed14e000-7fb6ed24b000 rw-p 00000000 00:00 0 
7fb6ed24b000-7fb6ed25a000 r--p 00000000 103:07 3934350                   /usr/lib/x86_64-linux-gnu/libm-2.31.so
7fb6ed25a000-7fb6ed301000 r-xp 0000f000 103:07 3934350                   /usr/lib/x86_64-linux-gnu/libm-2.31.so
7fb6ed301000-7fb6ed398000 r--p 000b6000 103:07 3934350                   /usr/lib/x86_64-linux-gnu/libm-2.31.so
7fb6ed398000-7fb6ed399000 r--p 0014c000 103:07 3934350                   /usr/lib/x86_64-linux-gnu/libm-2.31.so
7fb6ed399000-7fb6ed39a000 rw-p 0014d000 103:07 3934350                   /usr/lib/x86_64-linux-gnu/libm-2.31.so
7fb6ed39a000-7fb6ee4a8000 r-xp 00000000 103:07 142326                    /home/cheikh/.jdks/openjdk-16.0.1/lib/server/libjvm.so
7fb6ee4a8000-7fb6ee4a9000 ---p 0110e000 103:07 142326                    /home/cheikh/.jdks/openjdk-16.0.1/lib/server/libjvm.so
7fb6ee4a9000-7fb6ee55a000 r--p 0110e000 103:07 142326                    /home/cheikh/.jdks/openjdk-16.0.1/lib/server/libjvm.so
7fb6ee55a000-7fb6ee58d000 rw-p 011bf000 103:07 142326                    /home/cheikh/.jdks/openjdk-16.0.1/lib/server/libjvm.so
7fb6ee58d000-7fb6ee5ea000 rw-p 00000000 00:00 0 
7fb6ee5ea000-7fb6ee60f000 r--p 00000000 103:07 3934348                   /usr/lib/x86_64-linux-gnu/libc-2.31.so
7fb6ee60f000-7fb6ee787000 r-xp 00025000 103:07 3934348                   /usr/lib/x86_64-linux-gnu/libc-2.31.so
7fb6ee787000-7fb6ee7d1000 r--p 0019d000 103:07 3934348                   /usr/lib/x86_64-linux-gnu/libc-2.31.so
7fb6ee7d1000-7fb6ee7d2000 ---p 001e7000 103:07 3934348                   /usr/lib/x86_64-linux-gnu/libc-2.31.so
7fb6ee7d2000-7fb6ee7d5000 r--p 001e7000 103:07 3934348                   /usr/lib/x86_64-linux-gnu/libc-2.31.so
7fb6ee7d5000-7fb6ee7d8000 rw-p 001ea000 103:07 3934348                   /usr/lib/x86_64-linux-gnu/libc-2.31.so
7fb6ee7d8000-7fb6ee7dc000 rw-p 00000000 00:00 0 
7fb6ee7dc000-7fb6ee7dd000 r--p 00000000 103:07 3934349                   /usr/lib/x86_64-linux-gnu/libdl-2.31.so
7fb6ee7dd000-7fb6ee7df000 r-xp 00001000 103:07 3934349                   /usr/lib/x86_64-linux-gnu/libdl-2.31.so
7fb6ee7df000-7fb6ee7e0000 r--p 00003000 103:07 3934349                   /usr/lib/x86_64-linux-gnu/libdl-2.31.so
7fb6ee7e0000-7fb6ee7e1000 r--p 00003000 103:07 3934349                   /usr/lib/x86_64-linux-gnu/libdl-2.31.so
7fb6ee7e1000-7fb6ee7e2000 rw-p 00004000 103:07 3934349                   /usr/lib/x86_64-linux-gnu/libdl-2.31.so
7fb6ee7e2000-7fb6ee7e9000 r--p 00000000 103:07 3934365                   /usr/lib/x86_64-linux-gnu/libpthread-2.31.so
7fb6ee7e9000-7fb6ee7fa000 r-xp 00007000 103:07 3934365                   /usr/lib/x86_64-linux-gnu/libpthread-2.31.so
7fb6ee7fa000-7fb6ee7ff000 r--p 00018000 103:07 3934365                   /usr/lib/x86_64-linux-gnu/libpthread-2.31.so
7fb6ee7ff000-7fb6ee800000 r--p 0001c000 103:07 3934365                   /usr/lib/x86_64-linux-gnu/libpthread-2.31.so
7fb6ee800000-7fb6ee801000 rw-p 0001d000 103:07 3934365                   /usr/lib/x86_64-linux-gnu/libpthread-2.31.so
7fb6ee801000-7fb6ee805000 rw-p 00000000 00:00 0 
7fb6ee805000-7fb6ee814000 r-xp 00000000 103:07 5771486                   /home/cheikh/.jdks/openjdk-16.0.1/lib/libjli.so
7fb6ee814000-7fb6ee815000 r--p 0000e000 103:07 5771486                   /home/cheikh/.jdks/openjdk-16.0.1/lib/libjli.so
7fb6ee815000-7fb6ee816000 rw-p 0000f000 103:07 5771486                   /home/cheikh/.jdks/openjdk-16.0.1/lib/libjli.so
7fb6ee816000-7fb6ee818000 r--p 00000000 103:07 3932354                   /usr/lib/x86_64-linux-gnu/libz.so.1.2.11
7fb6ee818000-7fb6ee829000 r-xp 00002000 103:07 3932354                   /usr/lib/x86_64-linux-gnu/libz.so.1.2.11
7fb6ee829000-7fb6ee82f000 r--p 00013000 103:07 3932354                   /usr/lib/x86_64-linux-gnu/libz.so.1.2.11
7fb6ee82f000-7fb6ee830000 ---p 00019000 103:07 3932354                   /usr/lib/x86_64-linux-gnu/libz.so.1.2.11
7fb6ee830000-7fb6ee831000 r--p 00019000 103:07 3932354                   /usr/lib/x86_64-linux-gnu/libz.so.1.2.11
7fb6ee831000-7fb6ee832000 rw-p 0001a000 103:07 3932354                   /usr/lib/x86_64-linux-gnu/libz.so.1.2.11
7fb6ee832000-7fb6ee834000 rw-p 00000000 00:00 0 
7fb6ee834000-7fb6ee83c000 rw-s 00000000 103:07 1325510                   /tmp/hsperfdata_cheikh/44126
7fb6ee83c000-7fb6ee846000 r-xp 00000000 103:07 5771476                   /home/cheikh/.jdks/openjdk-16.0.1/lib/libinstrument.so
7fb6ee846000-7fb6ee847000 r--p 00009000 103:07 5771476                   /home/cheikh/.jdks/openjdk-16.0.1/lib/libinstrument.so
7fb6ee847000-7fb6ee848000 rw-p 0000a000 103:07 5771476                   /home/cheikh/.jdks/openjdk-16.0.1/lib/libinstrument.so
7fb6ee848000-7fb6ee849000 ---p 00000000 00:00 0 
7fb6ee849000-7fb6ee84a000 r--p 00000000 00:00 0 
7fb6ee84a000-7fb6ee84b000 r--p 00000000 103:07 3934344                   /usr/lib/x86_64-linux-gnu/ld-2.31.so
7fb6ee84b000-7fb6ee86e000 r-xp 00001000 103:07 3934344                   /usr/lib/x86_64-linux-gnu/ld-2.31.so
7fb6ee86e000-7fb6ee876000 r--p 00024000 103:07 3934344                   /usr/lib/x86_64-linux-gnu/ld-2.31.so
7fb6ee876000-7fb6ee877000 ---p 00000000 00:00 0 
7fb6ee877000-7fb6ee878000 r--p 0002c000 103:07 3934344                   /usr/lib/x86_64-linux-gnu/ld-2.31.so
7fb6ee878000-7fb6ee879000 rw-p 0002d000 103:07 3934344                   /usr/lib/x86_64-linux-gnu/ld-2.31.so
7fb6ee879000-7fb6ee87a000 rw-p 00000000 00:00 0 
7ffde0448000-7ffde046b000 rw-p 00000000 00:00 0                          [stack]
7ffde05b0000-7ffde05b4000 r--p 00000000 00:00 0                          [vvar]
7ffde05b4000-7ffde05b6000 r-xp 00000000 00:00 0                          [vdso]
ffffffffff600000-ffffffffff601000 --xp 00000000 00:00 0                  [vsyscall]


VM Arguments:
jvm_args: -XX:TieredStopAtLevel=1 -Xverify:none -Dspring.output.ansi.enabled=always -javaagent:/snap/intellij-idea-ultimate/333/lib/idea_rt.jar=28733:/snap/intellij-idea-ultimate/333/bin -Dcom.sun.management.jmxremote -Dspring.jmx.enabled=true -Dspring.liveBeansView.mbeanDomain -Dspring.application.admin.enabled=true -Dfile.encoding=UTF-8 
java_command: com.example.projetladoum.ProjetLadoumApplication
java_class_path (initial): /home/cheikh/Documents/workspace/Projets/Projet Ladoum/Implementation/back-end/Projet-ladoum/target/classes:/home/cheikh/.m2/repository/org/springframework/boot/spring-boot-starter-web/2.5.4/spring-boot-starter-web-2.5.4.jar:/home/cheikh/.m2/repository/org/springframework/boot/spring-boot-starter/2.5.4/spring-boot-starter-2.5.4.jar:/home/cheikh/.m2/repository/org/springframework/boot/spring-boot-starter-logging/2.5.4/spring-boot-starter-logging-2.5.4.jar:/home/cheikh/.m2/repository/ch/qos/logback/logback-classic/1.2.5/logback-classic-1.2.5.jar:/home/cheikh/.m2/repository/ch/qos/logback/logback-core/1.2.5/logback-core-1.2.5.jar:/home/cheikh/.m2/repository/org/apache/logging/log4j/log4j-to-slf4j/2.14.1/log4j-to-slf4j-2.14.1.jar:/home/cheikh/.m2/repository/org/apache/logging/log4j/log4j-api/2.14.1/log4j-api-2.14.1.jar:/home/cheikh/.m2/repository/org/slf4j/jul-to-slf4j/1.7.32/jul-to-slf4j-1.7.32.jar:/home/cheikh/.m2/repository/jakarta/annotation/jakarta.annotation-api/1.3.5/jakarta.annotation-api-1.3.5.jar:/home/cheikh/.m2/repository/org/yaml/snakeyaml/1.28/snakeyaml-1.28.jar:/home/cheikh/.m2/repository/org/springframework/boot/spring-boot-starter-json/2.5.4/spring-boot-starter-json-2.5.4.jar:/home/cheikh/.m2/repository/com/fasterxml/jackson/core/jackson-databind/2.12.4/jackson-databind-2.12.4.jar:/home/cheikh/.m2/repository/com/fasterxml/jackson/core/jackson-annotations/2.12.4/jackson-annotations-2.12.4.jar:/home/cheikh/.m2/repository/com/fasterxml/jackson/core/jackson-core/2.12.4/jackson-core-2.12.4.jar:/home/cheikh/.m2/repository/com/fasterxml/jackson/datatype/jackson-datatype-jdk8/2.12.4/jackson-datatype-jdk8-2.12.4.jar:/home/cheikh/.m2/repository/com/fasterxml/jackson/datatype/jackson-datatype-jsr310/2.12.4/jackson-datatype-jsr310-2.12.4.jar:/home/cheikh/.m2/repository/com/fasterxml/jackson/module/jackson-module-parameter-names/2.12.4/jackson-module-parameter-names-2.12.4.jar:/home/cheikh/.m2/repository/org/springframework/boot/spring-b
Launcher Type: SUN_STANDARD

[Global flags]
     intx CICompilerCount                          = 4                                         {product} {ergonomic}
     uint ConcGCThreads                            = 2                                         {product} {ergonomic}
     uint G1ConcRefinementThreads                  = 8                                         {product} {ergonomic}
   size_t G1HeapRegionSize                         = 1048576                                   {product} {ergonomic}
    uintx GCDrainStackTargetSize                   = 64                                        {product} {ergonomic}
   size_t InitialHeapSize                          = 127926272                                 {product} {ergonomic}
     bool ManagementServer                         = true                                      {product} {command line}
   size_t MarkStackSize                            = 4194304                                   {product} {ergonomic}
   size_t MaxHeapSize                              = 2046820352                                {product} {ergonomic}
   size_t MaxNewSize                               = 1227882496                                {product} {ergonomic}
   size_t MinHeapDeltaBytes                        = 1048576                                   {product} {ergonomic}
   size_t MinHeapSize                              = 8388608                                   {product} {ergonomic}
    uintx NonNMethodCodeHeapSize                   = 7549744                                {pd product} {ergonomic}
    uintx NonProfiledCodeHeapSize                  = 244108496                              {pd product} {ergonomic}
    uintx ProfiledCodeHeapSize                     = 0                                      {pd product} {ergonomic}
    uintx ReservedCodeCacheSize                    = 251658240                              {pd product} {ergonomic}
     bool SegmentedCodeCache                       = true                                      {product} {ergonomic}
   size_t SoftMaxHeapSize                          = 2046820352                             {manageable} {ergonomic}
     intx TieredStopAtLevel                        = 1                                         {product} {command line}
     bool UseCompressedClassPointers               = true                           {product lp64_product} {ergonomic}
     bool UseCompressedOops                        = true                           {product lp64_product} {ergonomic}
     bool UseG1GC                                  = true                                      {product} {ergonomic}

Logging:
Log output configuration:
 #0: stdout all=warning uptime,level,tags
 #1: stderr all=off uptime,level,tags

Environment Variables:
JAVA_HOME=/usr/lib/jvm/java-11-openjdk-amd64/
PATH=/usr/local/sbin:/usr/local/bin:/usr/sbin:/usr/bin:/sbin:/bin:/usr/games:/usr/local/games:/snap/bin
USERNAME=cheikh
SHELL=/usr/bin/zsh
DISPLAY=:0
LANG=fr_FR.UTF-8

Signal Handlers:
SIGSEGV: [libjvm.so+0xdfef20], sa_mask[0]=11100100010111111101111111111110, sa_flags=SA_RESTART|SA_SIGINFO
SIGBUS: [libjvm.so+0xdfef20], sa_mask[0]=11100100010111111101111111111110, sa_flags=SA_RESTART|SA_SIGINFO
SIGFPE: [libjvm.so+0xdfef20], sa_mask[0]=11100100010111111101111111111110, sa_flags=SA_RESTART|SA_SIGINFO
SIGPIPE: [libjvm.so+0xca8980], sa_mask[0]=11100100010111111101111111111110, sa_flags=SA_RESTART|SA_SIGINFO
SIGXFSZ: [libjvm.so+0xca8980], sa_mask[0]=11100100010111111101111111111110, sa_flags=SA_RESTART|SA_SIGINFO
SIGILL: [libjvm.so+0xdfef20], sa_mask[0]=11100100010111111101111111111110, sa_flags=SA_RESTART|SA_SIGINFO
SIGUSR2: [libjvm.so+0xca8070], sa_mask[0]=00100000000000000000000000000000, sa_flags=SA_RESTART|SA_SIGINFO
SIGHUP: [libjvm.so+0xca7fa0], sa_mask[0]=11100100010111111101111111111110, sa_flags=SA_RESTART|SA_SIGINFO
SIGINT: [libjvm.so+0xca7fa0], sa_mask[0]=11100100010111111101111111111110, sa_flags=SA_RESTART|SA_SIGINFO
SIGTERM: [libjvm.so+0xca7fa0], sa_mask[0]=11100100010111111101111111111110, sa_flags=SA_RESTART|SA_SIGINFO
SIGQUIT: [libjvm.so+0xca7fa0], sa_mask[0]=11100100010111111101111111111110, sa_flags=SA_RESTART|SA_SIGINFO
SIGTRAP: [libjvm.so+0xdfef20], sa_mask[0]=11100100010111111101111111111110, sa_flags=SA_RESTART|SA_SIGINFO


---------------  S Y S T E M  ---------------

OS:
DISTRIB_ID=Ubuntu
DISTRIB_RELEASE=20.04
DISTRIB_CODENAME=focal
DISTRIB_DESCRIPTION="Ubuntu 20.04.2 LTS"
uname: Linux 5.11.0-40-generic #44~20.04.2-Ubuntu SMP Tue Oct 26 18:07:44 UTC 2021 x86_64
OS uptime: 0 days 16:45 hours
libc: glibc 2.31 NPTL 2.31 
rlimit (soft/hard): STACK 8192k/infinity , CORE 0k/infinity , NPROC 30964/30964 , NOFILE 1048576/1048576 , AS infinity/infinity , CPU infinity/infinity , DATA infinity/infinity , FSIZE infinity/infinity , MEMLOCK 65536k/65536k
load average: 0.89 1.40 1.20

/proc/meminfo:
MemTotal:        7992364 kB
MemFree:         1557936 kB
MemAvailable:    3105112 kB
Buffers:           94320 kB
Cached:          2150148 kB
SwapCached:       518728 kB
Active:          3388736 kB
Inactive:        2403012 kB
Active(anon):    2427804 kB
Inactive(anon):  1698108 kB
Active(file):     960932 kB
Inactive(file):   704904 kB
Unevictable:      108164 kB
Mlocked:              80 kB
SwapTotal:       8229884 kB
SwapFree:        5512136 kB
Dirty:               204 kB
Writeback:           300 kB
AnonPages:       3275364 kB
Mapped:           602376 kB
Shmem:            578852 kB
KReclaimable:     189016 kB
Slab:             357272 kB
SReclaimable:     189016 kB
SUnreclaim:       168256 kB
KernelStack:       21232 kB
PageTables:        65936 kB
NFS_Unstable:          0 kB
Bounce:                0 kB
WritebackTmp:          0 kB
CommitLimit:    12226064 kB
Committed_AS:   15778868 kB
VmallocTotal:   34359738367 kB
VmallocUsed:       48616 kB
VmallocChunk:          0 kB
Percpu:             7168 kB
HardwareCorrupted:     0 kB
AnonHugePages:         0 kB
ShmemHugePages:        0 kB
ShmemPmdMapped:        0 kB
FileHugePages:         0 kB
FilePmdMapped:         0 kB
HugePages_Total:       0
HugePages_Free:        0
HugePages_Rsvd:        0
HugePages_Surp:        0
Hugepagesize:       2048 kB
Hugetlb:               0 kB
DirectMap4k:      456280 kB
DirectMap2M:     7780352 kB
DirectMap1G:     1048576 kB

/sys/kernel/mm/transparent_hugepage/enabled: always [madvise] never
/sys/kernel/mm/transparent_hugepage/defrag (defrag/compaction efforts parameter): always defer defer+madvise [madvise] never

Process Memory:
Virtual Size: 4730816K (peak: 4730816K)
Resident Set Size: 47412K (peak: 47412K) (anon: 21552K, file: 25860K, shmem: 0K)
Swapped out: 0K
C-Heap outstanding allocations: 5544K

/proc/sys/kernel/threads-max (system-wide limit on the number of threads): 61928
/proc/sys/vm/max_map_count (maximum number of memory map areas a process may have): 65530
/proc/sys/kernel/pid_max (system-wide limit on number of process identifiers): 4194304

container (cgroup) information:
container_type: cgroupv1
cpu_cpuset_cpus: 0-7
cpu_memory_nodes: 0
active_processor_count: 8
cpu_quota: no quota
cpu_period: 100000
cpu_shares: no shares
memory_limit_in_bytes: unlimited
memory_and_swap_limit_in_bytes: unlimited
memory_soft_limit_in_bytes: unlimited
memory_usage_in_bytes: 5056016384
memory_max_usage_in_bytes: 7029493760

Steal ticks since vm start: 0
Steal ticks percentage since vm start:  0.000

CPU: total 8 (initial active 8) (4 cores per cpu, 2 threads per core) family 6 model 142 stepping 12 microcode 0xea, cx8, cmov, fxsr, ht, mmx, 3dnowpref, sse, sse2, sse3, ssse3, sse4.1, sse4.2, popcnt, lzcnt, tsc, tscinvbit, avx, avx2, aes, erms, clmul, bmi1, bmi2, adx, fma, vzeroupper, clflush, clflushopt
CPU Model and flags from /proc/cpuinfo:
model name	: Intel(R) Core(TM) i5-8265U CPU @ 1.60GHz
flags		: fpu vme de pse tsc msr pae mce cx8 apic sep mtrr pge mca cmov pat pse36 clflush dts acpi mmx fxsr sse sse2 ss ht tm pbe syscall nx pdpe1gb rdtscp lm constant_tsc art arch_perfmon pebs bts rep_good nopl xtopology nonstop_tsc cpuid aperfmperf pni pclmulqdq dtes64 monitor ds_cpl vmx est tm2 ssse3 sdbg fma cx16 xtpr pdcm pcid sse4_1 sse4_2 x2apic movbe popcnt tsc_deadline_timer aes xsave avx f16c rdrand lahf_lm abm 3dnowprefetch cpuid_fault epb invpcid_single ssbd ibrs ibpb stibp ibrs_enhanced tpr_shadow vnmi flexpriority ept vpid ept_ad fsgsbase tsc_adjust bmi1 avx2 smep bmi2 erms invpcid mpx rdseed adx smap clflushopt intel_pt xsaveopt xsavec xgetbv1 xsaves dtherm ida arat pln pts hwp hwp_notify hwp_act_window hwp_epp md_clear flush_l1d arch_capabilities

Online cpus: 0-7
Offline cpus: 
BIOS frequency limitation: <Not Available>
Frequency switch latency (ns): 0
Available cpu frequencies: <Not Available>
Current governor: powersave
Core performance/turbo boost: <Not Available>

Memory: 4k page, physical 7992364k(1557936k free), swap 8229884k(5512136k free)

vm_info: OpenJDK 64-Bit Server VM (16.0.1+9-24) for linux-amd64 JRE (16.0.1+9-24), built on Mar 26 2021 18:09:28 by "mach5one" with gcc 10.2.0

END.
