#
# A fatal error has been detected by the Java Runtime Environment:
#
#  SIGSEGV (0xb) at pc=0x00007fdba2308ca9, pid=44360, tid=44395
#
# JRE version: OpenJDK Runtime Environment (16.0.1+9) (build 16.0.1+9-24)
# Java VM: OpenJDK 64-Bit Server VM (16.0.1+9-24, mixed mode, sharing, tiered, compressed oops, compressed class ptrs, g1 gc, linux-amd64)
# Problematic frame:
# V  [libjvm.so+0x555ca9]  ClassFileParser::parse_method(ClassFileStream const*, bool, ConstantPool const*, AccessFlags*, Thread*)+0xaa9
#
# Core dump will be written. Default location: Core dumps may be processed with "/usr/share/apport/apport %p %s %c %d %P %E" (or dumping to /home/cheikh/Documents/workspace/Projets/Projet Ladoum/Implementation/back-end/Projet-ladoum/core.44360)
#
# If you would like to submit a bug report, please visit:
#   https://bugreport.java.com/bugreport/crash.jsp
#

---------------  S U M M A R Y ------------

Command Line: -XX:TieredStopAtLevel=1 -Xverify:none -Dspring.output.ansi.enabled=always -javaagent:/snap/intellij-idea-ultimate/333/lib/idea_rt.jar=25235:/snap/intellij-idea-ultimate/333/bin -Dcom.sun.management.jmxremote -Dspring.jmx.enabled=true -Dspring.liveBeansView.mbeanDomain -Dspring.application.admin.enabled=true -Dfile.encoding=UTF-8 com.example.projetladoum.ProjetLadoumApplication

Host: Intel(R) Core(TM) i5-8265U CPU @ 1.60GHz, 8 cores, 7G, Ubuntu 20.04.2 LTS
Time: Sun Dec 19 14:25:42 2021 GMT elapsed time: 0.227500 seconds (0d 0h 0m 0s)

---------------  T H R E A D  ---------------

Current thread (0x00007fdb9c40dce0):  JavaThread "Monitor Ctrl-Break" daemon [_thread_in_vm, id=44395, stack(0x00007fdb71610000,0x00007fdb71711000)]

Stack: [0x00007fdb71610000,0x00007fdb71711000],  sp=0x00007fdb7170ec10,  free space=1019k
Native frames: (J=compiled Java code, A=aot compiled Java code, j=interpreted, Vv=VM code, C=native code)
V  [libjvm.so+0x555ca9]  ClassFileParser::parse_method(ClassFileStream const*, bool, ConstantPool const*, AccessFlags*, Thread*)+0xaa9
V  [libjvm.so+0x55735f]  ClassFileParser::parse_methods(ClassFileStream const*, bool, AccessFlags*, bool*, bool*, Thread*)+0x1df
V  [libjvm.so+0x559bc1]  ClassFileParser::parse_stream(ClassFileStream const*, Thread*) [clone .part.0]+0x5c1
V  [libjvm.so+0x55ad4e]  ClassFileParser::ClassFileParser(ClassFileStream*, Symbol*, ClassLoaderData*, ClassLoadInfo const*, ClassFileParser::Publicity, Thread*)+0x34e
V  [libjvm.so+0xa20763]  KlassFactory::create_from_stream(ClassFileStream*, Symbol*, ClassLoaderData*, ClassLoadInfo const&, Thread*)+0xf3
V  [libjvm.so+0x563635]  ClassLoader::load_class(Symbol*, bool, Thread*)+0x1b5
V  [libjvm.so+0xd3320f]  SystemDictionary::load_instance_class(Symbol*, Handle, Thread*)+0x34f
V  [libjvm.so+0xd31f92]  SystemDictionary::resolve_instance_class_or_null(Symbol*, Handle, Handle, Thread*)+0xa62
V  [libjvm.so+0xd3419e]  SystemDictionary::resolve_or_fail(Symbol*, Handle, Handle, bool, Thread*)+0x5e
V  [libjvm.so+0x5cdb48]  ConstantPool::klass_at_impl(constantPoolHandle const&, int, bool, Thread*)+0xe8
V  [libjvm.so+0x7edf32]  InterpreterRuntime::_new(JavaThread*, ConstantPool*, int)+0x72
j  java.net.Socket.setImpl()V+27 java.base@16.0.1
j  java.net.Socket.<init>(Ljava/net/SocketAddress;Ljava/net/SocketAddress;Z)V+46 java.base@16.0.1
j  java.net.Socket.<init>(Ljava/lang/String;I)V+34 java.base@16.0.1
j  com.intellij.rt.execution.application.AppMainV2$1.run()V+10
v  ~StubRoutines::call_stub
V  [libjvm.so+0x7f5285]  JavaCalls::call_helper(JavaValue*, methodHandle const&, JavaCallArguments*, Thread*)+0x2d5
V  [libjvm.so+0x7f6b0b]  JavaCalls::call_virtual(JavaValue*, Handle, Klass*, Symbol*, Symbol*, Thread*)+0x1cb
V  [libjvm.so+0x8b2140]  thread_entry(JavaThread*, Thread*)+0x70
V  [libjvm.so+0xd7c9db]  JavaThread::thread_main_inner()+0x11b
V  [libjvm.so+0xd816cd]  Thread::call_run()+0xfd
V  [libjvm.so+0xbd86d7]  thread_native_entry(Thread*)+0xe7

Java frames: (J=compiled Java code, j=interpreted, Vv=VM code)
j  java.net.Socket.setImpl()V+27 java.base@16.0.1
j  java.net.Socket.<init>(Ljava/net/SocketAddress;Ljava/net/SocketAddress;Z)V+46 java.base@16.0.1
j  java.net.Socket.<init>(Ljava/lang/String;I)V+34 java.base@16.0.1
j  com.intellij.rt.execution.application.AppMainV2$1.run()V+10
v  ~StubRoutines::call_stub

siginfo: si_signo: 11 (SIGSEGV), si_code: 2 (SEGV_ACCERR), si_addr: 0x00007fdb500e31b3

Register to memory mapping:

RAX=0x00000000000c004e is an unknown value
RBX=0x00007fdb50024940 points into unknown readable memory: 0x00007fdba2ec9390 | 90 93 ec a2 db 7f 00 00
RCX=0x00007fdb500e31b5 points into unknown readable memory: 00 00 00
RDX=0x00007fdb500e31b3 points into unknown readable memory: 00 76 00 00 00
RSP=0x00007fdb7170ec10 is pointing into the stack for thread: 0x00007fdb9c40dce0
RBP=0x00007fdb7170ee00 is pointing into the stack for thread: 0x00007fdb9c40dce0
RSI=0x00007fdba2fdf640: <offset 0x000000000122c640> in /home/cheikh/.jdks/openjdk-16.0.1/lib/server/libjvm.so at 0x00007fdba1db3000
RDI=0x0000000000000023 is an unknown value
R8 =0x00007fdb9c40dce0 is a thread
R9 =0x0 is NULL
R10=0x0 is NULL
R11=0x0 is NULL
R12=0x00000000000c0001 is an unknown value
R13=0x00007fdb7170f100 is pointing into the stack for thread: 0x00007fdb9c40dce0
R14=0x00007fdb9c40dce0 is a thread
R15=0x0 is NULL


Registers:
RAX=0x00000000000c004e, RBX=0x00007fdb50024940, RCX=0x00007fdb500e31b5, RDX=0x00007fdb500e31b3
RSP=0x00007fdb7170ec10, RBP=0x00007fdb7170ee00, RSI=0x00007fdba2fdf640, RDI=0x0000000000000023
R8 =0x00007fdb9c40dce0, R9 =0x0000000000000000, R10=0x0000000000000000, R11=0x0000000000000000
R12=0x00000000000c0001, R13=0x00007fdb7170f100, R14=0x00007fdb9c40dce0, R15=0x0000000000000000
RIP=0x00007fdba2308ca9, EFLAGS=0x0000000000010246, CSGSFS=0x002b000000000033, ERR=0x0000000000000004
  TRAPNO=0x000000000000000e

Top of Stack: (sp=0x00007fdb7170ec10)
0x00007fdb7170ec10:   00007fdb9c40e2a0 00007fdb00000002
0x00007fdb7170ec20:   0000000000000000 0000000000000000
0x00007fdb7170ec30:   0000000000000000 0000000000000000
0x00007fdb7170ec40:   0000000000000000 0000000000000000 

Instructions: (pc=0x00007fdba2308ca9)
0x00007fdba2308ba9:   0f 87 cd 09 00 00 48 8b 53 10 48 8b 43 18 8b 8d
0x00007fdba2308bb9:   28 ff ff ff 48 89 d6 48 89 85 e0 fe ff ff 48 29
0x00007fdba2308bc9:   c6 48 39 f1 0f 87 7d 06 00 00 48 63 8d 28 ff ff
0x00007fdba2308bd9:   ff 48 01 c8 48 29 c2 48 89 43 18 48 83 fa 01 0f
0x00007fdba2308be9:   86 72 06 00 00 49 83 7e 08 00 0f 85 47 f7 ff ff
0x00007fdba2308bf9:   48 8b 43 18 44 0f b7 28 48 83 c0 02 66 41 c1 cd
0x00007fdba2308c09:   08 48 89 43 18 66 44 89 ad 9a fe ff ff 66 45 85
0x00007fdba2308c19:   ed 0f 85 50 06 00 00 48 8b 53 10 48 29 c2 48 83
0x00007fdba2308c29:   fa 01 0f 86 8a 06 00 00 49 83 7e 08 00 0f 85 04
0x00007fdba2308c39:   f7 ff ff 48 8b 53 18 41 0f b7 cd 8b bd 28 ff ff
0x00007fdba2308c49:   ff 0f b7 02 48 83 c2 02 66 c1 c8 08 8d 4c cf 0c
0x00007fdba2308c59:   48 89 53 18 44 8d 68 ff 89 8d 50 ff ff ff 66 85
0x00007fdba2308c69:   c0 0f 84 f3 06 00 00 41 0f b7 c4 66 44 89 ad 68
0x00007fdba2308c79:   ff ff ff 4d 89 fd 89 85 dc fe ff ff e9 3b 01 00
0x00007fdba2308c89:   00 66 0f 1f 44 00 00 49 83 7e 08 00 0f 85 a5 f6
0x00007fdba2308c99:   ff ff 48 8b 53 18 8b 85 50 ff ff ff 48 8d 4a 02
0x00007fdba2308ca9:   44 0f b7 3a 48 83 c2 06 48 89 4b 18 44 8b 62 fc
0x00007fdba2308cb9:   48 89 53 18 49 8b 4d 48 41 0f cc 42 8d 44 20 06
0x00007fdba2308cc9:   66 41 c1 cf 08 89 85 50 ff ff ff 41 0f b7 d7 3b
0x00007fdba2308cd9:   51 3c 7d 11 48 8b 71 08 48 63 ca 0f b6 4c 0e 04
0x00007fdba2308ce9:   80 f9 01 74 1c 41 80 bd b8 01 00 00 00 74 12 4c
0x00007fdba2308cf9:   89 f1 48 8d 35 46 31 97 00 4c 89 ef e8 76 16 ff
0x00007fdba2308d09:   ff 49 8b 4e 08 48 85 c9 0f 85 29 f6 ff ff 48 8b
0x00007fdba2308d19:   b5 60 ff ff ff 41 0f b7 c7 48 8b 44 c6 48 48 8d
0x00007fdba2308d29:   35 12 69 cd 00 48 39 86 60 03 00 00 0f 84 4d 01
0x00007fdba2308d39:   00 00 48 3b 86 68 03 00 00 0f 84 a8 00 00 00 41
0x00007fdba2308d49:   0f b7 95 ac 01 00 00 66 83 fa 30 76 20 48 3b 86
0x00007fdba2308d59:   70 03 00 00 0f 84 fd 01 00 00 66 83 fa 31 74 0d
0x00007fdba2308d69:   48 3b 86 80 03 00 00 0f 84 6a 01 00 00 80 7b 28
0x00007fdba2308d79:   00 48 8b 43 18 74 13 48 8b 53 10 44 89 e1 48 29
0x00007fdba2308d89:   c2 48 39 ca 0f 82 25 01 00 00 4d 63 e4 4c 01 e0
0x00007fdba2308d99:   48 89 43 18 49 83 7e 08 00 0f 85 98 f5 ff ff 66 


Stack slot to memory mapping:
stack at sp + 0 slots: 0x00007fdb9c40e2a0 points into unknown readable memory: 0x0000000000000000 | 00 00 00 00 00 00 00 00
stack at sp + 1 slots: 0x00007fdb00000002 is an unknown value
stack at sp + 2 slots: 0x0 is NULL
stack at sp + 3 slots: 0x0 is NULL
stack at sp + 4 slots: 0x0 is NULL
stack at sp + 5 slots: 0x0 is NULL
stack at sp + 6 slots: 0x0 is NULL
stack at sp + 7 slots: 0x0 is NULL


---------------  P R O C E S S  ---------------

Threads class SMR info:
_java_thread_list=0x00007fdb9c410fc0, length=11, elements={
0x00007fdb9c025930, 0x00007fdb9c1243c0, 0x00007fdb9c125940, 0x00007fdb9c12b2e0,
0x00007fdb9c12c830, 0x00007fdb9c12dd50, 0x00007fdb9c12f3f0, 0x00007fdb9c130980,
0x00007fdb9c13d550, 0x00007fdb9c40dce0, 0x00007fdb9c40fb80
}

Java Threads: ( => current thread )
  0x00007fdb9c025930 JavaThread "main" [_thread_in_vm, id=44361, stack(0x00007fdba1b63000,0x00007fdba1c64000)]
  0x00007fdb9c1243c0 JavaThread "Reference Handler" daemon [_thread_blocked, id=44382, stack(0x00007fdb806ff000,0x00007fdb80800000)]
  0x00007fdb9c125940 JavaThread "Finalizer" daemon [_thread_blocked, id=44383, stack(0x00007fdb805fe000,0x00007fdb806ff000)]
  0x00007fdb9c12b2e0 JavaThread "Signal Dispatcher" daemon [_thread_blocked, id=44384, stack(0x00007fdb804fd000,0x00007fdb805fe000)]
  0x00007fdb9c12c830 JavaThread "Service Thread" daemon [_thread_blocked, id=44385, stack(0x00007fdb803fc000,0x00007fdb804fd000)]
  0x00007fdb9c12dd50 JavaThread "Monitor Deflation Thread" daemon [_thread_blocked, id=44386, stack(0x00007fdb802fb000,0x00007fdb803fc000)]
  0x00007fdb9c12f3f0 JavaThread "C1 CompilerThread0" daemon [_thread_blocked, id=44387, stack(0x00007fdb801fa000,0x00007fdb802fb000)]
  0x00007fdb9c130980 JavaThread "Sweeper thread" daemon [_thread_blocked, id=44388, stack(0x00007fdb800f9000,0x00007fdb801fa000)]
  0x00007fdb9c13d550 JavaThread "Common-Cleaner" daemon [_thread_blocked, id=44392, stack(0x00007fdb71711000,0x00007fdb71812000)]
=>0x00007fdb9c40dce0 JavaThread "Monitor Ctrl-Break" daemon [_thread_in_vm, id=44395, stack(0x00007fdb71610000,0x00007fdb71711000)]
  0x00007fdb9c40fb80 JavaThread "Notification Thread" daemon [_thread_blocked, id=44396, stack(0x00007fdb7150f000,0x00007fdb71610000)]

Other Threads:
  0x00007fdb9c121de0 VMThread "VM Thread" [stack: 0x00007fdb810bd000,0x00007fdb811bd000] [id=44381]
  0x00007fdb9c064140 GCTaskThread "GC Thread#0" [stack: 0x00007fdba041f000,0x00007fdba051f000] [id=44370]
  0x00007fdb9c074cb0 ConcurrentGCThread "G1 Main Marker" [stack: 0x00007fdba031d000,0x00007fdba041d000] [id=44371]
  0x00007fdb9c075d40 ConcurrentGCThread "G1 Conc#0" [stack: 0x00007fdba021b000,0x00007fdba031b000] [id=44372]
  0x00007fdb9c0eb200 ConcurrentGCThread "G1 Refine#0" [stack: 0x00007fdb813de000,0x00007fdb814de000] [id=44379]
  0x00007fdb9c0ec220 ConcurrentGCThread "G1 Service" [stack: 0x00007fdb812dc000,0x00007fdb813dc000] [id=44380]

Threads with active compile tasks:

VM state: not at safepoint (normal execution)

VM Mutex/Monitor currently owned by a thread: None

Heap address: 0x0000000086000000, size: 1952 MB, Compressed Oops mode: 32-bit

CDS archive(s) mapped at: [0x0000000800000000-0x0000000800bc1000-0x0000000800bc1000), size 12324864, SharedBaseAddress: 0x0000000800000000, ArchiveRelocationMode: 0.
Compressed class space mapped at: 0x0000000800c00000-0x0000000840c00000, reserved size: 1073741824
Narrow klass base: 0x0000000800000000, Narrow klass shift: 3, Narrow klass range: 0x100000000

GC Precious Log:
 CPUs: 8 total, 8 available
 Memory: 7805M
 Large Page Support: Disabled
 NUMA Support: Disabled
 Compressed Oops: Enabled (32-bit)
 Heap Region Size: 1M
 Heap Min Capacity: 8M
 Heap Initial Capacity: 122M
 Heap Max Capacity: 1952M
 Pre-touch: Disabled
 Parallel Workers: 8
 Concurrent Workers: 2
 Concurrent Refinement Workers: 8
 Periodic GC: Disabled

Heap:
 garbage-first heap   total 126976K, used 6100K [0x0000000086000000, 0x0000000100000000)
  region size 1024K, 6 young (6144K), 0 survivors (0K)
 Metaspace       used 1157K, committed 1344K, reserved 1056768K
  class space    used 98K, committed 192K, reserved 1048576K

Heap Regions: E=young(eden), S=young(survivor), O=old, HS=humongous(starts), HC=humongous(continues), CS=collection set, F=free, OA=open archive, CA=closed archive, TAMS=top-at-mark-start (previous, next)
|   0|0x0000000086000000, 0x0000000086100000, 0x0000000086100000|100%|HS|  |TAMS 0x0000000086000000, 0x0000000086000000| Complete 
|   1|0x0000000086100000, 0x0000000086100000, 0x0000000086200000|  0%| F|  |TAMS 0x0000000086100000, 0x0000000086100000| Untracked 
|   2|0x0000000086200000, 0x0000000086200000, 0x0000000086300000|  0%| F|  |TAMS 0x0000000086200000, 0x0000000086200000| Untracked 
|   3|0x0000000086300000, 0x0000000086300000, 0x0000000086400000|  0%| F|  |TAMS 0x0000000086300000, 0x0000000086300000| Untracked 
|   4|0x0000000086400000, 0x0000000086400000, 0x0000000086500000|  0%| F|  |TAMS 0x0000000086400000, 0x0000000086400000| Untracked 
|   5|0x0000000086500000, 0x0000000086500000, 0x0000000086600000|  0%| F|  |TAMS 0x0000000086500000, 0x0000000086500000| Untracked 
|   6|0x0000000086600000, 0x0000000086600000, 0x0000000086700000|  0%| F|  |TAMS 0x0000000086600000, 0x0000000086600000| Untracked 
|   7|0x0000000086700000, 0x0000000086700000, 0x0000000086800000|  0%| F|  |TAMS 0x0000000086700000, 0x0000000086700000| Untracked 
|   8|0x0000000086800000, 0x0000000086800000, 0x0000000086900000|  0%| F|  |TAMS 0x0000000086800000, 0x0000000086800000| Untracked 
|   9|0x0000000086900000, 0x0000000086900000, 0x0000000086a00000|  0%| F|  |TAMS 0x0000000086900000, 0x0000000086900000| Untracked 
|  10|0x0000000086a00000, 0x0000000086a00000, 0x0000000086b00000|  0%| F|  |TAMS 0x0000000086a00000, 0x0000000086a00000| Untracked 
|  11|0x0000000086b00000, 0x0000000086b00000, 0x0000000086c00000|  0%| F|  |TAMS 0x0000000086b00000, 0x0000000086b00000| Untracked 
|  12|0x0000000086c00000, 0x0000000086c00000, 0x0000000086d00000|  0%| F|  |TAMS 0x0000000086c00000, 0x0000000086c00000| Untracked 
|  13|0x0000000086d00000, 0x0000000086d00000, 0x0000000086e00000|  0%| F|  |TAMS 0x0000000086d00000, 0x0000000086d00000| Untracked 
|  14|0x0000000086e00000, 0x0000000086e00000, 0x0000000086f00000|  0%| F|  |TAMS 0x0000000086e00000, 0x0000000086e00000| Untracked 
|  15|0x0000000086f00000, 0x0000000086f00000, 0x0000000087000000|  0%| F|  |TAMS 0x0000000086f00000, 0x0000000086f00000| Untracked 
|  16|0x0000000087000000, 0x0000000087000000, 0x0000000087100000|  0%| F|  |TAMS 0x0000000087000000, 0x0000000087000000| Untracked 
|  17|0x0000000087100000, 0x0000000087100000, 0x0000000087200000|  0%| F|  |TAMS 0x0000000087100000, 0x0000000087100000| Untracked 
|  18|0x0000000087200000, 0x0000000087200000, 0x0000000087300000|  0%| F|  |TAMS 0x0000000087200000, 0x0000000087200000| Untracked 
|  19|0x0000000087300000, 0x0000000087300000, 0x0000000087400000|  0%| F|  |TAMS 0x0000000087300000, 0x0000000087300000| Untracked 
|  20|0x0000000087400000, 0x0000000087400000, 0x0000000087500000|  0%| F|  |TAMS 0x0000000087400000, 0x0000000087400000| Untracked 
|  21|0x0000000087500000, 0x0000000087500000, 0x0000000087600000|  0%| F|  |TAMS 0x0000000087500000, 0x0000000087500000| Untracked 
|  22|0x0000000087600000, 0x0000000087600000, 0x0000000087700000|  0%| F|  |TAMS 0x0000000087600000, 0x0000000087600000| Untracked 
|  23|0x0000000087700000, 0x0000000087700000, 0x0000000087800000|  0%| F|  |TAMS 0x0000000087700000, 0x0000000087700000| Untracked 
|  24|0x0000000087800000, 0x0000000087800000, 0x0000000087900000|  0%| F|  |TAMS 0x0000000087800000, 0x0000000087800000| Untracked 
|  25|0x0000000087900000, 0x0000000087900000, 0x0000000087a00000|  0%| F|  |TAMS 0x0000000087900000, 0x0000000087900000| Untracked 
|  26|0x0000000087a00000, 0x0000000087a00000, 0x0000000087b00000|  0%| F|  |TAMS 0x0000000087a00000, 0x0000000087a00000| Untracked 
|  27|0x0000000087b00000, 0x0000000087b00000, 0x0000000087c00000|  0%| F|  |TAMS 0x0000000087b00000, 0x0000000087b00000| Untracked 
|  28|0x0000000087c00000, 0x0000000087c00000, 0x0000000087d00000|  0%| F|  |TAMS 0x0000000087c00000, 0x0000000087c00000| Untracked 
|  29|0x0000000087d00000, 0x0000000087d00000, 0x0000000087e00000|  0%| F|  |TAMS 0x0000000087d00000, 0x0000000087d00000| Untracked 
|  30|0x0000000087e00000, 0x0000000087e00000, 0x0000000087f00000|  0%| F|  |TAMS 0x0000000087e00000, 0x0000000087e00000| Untracked 
|  31|0x0000000087f00000, 0x0000000087f00000, 0x0000000088000000|  0%| F|  |TAMS 0x0000000087f00000, 0x0000000087f00000| Untracked 
|  32|0x0000000088000000, 0x0000000088000000, 0x0000000088100000|  0%| F|  |TAMS 0x0000000088000000, 0x0000000088000000| Untracked 
|  33|0x0000000088100000, 0x0000000088100000, 0x0000000088200000|  0%| F|  |TAMS 0x0000000088100000, 0x0000000088100000| Untracked 
|  34|0x0000000088200000, 0x0000000088200000, 0x0000000088300000|  0%| F|  |TAMS 0x0000000088200000, 0x0000000088200000| Untracked 
|  35|0x0000000088300000, 0x0000000088300000, 0x0000000088400000|  0%| F|  |TAMS 0x0000000088300000, 0x0000000088300000| Untracked 
|  36|0x0000000088400000, 0x0000000088400000, 0x0000000088500000|  0%| F|  |TAMS 0x0000000088400000, 0x0000000088400000| Untracked 
|  37|0x0000000088500000, 0x0000000088500000, 0x0000000088600000|  0%| F|  |TAMS 0x0000000088500000, 0x0000000088500000| Untracked 
|  38|0x0000000088600000, 0x0000000088600000, 0x0000000088700000|  0%| F|  |TAMS 0x0000000088600000, 0x0000000088600000| Untracked 
|  39|0x0000000088700000, 0x0000000088700000, 0x0000000088800000|  0%| F|  |TAMS 0x0000000088700000, 0x0000000088700000| Untracked 
|  40|0x0000000088800000, 0x0000000088800000, 0x0000000088900000|  0%| F|  |TAMS 0x0000000088800000, 0x0000000088800000| Untracked 
|  41|0x0000000088900000, 0x0000000088900000, 0x0000000088a00000|  0%| F|  |TAMS 0x0000000088900000, 0x0000000088900000| Untracked 
|  42|0x0000000088a00000, 0x0000000088a00000, 0x0000000088b00000|  0%| F|  |TAMS 0x0000000088a00000, 0x0000000088a00000| Untracked 
|  43|0x0000000088b00000, 0x0000000088b00000, 0x0000000088c00000|  0%| F|  |TAMS 0x0000000088b00000, 0x0000000088b00000| Untracked 
|  44|0x0000000088c00000, 0x0000000088c00000, 0x0000000088d00000|  0%| F|  |TAMS 0x0000000088c00000, 0x0000000088c00000| Untracked 
|  45|0x0000000088d00000, 0x0000000088d00000, 0x0000000088e00000|  0%| F|  |TAMS 0x0000000088d00000, 0x0000000088d00000| Untracked 
|  46|0x0000000088e00000, 0x0000000088e00000, 0x0000000088f00000|  0%| F|  |TAMS 0x0000000088e00000, 0x0000000088e00000| Untracked 
|  47|0x0000000088f00000, 0x0000000088f00000, 0x0000000089000000|  0%| F|  |TAMS 0x0000000088f00000, 0x0000000088f00000| Untracked 
|  48|0x0000000089000000, 0x0000000089000000, 0x0000000089100000|  0%| F|  |TAMS 0x0000000089000000, 0x0000000089000000| Untracked 
|  49|0x0000000089100000, 0x0000000089100000, 0x0000000089200000|  0%| F|  |TAMS 0x0000000089100000, 0x0000000089100000| Untracked 
|  50|0x0000000089200000, 0x0000000089200000, 0x0000000089300000|  0%| F|  |TAMS 0x0000000089200000, 0x0000000089200000| Untracked 
|  51|0x0000000089300000, 0x0000000089300000, 0x0000000089400000|  0%| F|  |TAMS 0x0000000089300000, 0x0000000089300000| Untracked 
|  52|0x0000000089400000, 0x0000000089400000, 0x0000000089500000|  0%| F|  |TAMS 0x0000000089400000, 0x0000000089400000| Untracked 
|  53|0x0000000089500000, 0x0000000089500000, 0x0000000089600000|  0%| F|  |TAMS 0x0000000089500000, 0x0000000089500000| Untracked 
|  54|0x0000000089600000, 0x0000000089600000, 0x0000000089700000|  0%| F|  |TAMS 0x0000000089600000, 0x0000000089600000| Untracked 
|  55|0x0000000089700000, 0x0000000089700000, 0x0000000089800000|  0%| F|  |TAMS 0x0000000089700000, 0x0000000089700000| Untracked 
|  56|0x0000000089800000, 0x0000000089800000, 0x0000000089900000|  0%| F|  |TAMS 0x0000000089800000, 0x0000000089800000| Untracked 
|  57|0x0000000089900000, 0x0000000089900000, 0x0000000089a00000|  0%| F|  |TAMS 0x0000000089900000, 0x0000000089900000| Untracked 
|  58|0x0000000089a00000, 0x0000000089a00000, 0x0000000089b00000|  0%| F|  |TAMS 0x0000000089a00000, 0x0000000089a00000| Untracked 
|  59|0x0000000089b00000, 0x0000000089b00000, 0x0000000089c00000|  0%| F|  |TAMS 0x0000000089b00000, 0x0000000089b00000| Untracked 
|  60|0x0000000089c00000, 0x0000000089c00000, 0x0000000089d00000|  0%| F|  |TAMS 0x0000000089c00000, 0x0000000089c00000| Untracked 
|  61|0x0000000089d00000, 0x0000000089d00000, 0x0000000089e00000|  0%| F|  |TAMS 0x0000000089d00000, 0x0000000089d00000| Untracked 
|  62|0x0000000089e00000, 0x0000000089e00000, 0x0000000089f00000|  0%| F|  |TAMS 0x0000000089e00000, 0x0000000089e00000| Untracked 
|  63|0x0000000089f00000, 0x0000000089f00000, 0x000000008a000000|  0%| F|  |TAMS 0x0000000089f00000, 0x0000000089f00000| Untracked 
|  64|0x000000008a000000, 0x000000008a000000, 0x000000008a100000|  0%| F|  |TAMS 0x000000008a000000, 0x000000008a000000| Untracked 
|  65|0x000000008a100000, 0x000000008a100000, 0x000000008a200000|  0%| F|  |TAMS 0x000000008a100000, 0x000000008a100000| Untracked 
|  66|0x000000008a200000, 0x000000008a200000, 0x000000008a300000|  0%| F|  |TAMS 0x000000008a200000, 0x000000008a200000| Untracked 
|  67|0x000000008a300000, 0x000000008a300000, 0x000000008a400000|  0%| F|  |TAMS 0x000000008a300000, 0x000000008a300000| Untracked 
|  68|0x000000008a400000, 0x000000008a400000, 0x000000008a500000|  0%| F|  |TAMS 0x000000008a400000, 0x000000008a400000| Untracked 
|  69|0x000000008a500000, 0x000000008a500000, 0x000000008a600000|  0%| F|  |TAMS 0x000000008a500000, 0x000000008a500000| Untracked 
|  70|0x000000008a600000, 0x000000008a600000, 0x000000008a700000|  0%| F|  |TAMS 0x000000008a600000, 0x000000008a600000| Untracked 
|  71|0x000000008a700000, 0x000000008a700000, 0x000000008a800000|  0%| F|  |TAMS 0x000000008a700000, 0x000000008a700000| Untracked 
|  72|0x000000008a800000, 0x000000008a800000, 0x000000008a900000|  0%| F|  |TAMS 0x000000008a800000, 0x000000008a800000| Untracked 
|  73|0x000000008a900000, 0x000000008a900000, 0x000000008aa00000|  0%| F|  |TAMS 0x000000008a900000, 0x000000008a900000| Untracked 
|  74|0x000000008aa00000, 0x000000008aa00000, 0x000000008ab00000|  0%| F|  |TAMS 0x000000008aa00000, 0x000000008aa00000| Untracked 
|  75|0x000000008ab00000, 0x000000008ab00000, 0x000000008ac00000|  0%| F|  |TAMS 0x000000008ab00000, 0x000000008ab00000| Untracked 
|  76|0x000000008ac00000, 0x000000008ac00000, 0x000000008ad00000|  0%| F|  |TAMS 0x000000008ac00000, 0x000000008ac00000| Untracked 
|  77|0x000000008ad00000, 0x000000008ad00000, 0x000000008ae00000|  0%| F|  |TAMS 0x000000008ad00000, 0x000000008ad00000| Untracked 
|  78|0x000000008ae00000, 0x000000008ae00000, 0x000000008af00000|  0%| F|  |TAMS 0x000000008ae00000, 0x000000008ae00000| Untracked 
|  79|0x000000008af00000, 0x000000008af00000, 0x000000008b000000|  0%| F|  |TAMS 0x000000008af00000, 0x000000008af00000| Untracked 
|  80|0x000000008b000000, 0x000000008b000000, 0x000000008b100000|  0%| F|  |TAMS 0x000000008b000000, 0x000000008b000000| Untracked 
|  81|0x000000008b100000, 0x000000008b100000, 0x000000008b200000|  0%| F|  |TAMS 0x000000008b100000, 0x000000008b100000| Untracked 
|  82|0x000000008b200000, 0x000000008b200000, 0x000000008b300000|  0%| F|  |TAMS 0x000000008b200000, 0x000000008b200000| Untracked 
|  83|0x000000008b300000, 0x000000008b300000, 0x000000008b400000|  0%| F|  |TAMS 0x000000008b300000, 0x000000008b300000| Untracked 
|  84|0x000000008b400000, 0x000000008b400000, 0x000000008b500000|  0%| F|  |TAMS 0x000000008b400000, 0x000000008b400000| Untracked 
|  85|0x000000008b500000, 0x000000008b500000, 0x000000008b600000|  0%| F|  |TAMS 0x000000008b500000, 0x000000008b500000| Untracked 
|  86|0x000000008b600000, 0x000000008b600000, 0x000000008b700000|  0%| F|  |TAMS 0x000000008b600000, 0x000000008b600000| Untracked 
|  87|0x000000008b700000, 0x000000008b700000, 0x000000008b800000|  0%| F|  |TAMS 0x000000008b700000, 0x000000008b700000| Untracked 
|  88|0x000000008b800000, 0x000000008b800000, 0x000000008b900000|  0%| F|  |TAMS 0x000000008b800000, 0x000000008b800000| Untracked 
|  89|0x000000008b900000, 0x000000008b900000, 0x000000008ba00000|  0%| F|  |TAMS 0x000000008b900000, 0x000000008b900000| Untracked 
|  90|0x000000008ba00000, 0x000000008ba00000, 0x000000008bb00000|  0%| F|  |TAMS 0x000000008ba00000, 0x000000008ba00000| Untracked 
|  91|0x000000008bb00000, 0x000000008bb00000, 0x000000008bc00000|  0%| F|  |TAMS 0x000000008bb00000, 0x000000008bb00000| Untracked 
|  92|0x000000008bc00000, 0x000000008bc00000, 0x000000008bd00000|  0%| F|  |TAMS 0x000000008bc00000, 0x000000008bc00000| Untracked 
|  93|0x000000008bd00000, 0x000000008bd00000, 0x000000008be00000|  0%| F|  |TAMS 0x000000008bd00000, 0x000000008bd00000| Untracked 
|  94|0x000000008be00000, 0x000000008be00000, 0x000000008bf00000|  0%| F|  |TAMS 0x000000008be00000, 0x000000008be00000| Untracked 
|  95|0x000000008bf00000, 0x000000008bf00000, 0x000000008c000000|  0%| F|  |TAMS 0x000000008bf00000, 0x000000008bf00000| Untracked 
|  96|0x000000008c000000, 0x000000008c000000, 0x000000008c100000|  0%| F|  |TAMS 0x000000008c000000, 0x000000008c000000| Untracked 
|  97|0x000000008c100000, 0x000000008c100000, 0x000000008c200000|  0%| F|  |TAMS 0x000000008c100000, 0x000000008c100000| Untracked 
|  98|0x000000008c200000, 0x000000008c200000, 0x000000008c300000|  0%| F|  |TAMS 0x000000008c200000, 0x000000008c200000| Untracked 
|  99|0x000000008c300000, 0x000000008c300000, 0x000000008c400000|  0%| F|  |TAMS 0x000000008c300000, 0x000000008c300000| Untracked 
| 100|0x000000008c400000, 0x000000008c400000, 0x000000008c500000|  0%| F|  |TAMS 0x000000008c400000, 0x000000008c400000| Untracked 
| 101|0x000000008c500000, 0x000000008c500000, 0x000000008c600000|  0%| F|  |TAMS 0x000000008c500000, 0x000000008c500000| Untracked 
| 102|0x000000008c600000, 0x000000008c600000, 0x000000008c700000|  0%| F|  |TAMS 0x000000008c600000, 0x000000008c600000| Untracked 
| 103|0x000000008c700000, 0x000000008c700000, 0x000000008c800000|  0%| F|  |TAMS 0x000000008c700000, 0x000000008c700000| Untracked 
| 104|0x000000008c800000, 0x000000008c800000, 0x000000008c900000|  0%| F|  |TAMS 0x000000008c800000, 0x000000008c800000| Untracked 
| 105|0x000000008c900000, 0x000000008c900000, 0x000000008ca00000|  0%| F|  |TAMS 0x000000008c900000, 0x000000008c900000| Untracked 
| 106|0x000000008ca00000, 0x000000008ca00000, 0x000000008cb00000|  0%| F|  |TAMS 0x000000008ca00000, 0x000000008ca00000| Untracked 
| 107|0x000000008cb00000, 0x000000008cb00000, 0x000000008cc00000|  0%| F|  |TAMS 0x000000008cb00000, 0x000000008cb00000| Untracked 
| 108|0x000000008cc00000, 0x000000008cc00000, 0x000000008cd00000|  0%| F|  |TAMS 0x000000008cc00000, 0x000000008cc00000| Untracked 
| 109|0x000000008cd00000, 0x000000008cd00000, 0x000000008ce00000|  0%| F|  |TAMS 0x000000008cd00000, 0x000000008cd00000| Untracked 
| 110|0x000000008ce00000, 0x000000008ce00000, 0x000000008cf00000|  0%| F|  |TAMS 0x000000008ce00000, 0x000000008ce00000| Untracked 
| 111|0x000000008cf00000, 0x000000008cf00000, 0x000000008d000000|  0%| F|  |TAMS 0x000000008cf00000, 0x000000008cf00000| Untracked 
| 112|0x000000008d000000, 0x000000008d000000, 0x000000008d100000|  0%| F|  |TAMS 0x000000008d000000, 0x000000008d000000| Untracked 
| 113|0x000000008d100000, 0x000000008d100000, 0x000000008d200000|  0%| F|  |TAMS 0x000000008d100000, 0x000000008d100000| Untracked 
| 114|0x000000008d200000, 0x000000008d200000, 0x000000008d300000|  0%| F|  |TAMS 0x000000008d200000, 0x000000008d200000| Untracked 
| 115|0x000000008d300000, 0x000000008d300000, 0x000000008d400000|  0%| F|  |TAMS 0x000000008d300000, 0x000000008d300000| Untracked 
| 116|0x000000008d400000, 0x000000008d500000, 0x000000008d500000|100%| E|  |TAMS 0x000000008d400000, 0x000000008d400000| Complete 
| 117|0x000000008d500000, 0x000000008d600000, 0x000000008d600000|100%| E|CS|TAMS 0x000000008d500000, 0x000000008d500000| Complete 
| 118|0x000000008d600000, 0x000000008d700000, 0x000000008d700000|100%| E|CS|TAMS 0x000000008d600000, 0x000000008d600000| Complete 
| 119|0x000000008d700000, 0x000000008d800000, 0x000000008d800000|100%| E|CS|TAMS 0x000000008d700000, 0x000000008d700000| Complete 
| 120|0x000000008d800000, 0x000000008d900000, 0x000000008d900000|100%| E|  |TAMS 0x000000008d800000, 0x000000008d800000| Complete 
| 121|0x000000008d900000, 0x000000008da00000, 0x000000008da00000|100%| E|CS|TAMS 0x000000008d900000, 0x000000008d900000| Complete 
|1950|0x00000000ffe00000, 0x00000000ffe75000, 0x00000000fff00000| 45%|OA|  |TAMS 0x00000000ffe00000, 0x00000000ffe00000| Untracked 
|1951|0x00000000fff00000, 0x00000000fff80000, 0x0000000100000000| 50%|CA|  |TAMS 0x00000000fff00000, 0x00000000fff00000| Untracked 

Card table byte_map: [0x00007fdba096d000,0x00007fdba0d3d000] _byte_map_base: 0x00007fdba053d000

Marking Bits (Prev, Next): (CMBitMap*) 0x00007fdb9c064cf0, (CMBitMap*) 0x00007fdb9c064d30
 Prev Bits: [0x00007fdb83964000, 0x00007fdb857e4000)
 Next Bits: [0x00007fdb81ae4000, 0x00007fdb83964000)

Polling page: 0x00007fdba3261000

Metaspace:

Usage:
  Non-class:      1.06 MB used.
      Class:    103.97 KB used.
       Both:      1.17 MB used.

Virtual space:
  Non-class space:        8.00 MB reserved,       1.12 MB ( 14%) committed,  1 nodes.
      Class space:        1.00 GB reserved,     192.00 KB ( <1%) committed,  1 nodes.
              Both:        1.01 GB reserved,       1.31 MB ( <1%) committed. 

Chunk freelists:
   Non-Class:  3.98 MB
       Class:  3.74 MB
        Both:  7.72 MB

MaxMetaspaceSize: 17179869184.00 GB
CompressedClassSpaceSize: 1.00 GB
 - commit_granule_bytes: 65536.
 - commit_granule_words: 8192.
 - virtual_space_node_default_size: 1048576.
 - enlarge_chunks_in_place: 1.
 - new_chunks_are_fully_committed: 0.
 - uncommit_free_chunks: 1.
 - use_allocation_guard: 0.
 - handle_deallocations: 1.


Internal statistics:

num_allocs_failed_limit: 0.
num_arena_births: 14.
num_arena_deaths: 0.
num_vsnodes_births: 2.
num_vsnodes_deaths: 0.
num_space_committed: 21.
num_space_uncommitted: 0.
num_chunks_returned_to_freelist: 0.
num_chunks_taken_from_freelist: 17.
num_chunk_merges: 0.
num_chunk_splits: 9.
num_chunks_enlarged: 5.
num_purges: 0.

CodeHeap 'non-profiled nmethods': size=238384Kb used=355Kb max_used=355Kb free=238028Kb
 bounds [0x00007fdb85f18000, 0x00007fdb86188000, 0x00007fdb947e4000]
CodeHeap 'non-nmethods': size=7376Kb used=1117Kb max_used=1117Kb free=6258Kb
 bounds [0x00007fdb857e4000, 0x00007fdb85a54000, 0x00007fdb85f18000]
 total_blobs=711 nmethods=313 adapters=327
 compilation: enabled
              stopped_count=0, restarted_count=0
 full_count=0

Compilation events (20 events):
Event: 0.200 Thread 0x00007fdb9c12f3f0  256   !   1       java.util.zip.ZipFile::getEntry (59 bytes)
Event: 0.200 Thread 0x00007fdb9c12f3f0 nmethod 256 0x00007fdb85f5d790 code [0x00007fdb85f5d960, 0x00007fdb85f5dc50]
Event: 0.200 Thread 0x00007fdb9c12f3f0  258   !   1       jdk.internal.loader.URLClassPath$JarLoader::ensureOpen (36 bytes)
Event: 0.201 Thread 0x00007fdb9c12f3f0 nmethod 258 0x00007fdb85f5de90 code [0x00007fdb85f5e0a0, 0x00007fdb85f5e4b0]
Event: 0.201 Thread 0x00007fdb9c12f3f0  257       1       java.lang.Class::getName (18 bytes)
Event: 0.201 Thread 0x00007fdb9c12f3f0 nmethod 257 0x00007fdb85f5e810 code [0x00007fdb85f5e9a0, 0x00007fdb85f5ea80]
Event: 0.201 Thread 0x00007fdb9c12f3f0  250       1       sun.nio.fs.UnixPath::getFileSystem (5 bytes)
Event: 0.201 Thread 0x00007fdb9c12f3f0 nmethod 250 0x00007fdb85f5eb10 code [0x00007fdb85f5eca0, 0x00007fdb85f5ed70]
Event: 0.203 Thread 0x00007fdb9c12f3f0  259       1       java.lang.invoke.MethodType::ptypes (5 bytes)
Event: 0.203 Thread 0x00007fdb9c12f3f0 nmethod 259 0x00007fdb85f5f110 code [0x00007fdb85f5f2a0, 0x00007fdb85f5f370]
Event: 0.204 Thread 0x00007fdb9c12f3f0  262       1       jdk.internal.org.objectweb.asm.SymbolTable::get (13 bytes)
Event: 0.204 Thread 0x00007fdb9c12f3f0 nmethod 262 0x00007fdb85f5f890 code [0x00007fdb85f5fa20, 0x00007fdb85f5fb30]
Event: 0.204 Thread 0x00007fdb9c12f3f0  263       1       jdk.internal.org.objectweb.asm.ByteVector::putUTF8 (144 bytes)
Event: 0.205 Thread 0x00007fdb9c12f3f0 nmethod 263 0x00007fdb85f5fc10 code [0x00007fdb85f5fe20, 0x00007fdb85f60300]
Event: 0.206 Thread 0x00007fdb9c12f3f0  264       1       jdk.internal.org.objectweb.asm.SymbolTable::hash (10 bytes)
Event: 0.206 Thread 0x00007fdb9c12f3f0 nmethod 264 0x00007fdb85f60690 code [0x00007fdb85f60820, 0x00007fdb85f608e0]
Event: 0.206 Thread 0x00007fdb9c12f3f0  265       1       java.lang.Module::getDescriptor (5 bytes)
Event: 0.206 Thread 0x00007fdb9c12f3f0 nmethod 265 0x00007fdb85f60990 code [0x00007fdb85f60b20, 0x00007fdb85f60bf0]
Event: 0.206 Thread 0x00007fdb9c12f3f0  266       1       java.lang.Class::getModule (5 bytes)
Event: 0.206 Thread 0x00007fdb9c12f3f0 nmethod 266 0x00007fdb85f60c90 code [0x00007fdb85f60e20, 0x00007fdb85f60ef0]

GC Heap History (0 events):
No events

Deoptimization events (0 events):
No events

Classes unloaded (0 events):
No events

Classes redefined (0 events):
No events

Internal exceptions (3 events):
Event: 0.202 Thread 0x00007fdb9c025930 Exception <a 'java/lang/NoSuchMethodError'{0x000000008d4342d0}: 'void java.lang.invoke.DirectMethodHandle$Holder.invokeSpecial(java.lang.Object, java.lang.Object, java.lang.Object)'> (0x000000008d4342d0) 
thrown [open/src/hotspot/share/interpreter/linkResolver.cpp, line 789]
Event: 0.203 Thread 0x00007fdb9c40dce0 Exception <a 'java/lang/NoSuchMethodError'{0x000000008d498f70}: 'java.lang.Object java.lang.invoke.DirectMethodHandle$Holder.invokeStatic(java.lang.Object)'> (0x000000008d498f70) 
thrown [open/src/hotspot/share/interpreter/linkResolver.cpp, line 789]
Event: 0.204 Thread 0x00007fdb9c40dce0 Exception <a 'java/lang/NoSuchMethodError'{0x000000008d49c678}: 'java.lang.Object java.lang.invoke.DirectMethodHandle$Holder.invokeStaticInit(java.lang.Object)'> (0x000000008d49c678) 
thrown [open/src/hotspot/share/interpreter/linkResolver.cpp, line 789]

Events (20 events):
Event: 0.205 loading class sun/net/NetProperties
Event: 0.205 loading class sun/net/NetProperties done
Event: 0.205 loading class sun/net/NetProperties$1
Event: 0.205 loading class sun/net/NetProperties$1 done
Event: 0.205 Loaded shared library /home/cheikh/.jdks/openjdk-16.0.1/lib/libjimage.so
Event: 0.205 loading class sun/nio/ch/NioSocketImpl
Event: 0.206 loading class sun/net/PlatformSocketImpl
Event: 0.206 loading class sun/net/PlatformSocketImpl done
Event: 0.206 loading class sun/nio/ch/NioSocketImpl done
Event: 0.206 loading class jdk/internal/jimage/ImageLocation
Event: 0.206 loading class sun/nio/ch/SocketDispatcher
Event: 0.206 loading class sun/nio/ch/NativeDispatcher
Event: 0.206 loading class sun/nio/ch/NativeDispatcher done
Event: 0.206 loading class sun/nio/ch/SocketDispatcher done
Event: 0.206 loading class jdk/internal/jimage/ImageLocation done
Event: 0.206 loading class sun/nio/ch/IOUtil
Event: 0.206 loading class sun/nio/ch/IOUtil done
Event: 0.207 loading class java/net/SocksSocketImpl
Event: 0.207 loading class java/net/SocksConsts
Event: 0.207 loading class java/net/SocksConsts done


Dynamic libraries:
86000000-8da00000 rw-p 00000000 00:00 0 
8da00000-ffe00000 ---p 00000000 00:00 0 
ffe00000-ffe75000 rw-p 00c79000 103:07 142323                            /home/cheikh/.jdks/openjdk-16.0.1/lib/server/classes.jsa
ffe75000-fff00000 rw-p 00000000 00:00 0 
fff00000-fff80000 rw-p 00bf9000 103:07 142323                            /home/cheikh/.jdks/openjdk-16.0.1/lib/server/classes.jsa
fff80000-100000000 rw-p 00000000 00:00 0 
800000000-800003000 rwxp 00001000 103:07 142323                          /home/cheikh/.jdks/openjdk-16.0.1/lib/server/classes.jsa
800003000-800411000 rw-p 00004000 103:07 142323                          /home/cheikh/.jdks/openjdk-16.0.1/lib/server/classes.jsa
800411000-800bc1000 r--p 00412000 103:07 142323                          /home/cheikh/.jdks/openjdk-16.0.1/lib/server/classes.jsa
800bc1000-800c00000 ---p 00000000 00:00 0 
800c00000-800c10000 rw-p 00000000 00:00 0 
800c10000-800c40000 ---p 00000000 00:00 0 
800c40000-800c60000 rw-p 00000000 00:00 0 
800c60000-840c00000 ---p 00000000 00:00 0 
560bf0128000-560bf0129000 r-xp 00000000 103:07 5120862                   /home/cheikh/.jdks/openjdk-16.0.1/bin/java
560bf012a000-560bf012b000 r--p 00001000 103:07 5120862                   /home/cheikh/.jdks/openjdk-16.0.1/bin/java
560bf012b000-560bf012c000 rw-p 00002000 103:07 5120862                   /home/cheikh/.jdks/openjdk-16.0.1/bin/java
560bf18f2000-560bf1913000 rw-p 00000000 00:00 0                          [heap]
7fdb3c000000-7fdb3c021000 rw-p 00000000 00:00 0 
7fdb3c021000-7fdb40000000 ---p 00000000 00:00 0 
7fdb40000000-7fdb40021000 rw-p 00000000 00:00 0 
7fdb40021000-7fdb44000000 ---p 00000000 00:00 0 
7fdb44000000-7fdb44021000 rw-p 00000000 00:00 0 
7fdb44021000-7fdb48000000 ---p 00000000 00:00 0 
7fdb48000000-7fdb48021000 rw-p 00000000 00:00 0 
7fdb48021000-7fdb4c000000 ---p 00000000 00:00 0 
7fdb4c000000-7fdb4c021000 rw-p 00000000 00:00 0 
7fdb4c021000-7fdb50000000 ---p 00000000 00:00 0 
7fdb50000000-7fdb500f4000 rw-p 00000000 00:00 0 
7fdb500f4000-7fdb54000000 ---p 00000000 00:00 0 
7fdb54000000-7fdb54021000 rw-p 00000000 00:00 0 
7fdb54021000-7fdb58000000 ---p 00000000 00:00 0 
7fdb58000000-7fdb58021000 rw-p 00000000 00:00 0 
7fdb58021000-7fdb5c000000 ---p 00000000 00:00 0 
7fdb5c000000-7fdb5c021000 rw-p 00000000 00:00 0 
7fdb5c021000-7fdb60000000 ---p 00000000 00:00 0 
7fdb60000000-7fdb60021000 rw-p 00000000 00:00 0 
7fdb60021000-7fdb64000000 ---p 00000000 00:00 0 
7fdb64000000-7fdb64021000 rw-p 00000000 00:00 0 
7fdb64021000-7fdb68000000 ---p 00000000 00:00 0 
7fdb68000000-7fdb68021000 rw-p 00000000 00:00 0 
7fdb68021000-7fdb6c000000 ---p 00000000 00:00 0 
7fdb6c000000-7fdb6c021000 rw-p 00000000 00:00 0 
7fdb6c021000-7fdb70000000 ---p 00000000 00:00 0 
7fdb71169000-7fdb7150f000 rw-p 00000000 00:00 0 
7fdb7150f000-7fdb71513000 ---p 00000000 00:00 0 
7fdb71513000-7fdb71610000 rw-p 00000000 00:00 0 
7fdb71610000-7fdb71614000 ---p 00000000 00:00 0 
7fdb71614000-7fdb71711000 rw-p 00000000 00:00 0 
7fdb71711000-7fdb71715000 ---p 00000000 00:00 0 
7fdb71715000-7fdb71812000 rw-p 00000000 00:00 0 
7fdb71812000-7fdb72000000 r--p 00000000 103:07 3933017                   /usr/lib/locale/locale-archive
7fdb72000000-7fdb74000000 rw-p 00000000 00:00 0 
7fdb74000000-7fdb74021000 rw-p 00000000 00:00 0 
7fdb74021000-7fdb78000000 ---p 00000000 00:00 0 
7fdb78000000-7fdb78021000 rw-p 00000000 00:00 0 
7fdb78021000-7fdb7c000000 ---p 00000000 00:00 0 
7fdb7c000000-7fdb7c021000 rw-p 00000000 00:00 0 
7fdb7c021000-7fdb80000000 ---p 00000000 00:00 0 
7fdb800f9000-7fdb800fd000 ---p 00000000 00:00 0 
7fdb800fd000-7fdb801fa000 rw-p 00000000 00:00 0 
7fdb801fa000-7fdb801fe000 ---p 00000000 00:00 0 
7fdb801fe000-7fdb802fb000 rw-p 00000000 00:00 0 
7fdb802fb000-7fdb802ff000 ---p 00000000 00:00 0 
7fdb802ff000-7fdb803fc000 rw-p 00000000 00:00 0 
7fdb803fc000-7fdb80400000 ---p 00000000 00:00 0 
7fdb80400000-7fdb804fd000 rw-p 00000000 00:00 0 
7fdb804fd000-7fdb80501000 ---p 00000000 00:00 0 
7fdb80501000-7fdb805fe000 rw-p 00000000 00:00 0 
7fdb805fe000-7fdb80602000 ---p 00000000 00:00 0 
7fdb80602000-7fdb806ff000 rw-p 00000000 00:00 0 
7fdb806ff000-7fdb80703000 ---p 00000000 00:00 0 
7fdb80703000-7fdb80920000 rw-p 00000000 00:00 0 
7fdb80920000-7fdb80c00000 ---p 00000000 00:00 0 
7fdb80c00000-7fdb80c10000 rw-p 00000000 00:00 0 
7fdb80c10000-7fdb81000000 ---p 00000000 00:00 0 
7fdb81087000-7fdb8108c000 r-xp 00000000 103:07 5771492                   /home/cheikh/.jdks/openjdk-16.0.1/lib/libmanagement_ext.so
7fdb8108c000-7fdb8108d000 ---p 00005000 103:07 5771492                   /home/cheikh/.jdks/openjdk-16.0.1/lib/libmanagement_ext.so
7fdb8108d000-7fdb8108e000 r--p 00005000 103:07 5771492                   /home/cheikh/.jdks/openjdk-16.0.1/lib/libmanagement_ext.so
7fdb8108e000-7fdb8108f000 rw-p 00006000 103:07 5771492                   /home/cheikh/.jdks/openjdk-16.0.1/lib/libmanagement_ext.so
7fdb8108f000-7fdb810a4000 r-xp 00000000 103:07 5771494                   /home/cheikh/.jdks/openjdk-16.0.1/lib/libnet.so
7fdb810a4000-7fdb810a5000 r--p 00014000 103:07 5771494                   /home/cheikh/.jdks/openjdk-16.0.1/lib/libnet.so
7fdb810a5000-7fdb810a6000 rw-p 00015000 103:07 5771494                   /home/cheikh/.jdks/openjdk-16.0.1/lib/libnet.so
7fdb810a6000-7fdb810b9000 r-xp 00000000 103:07 5771495                   /home/cheikh/.jdks/openjdk-16.0.1/lib/libnio.so
7fdb810b9000-7fdb810ba000 r--p 00012000 103:07 5771495                   /home/cheikh/.jdks/openjdk-16.0.1/lib/libnio.so
7fdb810ba000-7fdb810bb000 rw-p 00013000 103:07 5771495                   /home/cheikh/.jdks/openjdk-16.0.1/lib/libnio.so
7fdb810bb000-7fdb810bc000 ---p 00000000 00:00 0 
7fdb810bc000-7fdb812da000 rw-p 00000000 00:00 0 
7fdb812da000-7fdb812db000 ---p 00000000 00:00 0 
7fdb812db000-7fdb813dc000 rw-p 00000000 00:00 0 
7fdb813dc000-7fdb813dd000 ---p 00000000 00:00 0 
7fdb813dd000-7fdb81ccc000 rw-p 00000000 00:00 0 
7fdb81ccc000-7fdb8395c000 ---p 00000000 00:00 0 
7fdb8395c000-7fdb83b4c000 rw-p 00000000 00:00 0 
7fdb83b4c000-7fdb857dc000 ---p 00000000 00:00 0 
7fdb857dc000-7fdb857e4000 rw-p 00000000 00:00 0 
7fdb857e4000-7fdb85a54000 rwxp 00000000 00:00 0 
7fdb85a54000-7fdb85f18000 ---p 00000000 00:00 0 
7fdb85f18000-7fdb86188000 rwxp 00000000 00:00 0 
7fdb86188000-7fdb947e4000 ---p 00000000 00:00 0 
7fdb947e4000-7fdb9c000000 r--s 00000000 103:07 5771503                   /home/cheikh/.jdks/openjdk-16.0.1/lib/modules
7fdb9c000000-7fdb9c43c000 rw-p 00000000 00:00 0 
7fdb9c43c000-7fdba0000000 ---p 00000000 00:00 0 
7fdba0006000-7fdba000d000 r--s 00000000 103:07 4464148                   /usr/lib/x86_64-linux-gnu/gconv/gconv-modules.cache
7fdba000d000-7fdba0014000 r-xp 00000000 103:07 5771502                   /home/cheikh/.jdks/openjdk-16.0.1/lib/libzip.so
7fdba0014000-7fdba0015000 ---p 00007000 103:07 5771502                   /home/cheikh/.jdks/openjdk-16.0.1/lib/libzip.so
7fdba0015000-7fdba0016000 r--p 00007000 103:07 5771502                   /home/cheikh/.jdks/openjdk-16.0.1/lib/libzip.so
7fdba0016000-7fdba0017000 rw-p 00008000 103:07 5771502                   /home/cheikh/.jdks/openjdk-16.0.1/lib/libzip.so
7fdba0017000-7fdba0219000 rw-p 00000000 00:00 0 
7fdba0219000-7fdba021a000 ---p 00000000 00:00 0 
7fdba021a000-7fdba031b000 rw-p 00000000 00:00 0 
7fdba031b000-7fdba031c000 ---p 00000000 00:00 0 
7fdba031c000-7fdba041d000 rw-p 00000000 00:00 0 
7fdba041d000-7fdba041e000 ---p 00000000 00:00 0 
7fdba041e000-7fdba05da000 rw-p 00000000 00:00 0 
7fdba05da000-7fdba096c000 ---p 00000000 00:00 0 
7fdba096c000-7fdba09aa000 rw-p 00000000 00:00 0 
7fdba09aa000-7fdba0d3c000 ---p 00000000 00:00 0 
7fdba0d3c000-7fdba0d7a000 rw-p 00000000 00:00 0 
7fdba0d7a000-7fdba110c000 ---p 00000000 00:00 0 
7fdba110c000-7fdba191a000 rw-p 00000000 00:00 0 
7fdba191a000-7fdba1ae7000 ---p 00000000 00:00 0 
7fdba1ae7000-7fdba1aea000 r--p 00000000 103:07 3934356                   /usr/lib/x86_64-linux-gnu/libnss_files-2.31.so
7fdba1aea000-7fdba1af1000 r-xp 00003000 103:07 3934356                   /usr/lib/x86_64-linux-gnu/libnss_files-2.31.so
7fdba1af1000-7fdba1af3000 r--p 0000a000 103:07 3934356                   /usr/lib/x86_64-linux-gnu/libnss_files-2.31.so
7fdba1af3000-7fdba1af4000 r--p 0000b000 103:07 3934356                   /usr/lib/x86_64-linux-gnu/libnss_files-2.31.so
7fdba1af4000-7fdba1af5000 rw-p 0000c000 103:07 3934356                   /usr/lib/x86_64-linux-gnu/libnss_files-2.31.so
7fdba1af5000-7fdba1afb000 rw-p 00000000 00:00 0 
7fdba1afc000-7fdba1b00000 r-xp 00000000 103:07 5771490                   /home/cheikh/.jdks/openjdk-16.0.1/lib/libmanagement.so
7fdba1b00000-7fdba1b01000 r--p 00003000 103:07 5771490                   /home/cheikh/.jdks/openjdk-16.0.1/lib/libmanagement.so
7fdba1b01000-7fdba1b02000 rw-p 00004000 103:07 5771490                   /home/cheikh/.jdks/openjdk-16.0.1/lib/libmanagement.so
7fdba1b02000-7fdba1b07000 rw-p 00000000 00:00 0 
7fdba1b07000-7fdba1b11000 ---p 00000000 00:00 0 
7fdba1b11000-7fdba1b35000 r-xp 00000000 103:07 5771481                   /home/cheikh/.jdks/openjdk-16.0.1/lib/libjava.so
7fdba1b35000-7fdba1b36000 ---p 00024000 103:07 5771481                   /home/cheikh/.jdks/openjdk-16.0.1/lib/libjava.so
7fdba1b36000-7fdba1b37000 r--p 00024000 103:07 5771481                   /home/cheikh/.jdks/openjdk-16.0.1/lib/libjava.so
7fdba1b37000-7fdba1b38000 rw-p 00025000 103:07 5771481                   /home/cheikh/.jdks/openjdk-16.0.1/lib/libjava.so
7fdba1b38000-7fdba1b39000 rw-p 00000000 00:00 0 
7fdba1b39000-7fdba1b54000 r-xp 00000000 103:07 5771485                   /home/cheikh/.jdks/openjdk-16.0.1/lib/libjimage.so
7fdba1b54000-7fdba1b55000 ---p 0001b000 103:07 5771485                   /home/cheikh/.jdks/openjdk-16.0.1/lib/libjimage.so
7fdba1b55000-7fdba1b57000 r--p 0001b000 103:07 5771485                   /home/cheikh/.jdks/openjdk-16.0.1/lib/libjimage.so
7fdba1b57000-7fdba1b58000 rw-p 0001d000 103:07 5771485                   /home/cheikh/.jdks/openjdk-16.0.1/lib/libjimage.so
7fdba1b58000-7fdba1b5b000 r--p 00000000 103:07 3934367                   /usr/lib/x86_64-linux-gnu/librt-2.31.so
7fdba1b5b000-7fdba1b5f000 r-xp 00003000 103:07 3934367                   /usr/lib/x86_64-linux-gnu/librt-2.31.so
7fdba1b5f000-7fdba1b60000 r--p 00007000 103:07 3934367                   /usr/lib/x86_64-linux-gnu/librt-2.31.so
7fdba1b60000-7fdba1b61000 ---p 00008000 103:07 3934367                   /usr/lib/x86_64-linux-gnu/librt-2.31.so
7fdba1b61000-7fdba1b62000 r--p 00008000 103:07 3934367                   /usr/lib/x86_64-linux-gnu/librt-2.31.so
7fdba1b62000-7fdba1b63000 rw-p 00009000 103:07 3934367                   /usr/lib/x86_64-linux-gnu/librt-2.31.so
7fdba1b63000-7fdba1b67000 ---p 00000000 00:00 0 
7fdba1b67000-7fdba1c64000 rw-p 00000000 00:00 0 
7fdba1c64000-7fdba1c73000 r--p 00000000 103:07 3934350                   /usr/lib/x86_64-linux-gnu/libm-2.31.so
7fdba1c73000-7fdba1d1a000 r-xp 0000f000 103:07 3934350                   /usr/lib/x86_64-linux-gnu/libm-2.31.so
7fdba1d1a000-7fdba1db1000 r--p 000b6000 103:07 3934350                   /usr/lib/x86_64-linux-gnu/libm-2.31.so
7fdba1db1000-7fdba1db2000 r--p 0014c000 103:07 3934350                   /usr/lib/x86_64-linux-gnu/libm-2.31.so
7fdba1db2000-7fdba1db3000 rw-p 0014d000 103:07 3934350                   /usr/lib/x86_64-linux-gnu/libm-2.31.so
7fdba1db3000-7fdba2ec1000 r-xp 00000000 103:07 142326                    /home/cheikh/.jdks/openjdk-16.0.1/lib/server/libjvm.so
7fdba2ec1000-7fdba2ec2000 ---p 0110e000 103:07 142326                    /home/cheikh/.jdks/openjdk-16.0.1/lib/server/libjvm.so
7fdba2ec2000-7fdba2f73000 r--p 0110e000 103:07 142326                    /home/cheikh/.jdks/openjdk-16.0.1/lib/server/libjvm.so
7fdba2f73000-7fdba2fa6000 rw-p 011bf000 103:07 142326                    /home/cheikh/.jdks/openjdk-16.0.1/lib/server/libjvm.so
7fdba2fa6000-7fdba3003000 rw-p 00000000 00:00 0 
7fdba3003000-7fdba3028000 r--p 00000000 103:07 3934348                   /usr/lib/x86_64-linux-gnu/libc-2.31.so
7fdba3028000-7fdba31a0000 r-xp 00025000 103:07 3934348                   /usr/lib/x86_64-linux-gnu/libc-2.31.so
7fdba31a0000-7fdba31ea000 r--p 0019d000 103:07 3934348                   /usr/lib/x86_64-linux-gnu/libc-2.31.so
7fdba31ea000-7fdba31eb000 ---p 001e7000 103:07 3934348                   /usr/lib/x86_64-linux-gnu/libc-2.31.so
7fdba31eb000-7fdba31ee000 r--p 001e7000 103:07 3934348                   /usr/lib/x86_64-linux-gnu/libc-2.31.so
7fdba31ee000-7fdba31f1000 rw-p 001ea000 103:07 3934348                   /usr/lib/x86_64-linux-gnu/libc-2.31.so
7fdba31f1000-7fdba31f5000 rw-p 00000000 00:00 0 
7fdba31f5000-7fdba31f6000 r--p 00000000 103:07 3934349                   /usr/lib/x86_64-linux-gnu/libdl-2.31.so
7fdba31f6000-7fdba31f8000 r-xp 00001000 103:07 3934349                   /usr/lib/x86_64-linux-gnu/libdl-2.31.so
7fdba31f8000-7fdba31f9000 r--p 00003000 103:07 3934349                   /usr/lib/x86_64-linux-gnu/libdl-2.31.so
7fdba31f9000-7fdba31fa000 r--p 00003000 103:07 3934349                   /usr/lib/x86_64-linux-gnu/libdl-2.31.so
7fdba31fa000-7fdba31fb000 rw-p 00004000 103:07 3934349                   /usr/lib/x86_64-linux-gnu/libdl-2.31.so
7fdba31fb000-7fdba3202000 r--p 00000000 103:07 3934365                   /usr/lib/x86_64-linux-gnu/libpthread-2.31.so
7fdba3202000-7fdba3213000 r-xp 00007000 103:07 3934365                   /usr/lib/x86_64-linux-gnu/libpthread-2.31.so
7fdba3213000-7fdba3218000 r--p 00018000 103:07 3934365                   /usr/lib/x86_64-linux-gnu/libpthread-2.31.so
7fdba3218000-7fdba3219000 r--p 0001c000 103:07 3934365                   /usr/lib/x86_64-linux-gnu/libpthread-2.31.so
7fdba3219000-7fdba321a000 rw-p 0001d000 103:07 3934365                   /usr/lib/x86_64-linux-gnu/libpthread-2.31.so
7fdba321a000-7fdba321e000 rw-p 00000000 00:00 0 
7fdba321e000-7fdba322d000 r-xp 00000000 103:07 5771486                   /home/cheikh/.jdks/openjdk-16.0.1/lib/libjli.so
7fdba322d000-7fdba322e000 r--p 0000e000 103:07 5771486                   /home/cheikh/.jdks/openjdk-16.0.1/lib/libjli.so
7fdba322e000-7fdba322f000 rw-p 0000f000 103:07 5771486                   /home/cheikh/.jdks/openjdk-16.0.1/lib/libjli.so
7fdba322f000-7fdba3231000 r--p 00000000 103:07 3932354                   /usr/lib/x86_64-linux-gnu/libz.so.1.2.11
7fdba3231000-7fdba3242000 r-xp 00002000 103:07 3932354                   /usr/lib/x86_64-linux-gnu/libz.so.1.2.11
7fdba3242000-7fdba3248000 r--p 00013000 103:07 3932354                   /usr/lib/x86_64-linux-gnu/libz.so.1.2.11
7fdba3248000-7fdba3249000 ---p 00019000 103:07 3932354                   /usr/lib/x86_64-linux-gnu/libz.so.1.2.11
7fdba3249000-7fdba324a000 r--p 00019000 103:07 3932354                   /usr/lib/x86_64-linux-gnu/libz.so.1.2.11
7fdba324a000-7fdba324b000 rw-p 0001a000 103:07 3932354                   /usr/lib/x86_64-linux-gnu/libz.so.1.2.11
7fdba324b000-7fdba324d000 rw-p 00000000 00:00 0 
7fdba324d000-7fdba3255000 rw-s 00000000 103:07 1312512                   /tmp/hsperfdata_cheikh/44360
7fdba3255000-7fdba325f000 r-xp 00000000 103:07 5771476                   /home/cheikh/.jdks/openjdk-16.0.1/lib/libinstrument.so
7fdba325f000-7fdba3260000 r--p 00009000 103:07 5771476                   /home/cheikh/.jdks/openjdk-16.0.1/lib/libinstrument.so
7fdba3260000-7fdba3261000 rw-p 0000a000 103:07 5771476                   /home/cheikh/.jdks/openjdk-16.0.1/lib/libinstrument.so
7fdba3261000-7fdba3262000 ---p 00000000 00:00 0 
7fdba3262000-7fdba3263000 r--p 00000000 00:00 0 
7fdba3263000-7fdba3264000 r--p 00000000 103:07 3934344                   /usr/lib/x86_64-linux-gnu/ld-2.31.so
7fdba3264000-7fdba3287000 r-xp 00001000 103:07 3934344                   /usr/lib/x86_64-linux-gnu/ld-2.31.so
7fdba3287000-7fdba328f000 r--p 00024000 103:07 3934344                   /usr/lib/x86_64-linux-gnu/ld-2.31.so
7fdba328f000-7fdba3290000 ---p 00000000 00:00 0 
7fdba3290000-7fdba3291000 r--p 0002c000 103:07 3934344                   /usr/lib/x86_64-linux-gnu/ld-2.31.so
7fdba3291000-7fdba3292000 rw-p 0002d000 103:07 3934344                   /usr/lib/x86_64-linux-gnu/ld-2.31.so
7fdba3292000-7fdba3293000 rw-p 00000000 00:00 0 
7ffe77a3a000-7ffe77a5d000 rw-p 00000000 00:00 0                          [stack]
7ffe77afe000-7ffe77b02000 r--p 00000000 00:00 0                          [vvar]
7ffe77b02000-7ffe77b04000 r-xp 00000000 00:00 0                          [vdso]
ffffffffff600000-ffffffffff601000 --xp 00000000 00:00 0                  [vsyscall]


VM Arguments:
jvm_args: -XX:TieredStopAtLevel=1 -Xverify:none -Dspring.output.ansi.enabled=always -javaagent:/snap/intellij-idea-ultimate/333/lib/idea_rt.jar=25235:/snap/intellij-idea-ultimate/333/bin -Dcom.sun.management.jmxremote -Dspring.jmx.enabled=true -Dspring.liveBeansView.mbeanDomain -Dspring.application.admin.enabled=true -Dfile.encoding=UTF-8 
java_command: com.example.projetladoum.ProjetLadoumApplication
java_class_path (initial): /home/cheikh/Documents/workspace/Projets/Projet Ladoum/Implementation/back-end/Projet-ladoum/target/classes:/home/cheikh/.m2/repository/org/springframework/boot/spring-boot-starter-web/2.5.4/spring-boot-starter-web-2.5.4.jar:/home/cheikh/.m2/repository/org/springframework/boot/spring-boot-starter/2.5.4/spring-boot-starter-2.5.4.jar:/home/cheikh/.m2/repository/org/springframework/boot/spring-boot-starter-logging/2.5.4/spring-boot-starter-logging-2.5.4.jar:/home/cheikh/.m2/repository/ch/qos/logback/logback-classic/1.2.5/logback-classic-1.2.5.jar:/home/cheikh/.m2/repository/ch/qos/logback/logback-core/1.2.5/logback-core-1.2.5.jar:/home/cheikh/.m2/repository/org/apache/logging/log4j/log4j-to-slf4j/2.14.1/log4j-to-slf4j-2.14.1.jar:/home/cheikh/.m2/repository/org/apache/logging/log4j/log4j-api/2.14.1/log4j-api-2.14.1.jar:/home/cheikh/.m2/repository/org/slf4j/jul-to-slf4j/1.7.32/jul-to-slf4j-1.7.32.jar:/home/cheikh/.m2/repository/jakarta/annotation/jakarta.annotation-api/1.3.5/jakarta.annotation-api-1.3.5.jar:/home/cheikh/.m2/repository/org/yaml/snakeyaml/1.28/snakeyaml-1.28.jar:/home/cheikh/.m2/repository/org/springframework/boot/spring-boot-starter-json/2.5.4/spring-boot-starter-json-2.5.4.jar:/home/cheikh/.m2/repository/com/fasterxml/jackson/core/jackson-databind/2.12.4/jackson-databind-2.12.4.jar:/home/cheikh/.m2/repository/com/fasterxml/jackson/core/jackson-annotations/2.12.4/jackson-annotations-2.12.4.jar:/home/cheikh/.m2/repository/com/fasterxml/jackson/core/jackson-core/2.12.4/jackson-core-2.12.4.jar:/home/cheikh/.m2/repository/com/fasterxml/jackson/datatype/jackson-datatype-jdk8/2.12.4/jackson-datatype-jdk8-2.12.4.jar:/home/cheikh/.m2/repository/com/fasterxml/jackson/datatype/jackson-datatype-jsr310/2.12.4/jackson-datatype-jsr310-2.12.4.jar:/home/cheikh/.m2/repository/com/fasterxml/jackson/module/jackson-module-parameter-names/2.12.4/jackson-module-parameter-names-2.12.4.jar:/home/cheikh/.m2/repository/org/springframework/boot/spring-b
Launcher Type: SUN_STANDARD

[Global flags]
     intx CICompilerCount                          = 4                                         {product} {ergonomic}
     uint ConcGCThreads                            = 2                                         {product} {ergonomic}
     uint G1ConcRefinementThreads                  = 8                                         {product} {ergonomic}
   size_t G1HeapRegionSize                         = 1048576                                   {product} {ergonomic}
    uintx GCDrainStackTargetSize                   = 64                                        {product} {ergonomic}
   size_t InitialHeapSize                          = 127926272                                 {product} {ergonomic}
     bool ManagementServer                         = true                                      {product} {command line}
   size_t MarkStackSize                            = 4194304                                   {product} {ergonomic}
   size_t MaxHeapSize                              = 2046820352                                {product} {ergonomic}
   size_t MaxNewSize                               = 1227882496                                {product} {ergonomic}
   size_t MinHeapDeltaBytes                        = 1048576                                   {product} {ergonomic}
   size_t MinHeapSize                              = 8388608                                   {product} {ergonomic}
    uintx NonNMethodCodeHeapSize                   = 7549744                                {pd product} {ergonomic}
    uintx NonProfiledCodeHeapSize                  = 244108496                              {pd product} {ergonomic}
    uintx ProfiledCodeHeapSize                     = 0                                      {pd product} {ergonomic}
    uintx ReservedCodeCacheSize                    = 251658240                              {pd product} {ergonomic}
     bool SegmentedCodeCache                       = true                                      {product} {ergonomic}
   size_t SoftMaxHeapSize                          = 2046820352                             {manageable} {ergonomic}
     intx TieredStopAtLevel                        = 1                                         {product} {command line}
     bool UseCompressedClassPointers               = true                           {product lp64_product} {ergonomic}
     bool UseCompressedOops                        = true                           {product lp64_product} {ergonomic}
     bool UseG1GC                                  = true                                      {product} {ergonomic}

Logging:
Log output configuration:
 #0: stdout all=warning uptime,level,tags
 #1: stderr all=off uptime,level,tags

Environment Variables:
JAVA_HOME=/usr/lib/jvm/java-11-openjdk-amd64/
PATH=/usr/local/sbin:/usr/local/bin:/usr/sbin:/usr/bin:/sbin:/bin:/usr/games:/usr/local/games:/snap/bin
USERNAME=cheikh
SHELL=/usr/bin/zsh
DISPLAY=:0
LANG=fr_FR.UTF-8

Signal Handlers:
SIGSEGV: [libjvm.so+0xdfef20], sa_mask[0]=11100100010111111101111111111110, sa_flags=SA_RESTART|SA_SIGINFO
SIGBUS: [libjvm.so+0xdfef20], sa_mask[0]=11100100010111111101111111111110, sa_flags=SA_RESTART|SA_SIGINFO
SIGFPE: [libjvm.so+0xdfef20], sa_mask[0]=11100100010111111101111111111110, sa_flags=SA_RESTART|SA_SIGINFO
SIGPIPE: [libjvm.so+0xca8980], sa_mask[0]=11100100010111111101111111111110, sa_flags=SA_RESTART|SA_SIGINFO
SIGXFSZ: [libjvm.so+0xca8980], sa_mask[0]=11100100010111111101111111111110, sa_flags=SA_RESTART|SA_SIGINFO
SIGILL: [libjvm.so+0xdfef20], sa_mask[0]=11100100010111111101111111111110, sa_flags=SA_RESTART|SA_SIGINFO
SIGUSR2: [libjvm.so+0xca8070], sa_mask[0]=00100000000000000000000000000000, sa_flags=SA_RESTART|SA_SIGINFO
SIGHUP: [libjvm.so+0xca7fa0], sa_mask[0]=11100100010111111101111111111110, sa_flags=SA_RESTART|SA_SIGINFO
SIGINT: [libjvm.so+0xca7fa0], sa_mask[0]=11100100010111111101111111111110, sa_flags=SA_RESTART|SA_SIGINFO
SIGTERM: [libjvm.so+0xca7fa0], sa_mask[0]=11100100010111111101111111111110, sa_flags=SA_RESTART|SA_SIGINFO
SIGQUIT: [libjvm.so+0xca7fa0], sa_mask[0]=11100100010111111101111111111110, sa_flags=SA_RESTART|SA_SIGINFO
SIGTRAP: [libjvm.so+0xdfef20], sa_mask[0]=11100100010111111101111111111110, sa_flags=SA_RESTART|SA_SIGINFO


---------------  S Y S T E M  ---------------

OS:
DISTRIB_ID=Ubuntu
DISTRIB_RELEASE=20.04
DISTRIB_CODENAME=focal
DISTRIB_DESCRIPTION="Ubuntu 20.04.2 LTS"
uname: Linux 5.11.0-40-generic #44~20.04.2-Ubuntu SMP Tue Oct 26 18:07:44 UTC 2021 x86_64
OS uptime: 0 days 16:45 hours
libc: glibc 2.31 NPTL 2.31 
rlimit (soft/hard): STACK 8192k/infinity , CORE 0k/infinity , NPROC 30964/30964 , NOFILE 1048576/1048576 , AS infinity/infinity , CPU infinity/infinity , DATA infinity/infinity , FSIZE infinity/infinity , MEMLOCK 65536k/65536k
load average: 1.53 1.48 1.24

/proc/meminfo:
MemTotal:        7992364 kB
MemFree:         1563880 kB
MemAvailable:    3114616 kB
Buffers:           94444 kB
Cached:          2138684 kB
SwapCached:       518964 kB
Active:          3389684 kB
Inactive:        2410732 kB
Active(anon):    2427992 kB
Inactive(anon):  1703000 kB
Active(file):     961692 kB
Inactive(file):   707732 kB
Unevictable:       93072 kB
Mlocked:              80 kB
SwapTotal:       8229884 kB
SwapFree:        5513160 kB
Dirty:               712 kB
Writeback:           280 kB
AnonPages:       3280152 kB
Mapped:           603816 kB
Shmem:            563724 kB
KReclaimable:     188988 kB
Slab:             357180 kB
SReclaimable:     188988 kB
SUnreclaim:       168192 kB
KernelStack:       21280 kB
PageTables:        65780 kB
NFS_Unstable:          0 kB
Bounce:                0 kB
WritebackTmp:          0 kB
CommitLimit:    12226064 kB
Committed_AS:   15813848 kB
VmallocTotal:   34359738367 kB
VmallocUsed:       48760 kB
VmallocChunk:          0 kB
Percpu:             7168 kB
HardwareCorrupted:     0 kB
AnonHugePages:         0 kB
ShmemHugePages:        0 kB
ShmemPmdMapped:        0 kB
FileHugePages:         0 kB
FilePmdMapped:         0 kB
HugePages_Total:       0
HugePages_Free:        0
HugePages_Rsvd:        0
HugePages_Surp:        0
Hugepagesize:       2048 kB
Hugetlb:               0 kB
DirectMap4k:      456280 kB
DirectMap2M:     7780352 kB
DirectMap1G:     1048576 kB

/sys/kernel/mm/transparent_hugepage/enabled: always [madvise] never
/sys/kernel/mm/transparent_hugepage/defrag (defrag/compaction efforts parameter): always defer defer+madvise [madvise] never

Process Memory:
Virtual Size: 4730816K (peak: 4730816K)
Resident Set Size: 47060K (peak: 47060K) (anon: 21560K, file: 25500K, shmem: 0K)
Swapped out: 0K
C-Heap outstanding allocations: 5526K

/proc/sys/kernel/threads-max (system-wide limit on the number of threads): 61928
/proc/sys/vm/max_map_count (maximum number of memory map areas a process may have): 65530
/proc/sys/kernel/pid_max (system-wide limit on number of process identifiers): 4194304

container (cgroup) information:
container_type: cgroupv1
cpu_cpuset_cpus: 0-7
cpu_memory_nodes: 0
active_processor_count: 8
cpu_quota: no quota
cpu_period: 100000
cpu_shares: no shares
memory_limit_in_bytes: unlimited
memory_and_swap_limit_in_bytes: unlimited
memory_soft_limit_in_bytes: unlimited
memory_usage_in_bytes: 5054095360
memory_max_usage_in_bytes: 7029493760

Steal ticks since vm start: 0
Steal ticks percentage since vm start:  0.000

CPU: total 8 (initial active 8) (4 cores per cpu, 2 threads per core) family 6 model 142 stepping 12 microcode 0xea, cx8, cmov, fxsr, ht, mmx, 3dnowpref, sse, sse2, sse3, ssse3, sse4.1, sse4.2, popcnt, lzcnt, tsc, tscinvbit, avx, avx2, aes, erms, clmul, bmi1, bmi2, adx, fma, vzeroupper, clflush, clflushopt
CPU Model and flags from /proc/cpuinfo:
model name	: Intel(R) Core(TM) i5-8265U CPU @ 1.60GHz
flags		: fpu vme de pse tsc msr pae mce cx8 apic sep mtrr pge mca cmov pat pse36 clflush dts acpi mmx fxsr sse sse2 ss ht tm pbe syscall nx pdpe1gb rdtscp lm constant_tsc art arch_perfmon pebs bts rep_good nopl xtopology nonstop_tsc cpuid aperfmperf pni pclmulqdq dtes64 monitor ds_cpl vmx est tm2 ssse3 sdbg fma cx16 xtpr pdcm pcid sse4_1 sse4_2 x2apic movbe popcnt tsc_deadline_timer aes xsave avx f16c rdrand lahf_lm abm 3dnowprefetch cpuid_fault epb invpcid_single ssbd ibrs ibpb stibp ibrs_enhanced tpr_shadow vnmi flexpriority ept vpid ept_ad fsgsbase tsc_adjust bmi1 avx2 smep bmi2 erms invpcid mpx rdseed adx smap clflushopt intel_pt xsaveopt xsavec xgetbv1 xsaves dtherm ida arat pln pts hwp hwp_notify hwp_act_window hwp_epp md_clear flush_l1d arch_capabilities

Online cpus: 0-7
Offline cpus: 
BIOS frequency limitation: <Not Available>
Frequency switch latency (ns): 0
Available cpu frequencies: <Not Available>
Current governor: powersave
Core performance/turbo boost: <Not Available>

Memory: 4k page, physical 7992364k(1563628k free), swap 8229884k(5513160k free)

vm_info: OpenJDK 64-Bit Server VM (16.0.1+9-24) for linux-amd64 JRE (16.0.1+9-24), built on Mar 26 2021 18:09:28 by "mach5one" with gcc 10.2.0

END.
