#
# A fatal error has been detected by the Java Runtime Environment:
#
#  SIGSEGV (0xb) at pc=0x00007f5555a61054, pid=91847, tid=91881
#
# JRE version: OpenJDK Runtime Environment (16.0.1+9) (build 16.0.1+9-24)
# Java VM: OpenJDK 64-Bit Server VM (16.0.1+9-24, mixed mode, sharing, tiered, compressed oops, compressed class ptrs, g1 gc, linux-amd64)
# Problematic frame:
# V  [libjvm.so+0x704054]  G1ParScanThreadState::trim_queue_to_threshold(unsigned int)+0x1514
#
# Core dump will be written. Default location: Core dumps may be processed with "/usr/share/apport/apport %p %s %c %d %P %E" (or dumping to /home/cheikh/Documents/workspace/Projets/Projet Ladoum/Implementation/back-end/Projet-ladoum/core.91847)
#
# If you would like to submit a bug report, please visit:
#   https://bugreport.java.com/bugreport/crash.jsp
#

---------------  S U M M A R Y ------------

Command Line: -XX:TieredStopAtLevel=1 -Xverify:none -Dspring.output.ansi.enabled=always -javaagent:/snap/intellij-idea-ultimate/333/lib/idea_rt.jar=16803:/snap/intellij-idea-ultimate/333/bin -Dcom.sun.management.jmxremote -Dspring.jmx.enabled=true -Dspring.liveBeansView.mbeanDomain -Dspring.application.admin.enabled=true -Dfile.encoding=UTF-8 com.example.projetladoum.ProjetLadoumApplication

Host: Intel(R) Core(TM) i5-8265U CPU @ 1.60GHz, 8 cores, 7G, Ubuntu 20.04.2 LTS
Time: Sun Dec 19 21:49:41 2021 GMT elapsed time: 590.788245 seconds (0d 0h 9m 50s)

---------------  T H R E A D  ---------------

Current thread (0x00007f551c006b70):  GCTaskThread "GC Thread#2" [stack: 0x00007f5524809000,0x00007f5524909000] [id=91881]

Stack: [0x00007f5524809000,0x00007f5524909000],  sp=0x00007f5524907a60,  free space=1018k
Native frames: (J=compiled Java code, A=aot compiled Java code, j=interpreted, Vv=VM code, C=native code)
V  [libjvm.so+0x704054]  G1ParScanThreadState::trim_queue_to_threshold(unsigned int)+0x1514
V  [libjvm.so+0x720d4a]  G1ScanHRForRegionClosure::scan_heap_roots(HeapRegion*)+0x53a
V  [libjvm.so+0x717d9d]  G1RemSet::scan_heap_roots(G1ParScanThreadState*, unsigned int, G1GCPhaseTimes::GCParPhases, G1GCPhaseTimes::GCParPhases, bool)+0x1bd
V  [libjvm.so+0x6be97b]  G1EvacuateRegionsTask::scan_roots(G1ParScanThreadState*, unsigned int)+0x4b
V  [libjvm.so+0x6bf233]  G1EvacuateRegionsBaseTask::work(unsigned int)+0x83
V  [libjvm.so+0xe2eb6f]  GangWorker::loop()+0x5f
V  [libjvm.so+0xd816cd]  Thread::call_run()+0xfd
V  [libjvm.so+0xbd86d7]  thread_native_entry(Thread*)+0xe7


siginfo: si_signo: 11 (SIGSEGV), si_code: 1 (SEGV_MAPERR), si_addr: 0x0000000000000004

Register to memory mapping:

RAX=0x00007f55500617c0 points into unknown readable memory: 0x0000000000000000 | 00 00 00 00 00 00 00 00
RBX=0x00007f54e4000be0 points into unknown readable memory: 0x00007f55564770f8 | f8 70 47 56 55 7f 00 00
RCX=0x00007f55500617c0 points into unknown readable memory: 0x0000000000000000 | 00 00 00 00 00 00 00 00
RDX=0x0 is NULL
RSP=0x00007f5524907a60 points into unknown readable memory: 0x00007f551c0010e0 | e0 10 00 1c 55 7f 00 00
RBP=0x00007f5524907af0 points into unknown readable memory: 0x00007f5524907c40 | 40 7c 90 24 55 7f 00 00
RSI=0x0 is NULL
RDI=0x0 is NULL
R8 =0x000000080132acd0 is pointing into metadata
R9 =0x00000000888886f0 is an oop: org.apache.catalina.connector.Response 
{0x00000000888886f0} - klass: 'org/apache/catalina/connector/Response'
R10=0x00007f55500617c0 points into unknown readable memory: 0x0000000000000000 | 00 00 00 00 00 00 00 00
R11=0x0 is NULL
R12=
[error occurred during error reporting (printing register info), id 0xb, SIGSEGV (0xb) at pc=0x00007f55559fe6f1]

Registers:
RAX=0x00007f55500617c0, RBX=0x00007f54e4000be0, RCX=0x00007f55500617c0, RDX=0x0000000000000000
RSP=0x00007f5524907a60, RBP=0x00007f5524907af0, RSI=0x0000000000000000, RDI=0x0000000000000000
R8 =0x000000080132acd0, R9 =0x00000000888886f0, R10=0x00007f55500617c0, R11=0x0000000000000000
R12=0x0000000088888705, R13=0x0000000000000004, R14=0x00007f5556566856, R15=0x00007f5556521130
RIP=0x00007f5555a61054, EFLAGS=0x0000000000010246, CSGSFS=0x002b000000000033, ERR=0x0000000000000004
  TRAPNO=0x000000000000000e

Top of Stack: (sp=0x00007f5524907a60)
0x00007f5524907a60:   00007f551c0010e0 0000000086b2e700
0x00007f5524907a70:   0000000086b2e700 0000000000000000
0x00007f5524907a80:   00007f55500c6230 0000000000000000
0x00007f5524907a90:   000000080132a6b0 0000000000000008 

Instructions: (pc=0x00007f5555a61054)
0x00007f5555a60f54:   48 8b 93 b0 01 00 00 48 89 c6 8b 8a 78 05 00 00
0x00007f5555a60f64:   48 d3 ee 48 8b 8a 68 05 00 00 4c 8d 04 71 41 0f
0x00007f5555a60f74:   b6 78 01 40 84 ff 78 94 42 0f 18 0c 30 ba 10 00
0x00007f5555a60f84:   00 00 0f 18 0c 10 48 8b 83 b8 01 00 00 49 8d 4c
0x00007f5555a60f94:   24 01 4c 8b 78 10 41 8b 87 80 00 00 00 41 8b b7
0x00007f5555a60fa4:   00 01 00 00 89 c2 29 f2 81 e2 ff ff 01 00 81 fa
0x00007f5555a60fb4:   fd ff 01 00 0f 86 97 0b 00 00 49 8b 87 a0 02 00
0x00007f5555a60fc4:   00 49 3b 87 88 02 00 00 0f 84 29 15 00 00 48 8d
0x00007f5555a60fd4:   34 c5 00 00 00 00 48 83 c0 01 49 8b 97 b8 02 00
0x00007f5555a60fe4:   00 48 89 0c 32 49 89 87 a0 02 00 00 e9 3a ff ff
0x00007f5555a60ff4:   ff 0f 1f 00 49 8d bd 80 02 00 00 e8 cc c1 fb ff
0x00007f5555a61004:   b8 01 00 00 00 31 d2 e9 f8 fd ff ff 4c 8d 3d 19
0x00007f5555a61014:   01 ac 00 45 8b 6c 24 ff 48 8b 43 08 41 8b 77 08
0x00007f5555a61024:   49 8b 17 89 f1 49 d3 e5 8b 88 78 05 00 00 48 8b
0x00007f5555a61034:   80 68 05 00 00 49 01 d5 4c 89 ef 48 d3 ef 48 8d
0x00007f5555a61044:   0c 78 44 0f b6 59 01 45 84 db 0f 88 6c f5 ff ff
0x00007f5555a61054:   49 8b 45 00 48 89 c7 83 e7 03 48 83 ff 03 0f 85
0x00007f5555a61064:   97 06 00 00 48 8d 0d d1 56 b0 00 80 39 00 0f 85
0x00007f5555a61074:   88 0b 00 00 48 83 e0 fc 4c 8d 2d fd 6a b0 00 48
0x00007f5555a61084:   89 45 b8 48 8b 7d b8 89 f1 49 83 ec 01 48 89 f8
0x00007f5555a61094:   48 29 d0 48 d3 e8 41 89 04 24 48 89 f8 41 8b 4d
0x00007f5555a610a4:   00 4c 31 e0 48 d3 e8 48 85 c0 0f 84 0c f5 ff ff
0x00007f5555a610b4:   48 8b 53 08 4c 89 e0 8b 8a c0 01 00 00 48 d3 e8
0x00007f5555a610c4:   48 89 c1 48 8b 82 b0 01 00 00 48 8b 04 c8 8b 80
0x00007f5555a610d4:   f4 00 00 00 a8 02 0f 85 e0 f4 ff ff 8b 8a 78 05
0x00007f5555a610e4:   00 00 48 89 f8 48 8b 92 68 05 00 00 48 d3 e8 80
0x00007f5555a610f4:   3c 42 00 0f 84 c3 f4 ff ff 49 c1 ec 09 48 8b 83
0x00007f5555a61104:   80 00 00 00 4c 89 e6 e9 84 f4 ff ff 49 8d bf 80
0x00007f5555a61114:   02 00 00 48 89 4d b8 e8 b0 c0 fb ff 48 8b 4d b8
0x00007f5555a61124:   b8 01 00 00 00 31 d2 e9 7b ef ff ff 0f 84 b3 03
0x00007f5555a61134:   00 00 3c 01 48 8d 05 8d 09 ac 00 48 19 c9 8b 30
0x00007f5555a61144:   44 89 f8 83 e1 04 c1 f8 10 8d 7e ff 0f b6 c0 48 


Stack slot to memory mapping:
stack at sp + 0 slots: 0x00007f551c0010e0 points into unknown readable memory: 0x000a300a00000008 | 08 00 00 00 0a 30 0a 00
stack at sp + 1 slots: 0x0000000086b2e700 is an oop: java.lang.String 
{0x0000000086b2e700} - klass: 'java/lang/String'
stack at sp + 2 slots: 0x0000000086b2e700 is an oop: java.lang.String 
{0x0000000086b2e700} - klass: 'java/lang/String'
stack at sp + 3 slots: 0x0 is NULL
stack at sp + 4 slots: 0x00007f55500c6230 points into unknown readable memory: 0x000000008a300000 | 00 00 30 8a 00 00 00 00
stack at sp + 5 slots: 0x0 is NULL
stack at sp + 6 slots: 0x000000080132a6b0 is a pointer to class: 
org.apache.catalina.connector.Response {0x000000080132a6b0}
stack at sp + 7 slots: 0x0000000000000008 is an unknown value


---------------  P R O C E S S  ---------------

Threads class SMR info:
_java_thread_list=0x00007f54b001ac30, length=26, elements={
0x00007f55501243c0, 0x00007f5550125940, 0x00007f555012b2e0, 0x00007f555012c830,
0x00007f555012dd50, 0x00007f555012f3f0, 0x00007f5550138970, 0x00007f5550145690,
0x00007f5550415fa0, 0x00007f5550417e70, 0x00007f55504d4b60, 0x00007f5508000d20,
0x00007f54b000fc00, 0x00007f54d47927a0, 0x00007f54ac000ce0, 0x00007f54d47998f0,
0x00007f54d47ae490, 0x00007f54d4af0e90, 0x00007f54d5078dc0, 0x00007f54d507c680,
0x00007f54d5087080, 0x00007f54d50883e0, 0x00007f5550025930, 0x00007f5488002d00,
0x00007f5488003630, 0x00007f5488004de0
}

Java Threads: ( => current thread )
  0x00007f55501243c0 JavaThread "Reference Handler" daemon [_thread_blocked, id=91864, stack(0x00007f5534557000,0x00007f5534658000)]
  0x00007f5550125940 JavaThread "Finalizer" daemon [_thread_blocked, id=91865, stack(0x00007f5534456000,0x00007f5534557000)]
  0x00007f555012b2e0 JavaThread "Signal Dispatcher" daemon [_thread_blocked, id=91866, stack(0x00007f5534355000,0x00007f5534456000)]
  0x00007f555012c830 JavaThread "Service Thread" daemon [_thread_blocked, id=91867, stack(0x00007f5534254000,0x00007f5534355000)]
  0x00007f555012dd50 JavaThread "Monitor Deflation Thread" daemon [_thread_blocked, id=91868, stack(0x00007f5534153000,0x00007f5534254000)]
  0x00007f555012f3f0 JavaThread "C1 CompilerThread0" daemon [_thread_blocked, id=91869, stack(0x00007f5534052000,0x00007f5534153000)]
  0x00007f5550138970 JavaThread "Sweeper thread" daemon [_thread_blocked, id=91870, stack(0x00007f5524f11000,0x00007f5525012000)]
  0x00007f5550145690 JavaThread "Common-Cleaner" daemon [_thread_blocked, id=91872, stack(0x00007f5524e10000,0x00007f5524f11000)]
  0x00007f5550415fa0 JavaThread "Monitor Ctrl-Break" daemon [_thread_in_native, id=91873, stack(0x00007f5524d0f000,0x00007f5524e10000)]
  0x00007f5550417e70 JavaThread "Notification Thread" daemon [_thread_blocked, id=91874, stack(0x00007f5524c0e000,0x00007f5524d0f000)]
  0x00007f55504d4b60 JavaThread "RMI TCP Accept-0" daemon [_thread_in_native, id=91875, stack(0x00007f5524b0d000,0x00007f5524c0e000)]
  0x00007f5508000d20 JavaThread "Attach Listener" daemon [_thread_blocked, id=91899, stack(0x00007f5524300000,0x00007f5524401000)]
  0x00007f54b000fc00 JavaThread "RMI Scheduler(0)" daemon [_thread_blocked, id=91902, stack(0x00007f54cf3fa000,0x00007f54cf4fb000)]
  0x00007f54d47927a0 JavaThread "Catalina-utility-1" [_thread_blocked, id=91908, stack(0x00007f54cf2f9000,0x00007f54cf3fa000)]
  0x00007f54ac000ce0 JavaThread "Catalina-utility-2" [_thread_blocked, id=91909, stack(0x00007f54cf0f6000,0x00007f54cf1f7000)]
  0x00007f54d47998f0 JavaThread "container-0" [_thread_blocked, id=91910, stack(0x00007f54ce6ff000,0x00007f54ce800000)]
  0x00007f54d47ae490 JavaThread "mysql-cj-abandoned-connection-cleanup" daemon [_thread_blocked, id=91911, stack(0x00007f54ce5fe000,0x00007f54ce6ff000)]
  0x00007f54d4af0e90 JavaThread "HikariPool-1 housekeeper" daemon [_thread_blocked, id=91914, stack(0x00007f54ce4fd000,0x00007f54ce5fe000)]
  0x00007f54d5078dc0 JavaThread "File Watcher" daemon [_thread_blocked, id=91925, stack(0x00007f54cd9fe000,0x00007f54cdaff000)]
  0x00007f54d507c680 JavaThread "Live Reload Server" daemon [_thread_in_native, id=91927, stack(0x00007f54cc6ff000,0x00007f54cc800000)]
  0x00007f54d5087080 JavaThread "http-nio-8081-Poller" daemon [_thread_in_native, id=91928, stack(0x00007f54cd8fd000,0x00007f54cd9fe000)]
  0x00007f54d50883e0 JavaThread "http-nio-8081-Acceptor" daemon [_thread_in_native, id=91929, stack(0x00007f54cc5fe000,0x00007f54cc6ff000)]
  0x00007f5550025930 JavaThread "DestroyJavaVM" [_thread_blocked, id=91854, stack(0x00007f555510d000,0x00007f555520e000)]
  0x00007f5488002d00 JavaThread "http-nio-8081-exec-1" daemon [_thread_blocked, id=92175, stack(0x00007f5524502000,0x00007f5524603000)]
  0x00007f5488003630 JavaThread "http-nio-8081-exec-2" daemon [_thread_blocked, id=92176, stack(0x00007f5524401000,0x00007f5524502000)]
  0x00007f5488004de0 JavaThread "http-nio-8081-exec-3" daemon [_thread_blocked, id=92195, stack(0x00007f54cdaff000,0x00007f54cdc00000)]

Other Threads:
  0x00007f5550121de0 VMThread "VM Thread" [stack: 0x00007f553465a000,0x00007f553475a000] [id=91863]
  0x00007f55504dc320 WatcherThread [stack: 0x00007f5524a0d000,0x00007f5524b0d000] [id=91876]
  0x00007f5550064140 GCTaskThread "GC Thread#0" [stack: 0x00007f5554169000,0x00007f5554269000] [id=91858]
  0x00007f551c004fd0 GCTaskThread "GC Thread#1" [stack: 0x00007f552490b000,0x00007f5524a0b000] [id=91880]
=>0x00007f551c006b70 GCTaskThread "GC Thread#2" [stack: 0x00007f5524809000,0x00007f5524909000] [id=91881]
  0x00007f551c007a70 GCTaskThread "GC Thread#3" [stack: 0x00007f5524707000,0x00007f5524807000] [id=91882]
  0x00007f551c0094b0 GCTaskThread "GC Thread#4" [stack: 0x00007f5524200000,0x00007f5524300000] [id=91895]
  0x00007f551c009e40 GCTaskThread "GC Thread#5" [stack: 0x00007f55240fe000,0x00007f55241fe000] [id=91896]
  0x00007f551c00a850 GCTaskThread "GC Thread#6" [stack: 0x00007f54cf700000,0x00007f54cf800000] [id=91897]
  0x00007f551c00b690 GCTaskThread "GC Thread#7" [stack: 0x00007f54cf5fe000,0x00007f54cf6fe000] [id=91898]
  0x00007f5550074cb0 ConcurrentGCThread "G1 Main Marker" [stack: 0x00007f5554067000,0x00007f5554167000] [id=91859]
  0x00007f5550075d40 ConcurrentGCThread "G1 Conc#0" [stack: 0x00007f5535244000,0x00007f5535344000] [id=91860]
  0x00007f5528000d20 ConcurrentGCThread "G1 Conc#1" [stack: 0x00007f54cf1f9000,0x00007f54cf2f9000] [id=91905]
  0x00007f55500eb200 ConcurrentGCThread "G1 Refine#0" [stack: 0x00007f553493a000,0x00007f5534a3a000] [id=91861]
  0x00007f5520000d20 ConcurrentGCThread "G1 Refine#1" [stack: 0x00007f5524605000,0x00007f5524705000] [id=91883]
  0x00007f55500ec220 ConcurrentGCThread "G1 Service" [stack: 0x00007f5534838000,0x00007f5534938000] [id=91862]

Threads with active compile tasks:

VM state: at safepoint (normal execution)

VM Mutex/Monitor currently owned by a thread:  ([mutex/lock_event])
[0x00007f5550022320] Threads_lock - owner thread: 0x00007f5550121de0
[0x00007f5550022ab0] Heap_lock - owner thread: 0x00007f54d5078dc0

Heap address: 0x0000000086000000, size: 1952 MB, Compressed Oops mode: 32-bit

CDS archive(s) mapped at: [0x0000000800000000-0x0000000800bc1000-0x0000000800bc1000), size 12324864, SharedBaseAddress: 0x0000000800000000, ArchiveRelocationMode: 0.
Compressed class space mapped at: 0x0000000800c00000-0x0000000840c00000, reserved size: 1073741824
Narrow klass base: 0x0000000800000000, Narrow klass shift: 3, Narrow klass range: 0x100000000

GC Precious Log:
 CPUs: 8 total, 8 available
 Memory: 7805M
 Large Page Support: Disabled
 NUMA Support: Disabled
 Compressed Oops: Enabled (32-bit)
 Heap Region Size: 1M
 Heap Min Capacity: 8M
 Heap Initial Capacity: 122M
 Heap Max Capacity: 1952M
 Pre-touch: Disabled
 Parallel Workers: 8
 Concurrent Workers: 2
 Concurrent Refinement Workers: 8
 Periodic GC: Disabled

Heap:
 garbage-first heap   total 82944K, used 62556K [0x0000000086000000, 0x0000000100000000)
  region size 1024K, 36 young (36864K), 2 survivors (2048K)
 Metaspace       used 55070K, committed 55552K, reserved 1097728K
  class space    used 7555K, committed 7808K, reserved 1048576K

Heap Regions: E=young(eden), S=young(survivor), O=old, HS=humongous(starts), HC=humongous(continues), CS=collection set, F=free, OA=open archive, CA=closed archive, TAMS=top-at-mark-start (previous, next)
|   0|0x0000000086000000, 0x0000000086100000, 0x0000000086100000|100%|HS|  |TAMS 0x0000000086100000, 0x0000000086000000| Complete 
|   1|0x0000000086100000, 0x0000000086200000, 0x0000000086200000|100%| O|  |TAMS 0x0000000086200000, 0x0000000086100000| Untracked 
|   2|0x0000000086200000, 0x0000000086300000, 0x0000000086300000|100%| O|  |TAMS 0x0000000086300000, 0x0000000086200000| Untracked 
|   3|0x0000000086300000, 0x0000000086400000, 0x0000000086400000|100%| O|  |TAMS 0x0000000086400000, 0x0000000086300000| Untracked 
|   4|0x0000000086400000, 0x0000000086500000, 0x0000000086500000|100%| O|  |TAMS 0x0000000086500000, 0x0000000086400000| Untracked 
|   5|0x0000000086500000, 0x0000000086600000, 0x0000000086600000|100%| O|  |TAMS 0x0000000086600000, 0x0000000086500000| Untracked 
|   6|0x0000000086600000, 0x00000000866e7200, 0x0000000086700000| 90%| O|  |TAMS 0x00000000866e7200, 0x0000000086600000| Untracked 
|   7|0x0000000086700000, 0x0000000086800000, 0x0000000086800000|100%| O|  |TAMS 0x0000000086800000, 0x0000000086700000| Untracked 
|   8|0x0000000086800000, 0x0000000086900000, 0x0000000086900000|100%| O|  |TAMS 0x0000000086900000, 0x0000000086800000| Untracked 
|   9|0x0000000086900000, 0x0000000086a00000, 0x0000000086a00000|100%| O|  |TAMS 0x0000000086a00000, 0x0000000086900000| Untracked 
|  10|0x0000000086a00000, 0x0000000086a3b600, 0x0000000086b00000| 23%| O|  |TAMS 0x0000000086a3b600, 0x0000000086a00000| Untracked 
|  11|0x0000000086b00000, 0x0000000086c00000, 0x0000000086c00000|100%| O|  |TAMS 0x0000000086b00000, 0x0000000086b00000| Untracked 
|  12|0x0000000086c00000, 0x0000000086d00000, 0x0000000086d00000|100%| O|  |TAMS 0x0000000086c00000, 0x0000000086c00000| Untracked 
|  13|0x0000000086d00000, 0x0000000086e00000, 0x0000000086e00000|100%| O|  |TAMS 0x0000000086d00000, 0x0000000086d00000| Untracked 
|  14|0x0000000086e00000, 0x0000000086f00000, 0x0000000086f00000|100%| O|  |TAMS 0x0000000086e00000, 0x0000000086e00000| Untracked 
|  15|0x0000000086f00000, 0x0000000087000000, 0x0000000087000000|100%| O|  |TAMS 0x0000000086f00000, 0x0000000086f00000| Untracked 
|  16|0x0000000087000000, 0x0000000087100000, 0x0000000087100000|100%| O|  |TAMS 0x0000000087000000, 0x0000000087000000| Untracked 
|  17|0x0000000087100000, 0x0000000087200000, 0x0000000087200000|100%| O|  |TAMS 0x0000000087100000, 0x0000000087100000| Untracked 
|  18|0x0000000087200000, 0x0000000087300000, 0x0000000087300000|100%| O|  |TAMS 0x0000000087200000, 0x0000000087200000| Untracked 
|  19|0x0000000087300000, 0x0000000087400000, 0x0000000087400000|100%| O|  |TAMS 0x0000000087300000, 0x0000000087300000| Untracked 
|  20|0x0000000087400000, 0x0000000087500000, 0x0000000087500000|100%| O|  |TAMS 0x0000000087400000, 0x0000000087400000| Untracked 
|  21|0x0000000087500000, 0x0000000087600000, 0x0000000087600000|100%| O|  |TAMS 0x0000000087500000, 0x0000000087500000| Untracked 
|  22|0x0000000087600000, 0x00000000876a13b0, 0x0000000087700000| 62%| O|  |TAMS 0x0000000087600000, 0x0000000087600000| Untracked 
|  23|0x0000000087700000, 0x0000000087700000, 0x0000000087800000|  0%| F|  |TAMS 0x0000000087700000, 0x0000000087700000| Untracked 
|  24|0x0000000087800000, 0x0000000087800000, 0x0000000087900000|  0%| F|  |TAMS 0x0000000087800000, 0x0000000087800000| Untracked 
|  25|0x0000000087900000, 0x0000000087900000, 0x0000000087a00000|  0%| F|  |TAMS 0x0000000087900000, 0x0000000087900000| Untracked 
|  26|0x0000000087a00000, 0x0000000087a00000, 0x0000000087b00000|  0%| F|  |TAMS 0x0000000087a00000, 0x0000000087a00000| Untracked 
|  27|0x0000000087b00000, 0x0000000087b00000, 0x0000000087c00000|  0%| F|  |TAMS 0x0000000087b00000, 0x0000000087b00000| Untracked 
|  28|0x0000000087c00000, 0x0000000087c00000, 0x0000000087d00000|  0%| F|  |TAMS 0x0000000087c00000, 0x0000000087c00000| Untracked 
|  29|0x0000000087d00000, 0x0000000087d00000, 0x0000000087e00000|  0%| F|  |TAMS 0x0000000087d00000, 0x0000000087d00000| Untracked 
|  30|0x0000000087e00000, 0x0000000087e00000, 0x0000000087f00000|  0%| F|  |TAMS 0x0000000087e00000, 0x0000000087e00000| Untracked 
|  31|0x0000000087f00000, 0x0000000087f00000, 0x0000000088000000|  0%| F|  |TAMS 0x0000000087f00000, 0x0000000087f00000| Untracked 
|  32|0x0000000088000000, 0x000000008808c258, 0x0000000088100000| 54%| E|CS|TAMS 0x0000000088000000, 0x0000000088000000| Complete 
|  33|0x0000000088100000, 0x0000000088200000, 0x0000000088200000|100%| E|CS|TAMS 0x0000000088100000, 0x0000000088100000| Complete 
|  34|0x0000000088200000, 0x0000000088300000, 0x0000000088300000|100%| E|CS|TAMS 0x0000000088200000, 0x0000000088200000| Complete 
|  35|0x0000000088300000, 0x0000000088400000, 0x0000000088400000|100%| E|CS|TAMS 0x0000000088300000, 0x0000000088300000| Complete 
|  36|0x0000000088400000, 0x0000000088500000, 0x0000000088500000|100%| E|CS|TAMS 0x0000000088400000, 0x0000000088400000| Complete 
|  37|0x0000000088500000, 0x0000000088600000, 0x0000000088600000|100%| E|CS|TAMS 0x0000000088500000, 0x0000000088500000| Complete 
|  38|0x0000000088600000, 0x0000000088600000, 0x0000000088700000|  0%| F|  |TAMS 0x0000000088600000, 0x0000000088600000| Untracked 
|  39|0x0000000088700000, 0x000000008879af10, 0x0000000088800000| 60%| S|  |TAMS 0x0000000088700000, 0x0000000088700000| Complete 
|  40|0x0000000088800000, 0x0000000088900000, 0x0000000088900000|100%| S|  |TAMS 0x0000000088800000, 0x0000000088800000| Complete 
|  41|0x0000000088900000, 0x0000000088a00000, 0x0000000088a00000|100%| E|CS|TAMS 0x0000000088900000, 0x0000000088900000| Complete 
|  42|0x0000000088a00000, 0x0000000088b00000, 0x0000000088b00000|100%| E|CS|TAMS 0x0000000088a00000, 0x0000000088a00000| Complete 
|  43|0x0000000088b00000, 0x0000000088c00000, 0x0000000088c00000|100%| E|CS|TAMS 0x0000000088b00000, 0x0000000088b00000| Complete 
|  44|0x0000000088c00000, 0x0000000088d00000, 0x0000000088d00000|100%| E|CS|TAMS 0x0000000088c00000, 0x0000000088c00000| Complete 
|  45|0x0000000088d00000, 0x0000000088e00000, 0x0000000088e00000|100%| E|CS|TAMS 0x0000000088d00000, 0x0000000088d00000| Complete 
|  46|0x0000000088e00000, 0x0000000088f00000, 0x0000000088f00000|100%| E|CS|TAMS 0x0000000088e00000, 0x0000000088e00000| Complete 
|  47|0x0000000088f00000, 0x0000000089000000, 0x0000000089000000|100%| E|CS|TAMS 0x0000000088f00000, 0x0000000088f00000| Complete 
|  48|0x0000000089000000, 0x0000000089100000, 0x0000000089100000|100%| E|CS|TAMS 0x0000000089000000, 0x0000000089000000| Complete 
|  49|0x0000000089100000, 0x0000000089200000, 0x0000000089200000|100%| E|CS|TAMS 0x0000000089100000, 0x0000000089100000| Complete 
|  50|0x0000000089200000, 0x0000000089300000, 0x0000000089300000|100%| E|CS|TAMS 0x0000000089200000, 0x0000000089200000| Complete 
|  51|0x0000000089300000, 0x0000000089400000, 0x0000000089400000|100%| E|CS|TAMS 0x0000000089300000, 0x0000000089300000| Complete 
|  52|0x0000000089400000, 0x0000000089500000, 0x0000000089500000|100%| E|CS|TAMS 0x0000000089400000, 0x0000000089400000| Complete 
|  53|0x0000000089500000, 0x0000000089600000, 0x0000000089600000|100%| E|CS|TAMS 0x0000000089500000, 0x0000000089500000| Complete 
|  54|0x0000000089600000, 0x0000000089700000, 0x0000000089700000|100%| E|CS|TAMS 0x0000000089600000, 0x0000000089600000| Complete 
|  55|0x0000000089700000, 0x0000000089800000, 0x0000000089800000|100%| E|CS|TAMS 0x0000000089700000, 0x0000000089700000| Complete 
|  56|0x0000000089800000, 0x0000000089900000, 0x0000000089900000|100%| E|CS|TAMS 0x0000000089800000, 0x0000000089800000| Complete 
|  57|0x0000000089900000, 0x0000000089a00000, 0x0000000089a00000|100%| E|CS|TAMS 0x0000000089900000, 0x0000000089900000| Complete 
|  58|0x0000000089a00000, 0x0000000089b00000, 0x0000000089b00000|100%| E|CS|TAMS 0x0000000089a00000, 0x0000000089a00000| Complete 
|  59|0x0000000089b00000, 0x0000000089c00000, 0x0000000089c00000|100%| E|CS|TAMS 0x0000000089b00000, 0x0000000089b00000| Complete 
|  60|0x0000000089c00000, 0x0000000089d00000, 0x0000000089d00000|100%| E|CS|TAMS 0x0000000089c00000, 0x0000000089c00000| Complete 
|  61|0x0000000089d00000, 0x0000000089e00000, 0x0000000089e00000|100%| E|CS|TAMS 0x0000000089d00000, 0x0000000089d00000| Complete 
|  62|0x0000000089e00000, 0x0000000089f00000, 0x0000000089f00000|100%| E|CS|TAMS 0x0000000089e00000, 0x0000000089e00000| Complete 
|  63|0x0000000089f00000, 0x000000008a000000, 0x000000008a000000|100%| E|CS|TAMS 0x0000000089f00000, 0x0000000089f00000| Complete 
|  64|0x000000008a000000, 0x000000008a100000, 0x000000008a100000|100%| E|CS|TAMS 0x000000008a000000, 0x000000008a000000| Complete 
|  65|0x000000008a100000, 0x000000008a200000, 0x000000008a200000|100%| E|CS|TAMS 0x000000008a100000, 0x000000008a100000| Complete 
|  66|0x000000008a200000, 0x000000008a300000, 0x000000008a300000|100%| E|CS|TAMS 0x000000008a200000, 0x000000008a200000| Complete 
|  67|0x000000008a300000, 0x000000008a400000, 0x000000008a400000|100%| E|CS|TAMS 0x000000008a300000, 0x000000008a300000| Complete 
|  87|0x000000008b700000, 0x000000008b800000, 0x000000008b800000|100%| E|CS|TAMS 0x000000008b700000, 0x000000008b700000| Complete 
|  88|0x000000008b800000, 0x000000008b900000, 0x000000008b900000|100%| E|CS|TAMS 0x000000008b800000, 0x000000008b800000| Complete 
|  89|0x000000008b900000, 0x000000008ba00000, 0x000000008ba00000|100%| E|CS|TAMS 0x000000008b900000, 0x000000008b900000| Complete 
|  90|0x000000008ba00000, 0x000000008bb00000, 0x000000008bb00000|100%| E|CS|TAMS 0x000000008ba00000, 0x000000008ba00000| Complete 
|  91|0x000000008bb00000, 0x000000008bc00000, 0x000000008bc00000|100%| E|CS|TAMS 0x000000008bb00000, 0x000000008bb00000| Complete 
|  92|0x000000008bc00000, 0x000000008bd00000, 0x000000008bd00000|100%| E|CS|TAMS 0x000000008bc00000, 0x000000008bc00000| Complete 
| 126|0x000000008de00000, 0x000000008df00000, 0x000000008df00000|100%| E|CS|TAMS 0x000000008de00000, 0x000000008de00000| Complete 
|1946|0x00000000ffa00000, 0x00000000ffb00000, 0x00000000ffb00000|100%| O|  |TAMS 0x00000000ffa00000, 0x00000000ffa00000| Untracked 
|1947|0x00000000ffb00000, 0x00000000ffc00000, 0x00000000ffc00000|100%| O|  |TAMS 0x00000000ffc00000, 0x00000000ffb00000| Untracked 
|1948|0x00000000ffc00000, 0x00000000ffd00000, 0x00000000ffd00000|100%| O|  |TAMS 0x00000000ffd00000, 0x00000000ffc00000| Untracked 
|1949|0x00000000ffd00000, 0x00000000ffe00000, 0x00000000ffe00000|100%| O|  |TAMS 0x00000000ffe00000, 0x00000000ffd00000| Untracked 
|1950|0x00000000ffe00000, 0x00000000ffe75000, 0x00000000fff00000| 45%|OA|  |TAMS 0x00000000ffe75000, 0x00000000ffe00000| Untracked 
|1951|0x00000000fff00000, 0x00000000fff80000, 0x0000000100000000| 50%|CA|  |TAMS 0x00000000fff80000, 0x00000000fff00000| Untracked 

Card table byte_map: [0x00007f5539414000,0x00007f55397e4000] _byte_map_base: 0x00007f5538fe4000

Marking Bits (Prev, Next): (CMBitMap*) 0x00007f5550064d30, (CMBitMap*) 0x00007f5550064cf0
 Prev Bits: [0x00007f5535344000, 0x00007f55371c4000)
 Next Bits: [0x00007f55371c4000, 0x00007f5539044000)

Polling page: 0x00007f555680b000

Metaspace:

Usage:
  Non-class:     46.40 MB used.
      Class:      7.38 MB used.
       Both:     53.78 MB used.

Virtual space:
  Non-class space:       48.00 MB reserved,      46.62 MB ( 97%) committed,  6 nodes.
      Class space:        1.00 GB reserved,       7.62 MB ( <1%) committed,  1 nodes.
              Both:        1.05 GB reserved,      54.25 MB (  5%) committed. 

Chunk freelists:
   Non-Class:  912.00 KB
       Class:  400.00 KB
        Both:  1.28 MB

MaxMetaspaceSize: 17179869184.00 GB
CompressedClassSpaceSize: 1.00 GB
 - commit_granule_bytes: 65536.
 - commit_granule_words: 8192.
 - virtual_space_node_default_size: 1048576.
 - enlarge_chunks_in_place: 1.
 - new_chunks_are_fully_committed: 0.
 - uncommit_free_chunks: 1.
 - use_allocation_guard: 0.
 - handle_deallocations: 1.


Internal statistics:

num_allocs_failed_limit: 9.
num_arena_births: 728.
num_arena_deaths: 0.
num_vsnodes_births: 7.
num_vsnodes_deaths: 0.
num_space_committed: 868.
num_space_uncommitted: 0.
num_chunks_returned_to_freelist: 9.
num_chunks_taken_from_freelist: 2717.
num_chunk_merges: 9.
num_chunk_splits: 1854.
num_chunks_enlarged: 1357.
num_purges: 0.

CodeHeap 'non-profiled nmethods': size=238384Kb used=9312Kb max_used=9312Kb free=229071Kb
 bounds [0x00007f5539f18000, 0x00007f553a838000, 0x00007f55487e4000]
CodeHeap 'non-nmethods': size=7376Kb used=1343Kb max_used=1343Kb free=6032Kb
 bounds [0x00007f55397e4000, 0x00007f5539a54000, 0x00007f5539f18000]
 total_blobs=6634 nmethods=5954 adapters=608
 compilation: enabled
              stopped_count=0, restarted_count=0
 full_count=0

Compilation events (20 events):
Event: 259.484 Thread 0x00007f555012f3f0 5944       1       sun.nio.ch.SelectorImpl::keys (9 bytes)
Event: 259.484 Thread 0x00007f555012f3f0 nmethod 5944 0x00007f553a82d510 code [0x00007f553a82d6c0, 0x00007f553a82d800]
Event: 351.737 Thread 0x00007f555012f3f0 5945       1       java.util.HashMap$Values::toArray (16 bytes)
Event: 351.738 Thread 0x00007f555012f3f0 nmethod 5945 0x00007f553a82d910 code [0x00007f553a82dac0, 0x00007f553a82dbd0]
Event: 381.602 Thread 0x00007f555012f3f0 5946       1       java.nio.channels.spi.AbstractSelector::begin (48 bytes)
Event: 381.604 Thread 0x00007f555012f3f0 nmethod 5946 0x00007f553a82e090 code [0x00007f553a82e260, 0x00007f553a82e640]
Event: 411.739 Thread 0x00007f555012f3f0 5948       1       java.util.EventObject::getSource (5 bytes)
Event: 411.740 Thread 0x00007f555012f3f0 nmethod 5948 0x00007f553a82e810 code [0x00007f553a82e9a0, 0x00007f553a82ea70]
Event: 431.740 Thread 0x00007f555012f3f0 5949       1       org.apache.catalina.core.ContainerBase::getBackgroundProcessorDelay (5 bytes)
Event: 431.740 Thread 0x00007f555012f3f0 nmethod 5949 0x00007f553a82eb10 code [0x00007f553a82eca0, 0x00007f553a82ed70]
Event: 431.741 Thread 0x00007f555012f3f0 5950       1       org.apache.catalina.valves.ValveBase::backgroundProcess (1 bytes)
Event: 431.741 Thread 0x00007f555012f3f0 nmethod 5950 0x00007f553a82ee10 code [0x00007f553a82efa0, 0x00007f553a82f050]
Event: 506.754 Thread 0x00007f555012f3f0 5951       1       jdk.internal.loader.URLClassPath$FileLoader$1::getURL (5 bytes)
Event: 506.754 Thread 0x00007f555012f3f0 nmethod 5951 0x00007f553a82f110 code [0x00007f553a82f2a0, 0x00007f553a82f370]
Event: 521.744 Thread 0x00007f555012f3f0 5952       1       org.apache.catalina.webresources.Cache$EvictionOrder::compare (13 bytes)
Event: 521.745 Thread 0x00007f555012f3f0 nmethod 5952 0x00007f553a82f410 code [0x00007f553a82f5c0, 0x00007f553a82f7b0]
Event: 521.745 Thread 0x00007f555012f3f0 5953       1       org.apache.catalina.webresources.Cache$EvictionOrder::compare (31 bytes)
Event: 521.745 Thread 0x00007f555012f3f0 nmethod 5953 0x00007f553a82f910 code [0x00007f553a82fac0, 0x00007f553a82fc30]
Event: 561.745 Thread 0x00007f555012f3f0 5954   !   1       org.apache.catalina.core.ContainerBase::findChildren (42 bytes)
Event: 561.746 Thread 0x00007f555012f3f0 nmethod 5954 0x00007f553a82fd10 code [0x00007f553a82fee0, 0x00007f553a8301d0]

GC Heap History (20 events):
Event: 0.496 GC heap after
{Heap after GC invocations=2 (full 0):
 garbage-first heap   total 126976K, used 8115K [0x0000000086000000, 0x0000000100000000)
  region size 1024K, 1 young (1024K), 1 survivors (1024K)
 Metaspace       used 6652K, committed 6848K, reserved 1056768K
  class space    used 795K, committed 896K, reserved 1048576K
}
Event: 0.952 GC heap before
{Heap before GC invocations=2 (full 0):
 garbage-first heap   total 126976K, used 80819K [0x0000000086000000, 0x0000000100000000)
  region size 1024K, 73 young (74752K), 1 survivors (1024K)
 Metaspace       used 14832K, committed 15040K, reserved 1064960K
  class space    used 1954K, committed 2048K, reserved 1048576K
}
Event: 0.957 GC heap after
{Heap after GC invocations=3 (full 0):
 garbage-first heap   total 126976K, used 11017K [0x0000000086000000, 0x0000000100000000)
  region size 1024K, 3 young (3072K), 3 survivors (3072K)
 Metaspace       used 14832K, committed 15040K, reserved 1064960K
  class space    used 1954K, committed 2048K, reserved 1048576K
}
Event: 1.488 GC heap before
{Heap before GC invocations=3 (full 0):
 garbage-first heap   total 126976K, used 69385K [0x0000000086000000, 0x0000000100000000)
  region size 1024K, 62 young (63488K), 3 survivors (3072K)
 Metaspace       used 20930K, committed 21248K, reserved 1073152K
  class space    used 2869K, committed 3008K, reserved 1048576K
}
Event: 1.493 GC heap after
{Heap after GC invocations=4 (full 0):
 garbage-first heap   total 126976K, used 14540K [0x0000000086000000, 0x0000000100000000)
  region size 1024K, 7 young (7168K), 7 survivors (7168K)
 Metaspace       used 20930K, committed 21248K, reserved 1073152K
  class space    used 2869K, committed 3008K, reserved 1048576K
}
Event: 1.646 GC heap before
{Heap before GC invocations=5 (full 0):
 garbage-first heap   total 58368K, used 55500K [0x0000000086000000, 0x0000000100000000)
  region size 1024K, 48 young (49152K), 7 survivors (7168K)
 Metaspace       used 23317K, committed 23680K, reserved 1073152K
  class space    used 3194K, committed 3392K, reserved 1048576K
}
Event: 1.650 GC heap after
{Heap after GC invocations=6 (full 0):
 garbage-first heap   total 67584K, used 16263K [0x0000000086000000, 0x0000000100000000)
  region size 1024K, 6 young (6144K), 6 survivors (6144K)
 Metaspace       used 23317K, committed 23680K, reserved 1073152K
  class space    used 3194K, committed 3392K, reserved 1048576K
}
Event: 1.675 GC heap before
{Heap before GC invocations=6 (full 0):
 garbage-first heap   total 67584K, used 48007K [0x0000000086000000, 0x0000000100000000)
  region size 1024K, 38 young (38912K), 6 survivors (6144K)
 Metaspace       used 23747K, committed 24128K, reserved 1073152K
  class space    used 3230K, committed 3392K, reserved 1048576K
}
Event: 1.678 GC heap after
{Heap after GC invocations=7 (full 0):
 garbage-first heap   total 67584K, used 16824K [0x0000000086000000, 0x0000000100000000)
  region size 1024K, 3 young (3072K), 3 survivors (3072K)
 Metaspace       used 23747K, committed 24128K, reserved 1073152K
  class space    used 3230K, committed 3392K, reserved 1048576K
}
Event: 1.743 GC heap before
{Heap before GC invocations=7 (full 0):
 garbage-first heap   total 67584K, used 49592K [0x0000000086000000, 0x0000000100000000)
  region size 1024K, 36 young (36864K), 3 survivors (3072K)
 Metaspace       used 24528K, committed 24896K, reserved 1073152K
  class space    used 3350K, committed 3520K, reserved 1048576K
}
Event: 1.745 GC heap after
{Heap after GC invocations=8 (full 0):
 garbage-first heap   total 135168K, used 16933K [0x0000000086000000, 0x0000000100000000)
  region size 1024K, 3 young (3072K), 3 survivors (3072K)
 Metaspace       used 24528K, committed 24896K, reserved 1073152K
  class space    used 3350K, committed 3520K, reserved 1048576K
}
Event: 2.092 GC heap before
{Heap before GC invocations=8 (full 0):
 garbage-first heap   total 135168K, used 50725K [0x0000000086000000, 0x0000000100000000)
  region size 1024K, 37 young (37888K), 3 survivors (3072K)
 Metaspace       used 35311K, committed 35648K, reserved 1081344K
  class space    used 4837K, committed 4992K, reserved 1048576K
}
Event: 2.096 GC heap after
{Heap after GC invocations=9 (full 0):
 garbage-first heap   total 135168K, used 20236K [0x0000000086000000, 0x0000000100000000)
  region size 1024K, 6 young (6144K), 6 survivors (6144K)
 Metaspace       used 35311K, committed 35648K, reserved 1081344K
  class space    used 4837K, committed 4992K, reserved 1048576K
}
Event: 2.403 GC heap before
{Heap before GC invocations=10 (full 0):
 garbage-first heap   total 78848K, used 71436K [0x0000000086000000, 0x0000000100000000)
  region size 1024K, 57 young (58368K), 6 survivors (6144K)
 Metaspace       used 42717K, committed 43072K, reserved 1089536K
  class space    used 5908K, committed 6080K, reserved 1048576K
}
Event: 2.407 GC heap after
{Heap after GC invocations=11 (full 0):
 garbage-first heap   total 82944K, used 22138K [0x0000000086000000, 0x0000000100000000)
  region size 1024K, 6 young (6144K), 6 survivors (6144K)
 Metaspace       used 42717K, committed 43072K, reserved 1089536K
  class space    used 5908K, committed 6080K, reserved 1048576K
}
Event: 2.741 GC heap before
{Heap before GC invocations=12 (full 0):
 garbage-first heap   total 82944K, used 63098K [0x0000000086000000, 0x0000000100000000)
  region size 1024K, 46 young (47104K), 6 survivors (6144K)
 Metaspace       used 48095K, committed 48512K, reserved 1097728K
  class space    used 6628K, committed 6848K, reserved 1048576K
}
Event: 2.745 GC heap after
{Heap after GC invocations=13 (full 0):
 garbage-first heap   total 82944K, used 25152K [0x0000000086000000, 0x0000000100000000)
  region size 1024K, 5 young (5120K), 5 survivors (5120K)
 Metaspace       used 48095K, committed 48512K, reserved 1097728K
  class space    used 6628K, committed 6848K, reserved 1048576K
}
Event: 3.031 GC heap before
{Heap before GC invocations=13 (full 0):
 garbage-first heap   total 82944K, used 63040K [0x0000000086000000, 0x0000000100000000)
  region size 1024K, 42 young (43008K), 5 survivors (5120K)
 Metaspace       used 50970K, committed 51392K, reserved 1097728K
  class space    used 7038K, committed 7232K, reserved 1048576K
}
Event: 3.036 GC heap after
{Heap after GC invocations=14 (full 0):
 garbage-first heap   total 82944K, used 27740K [0x0000000086000000, 0x0000000100000000)
  region size 1024K, 6 young (6144K), 6 survivors (6144K)
 Metaspace       used 50970K, committed 51392K, reserved 1097728K
  class space    used 7038K, committed 7232K, reserved 1048576K
}
Event: 590.746 GC heap before
{Heap before GC invocations=14 (full 0):
 garbage-first heap   total 82944K, used 61532K [0x0000000086000000, 0x0000000100000000)
  region size 1024K, 40 young (40960K), 6 survivors (6144K)
 Metaspace       used 55070K, committed 55552K, reserved 1097728K
  class space    used 7555K, committed 7808K, reserved 1048576K
}

Deoptimization events (18 events):
Event: 1.282 Thread 0x00007f54d0001c80 DEOPT PACKING pc=0x00007f553a1e5104 sp=0x00007f55244feaf0
Event: 1.282 Thread 0x00007f54d0001c80 DEOPT UNPACKING pc=0x00007f5539831bba sp=0x00007f55244fe068 mode 0
Event: 1.716 Thread 0x00007f54d0001c80 DEOPT PACKING pc=0x00007f553a1bfcf9 sp=0x00007f55244ff740
Event: 1.716 Thread 0x00007f54d0001c80 DEOPT UNPACKING pc=0x00007f5539831bba sp=0x00007f55244febf0 mode 3
Event: 1.716 Thread 0x00007f54ac000ce0 DEOPT PACKING pc=0x00007f553a16220e sp=0x00007f54cf1f5570
Event: 1.716 Thread 0x00007f54ac000ce0 DEOPT UNPACKING pc=0x00007f5539831bba sp=0x00007f54cf1f49e8 mode 3
Event: 2.919 Thread 0x00007f54d0001c80 DEOPT PACKING pc=0x00007f553a21f200 sp=0x00007f55244fed50
Event: 2.919 Thread 0x00007f54d0001c80 DEOPT UNPACKING pc=0x00007f5539831bba sp=0x00007f55244fe288 mode 3
Event: 2.920 Thread 0x00007f54d0001c80 DEOPT PACKING pc=0x00007f553a1ca2d2 sp=0x00007f55244fed20
Event: 2.920 Thread 0x00007f54d0001c80 DEOPT UNPACKING pc=0x00007f5539831bba sp=0x00007f55244fe288 mode 3
Event: 80.119 Thread 0x00007f5488003630 DEOPT PACKING pc=0x00007f553a7fa904 sp=0x00007f55244fdbf0
Event: 80.119 Thread 0x00007f5488003630 DEOPT UNPACKING pc=0x00007f5539831bba sp=0x00007f55244fd1f8 mode 0
Event: 80.119 Thread 0x00007f5488003630 DEOPT PACKING pc=0x00007f553a7fa804 sp=0x00007f55244fe040
Event: 80.119 Thread 0x00007f5488003630 DEOPT UNPACKING pc=0x00007f5539831bba sp=0x00007f55244fd648 mode 0
Event: 80.119 Thread 0x00007f5488003630 DEOPT PACKING pc=0x00007f553a7fa7d4 sp=0x00007f55244fe3b0
Event: 80.119 Thread 0x00007f5488003630 DEOPT UNPACKING pc=0x00007f5539831bba sp=0x00007f55244fd938 mode 0
Event: 80.119 Thread 0x00007f5488003630 DEOPT PACKING pc=0x00007f553a7fa7d4 sp=0x00007f55244fe720
Event: 80.119 Thread 0x00007f5488003630 DEOPT UNPACKING pc=0x00007f5539831bba sp=0x00007f55244fdc88 mode 0

Classes unloaded (0 events):
No events

Classes redefined (0 events):
No events

Internal exceptions (20 events):
Event: 2.815 Thread 0x00007f54d0001c80 Exception <a 'java/lang/ClassNotFoundException'{0x0000000089c1ca98}: org/springframework/beans/factory/AwareCustomizer> (0x0000000089c1ca98) 
thrown [open/src/hotspot/share/classfile/systemDictionary.cpp, line 256]
Event: 2.815 Thread 0x00007f54d0001c80 Exception <a 'java/lang/ClassNotFoundException'{0x0000000089c21970}: org/springframework/context/ApplicationContextAwareCustomizer> (0x0000000089c21970) 
thrown [open/src/hotspot/share/classfile/systemDictionary.cpp, line 256]
Event: 2.816 Thread 0x00007f54d0001c80 Exception <a 'java/lang/ClassNotFoundException'{0x0000000089c28048}: org/springframework/beans/factory/AwareCustomizer> (0x0000000089c28048) 
thrown [open/src/hotspot/share/classfile/systemDictionary.cpp, line 256]
Event: 2.816 Thread 0x00007f54d0001c80 Exception <a 'java/lang/ClassNotFoundException'{0x0000000089c2cef8}: org/springframework/web/context/ServletContextAwareCustomizer> (0x0000000089c2cef8) 
thrown [open/src/hotspot/share/classfile/systemDictionary.cpp, line 256]
Event: 2.816 Thread 0x00007f54d0001c80 Exception <a 'java/lang/ClassNotFoundException'{0x0000000089c32e58}: org/springframework/beans/factory/AwareCustomizer> (0x0000000089c32e58) 
thrown [open/src/hotspot/share/classfile/systemDictionary.cpp, line 256]
Event: 2.872 Thread 0x00007f54d0001c80 Exception <a 'java/lang/NoSuchMethodError'{0x00000000895a5840}: 'void java.lang.invoke.DirectMethodHandle$Holder.invokeVirtual(java.lang.Object, java.lang.Object, int)'> (0x00000000895a5840) 
thrown [open/src/hotspot/share/interpreter/linkResolver.cpp, line 789]
Event: 2.873 Thread 0x00007f54d0001c80 Exception <a 'java/lang/NoSuchMethodError'{0x00000000895c0ba8}: 'void java.lang.invoke.DirectMethodHandle$Holder.invokeVirtual(java.lang.Object, java.lang.Object, long)'> (0x00000000895c0ba8) 
thrown [open/src/hotspot/share/interpreter/linkResolver.cpp, line 789]
Event: 2.925 Thread 0x00007f54d0001c80 Exception <a 'java/lang/IncompatibleClassChangeError'{0x0000000088f14390}: Found class java.lang.Object, but interface was expected> (0x0000000088f14390) 
thrown [open/src/hotspot/share/interpreter/linkResolver.cpp, line 857]
Event: 3.011 Thread 0x00007f54d0001c80 Exception <a 'java/lang/NoSuchMethodError'{0x000000008872c0f0}: 'java.lang.Object java.lang.invoke.DirectMethodHandle$Holder.invokeSpecial(java.lang.Object, java.lang.Object, int, java.lang.Object, int, java.lang.Object)'> (0x000000008872c0f0) 
thrown [open/src/hotspot/share/interpreter/linkResolver.cpp, line 789]
Event: 3.011 Thread 0x00007f54d0001c80 Exception <a 'java/lang/NoSuchMethodError'{0x0000000088734758}: 'java.lang.Object java.lang.invoke.DirectMethodHandle$Holder.newInvokeSpecial(java.lang.Object, java.lang.Object, int, java.lang.Object, int)'> (0x0000000088734758) 
thrown [open/src/hotspot/share/interpreter/linkResolver.cpp, line 789]
Event: 3.011 Thread 0x00007f54d0001c80 Exception <a 'java/lang/NoSuchMethodError'{0x0000000088738968}: 'java.lang.Object java.lang.invoke.DirectMethodHandle$Holder.invokeSpecial(java.lang.Object, java.lang.Object, java.lang.Object, int, java.lang.Object, int)'> (0x0000000088738968) 
thrown [open/src/hotspot/share/interpreter/linkResolver.cpp, line 789]
Event: 3.012 Thread 0x00007f54d0001c80 Exception <a 'java/lang/NoSuchMethodError'{0x0000000088742f10}: 'void java.lang.invoke.DirectMethodHandle$Holder.invokeVirtual(java.lang.Object, java.lang.Object)'> (0x0000000088742f10) 
thrown [open/src/hotspot/share/interpreter/linkResolver.cpp, line 789]
Event: 80.027 Thread 0x00007f5488002d00 Exception <a 'java/lang/NoSuchMethodError'{0x0000000089c76cf0}: 'java.lang.Object java.lang.invoke.DirectMethodHandle$Holder.invokeStaticInit(java.lang.Object, java.lang.Object, java.lang.Object, java.lang.Object, java.lang.Object, java.lang.Object)'> (0x0000000089c76cf0) 
thrown [open/src/hotspot/share/interpreter/linkResolver.cpp, line 789]
Event: 80.043 Thread 0x00007f5488002d00 Exception <a 'java/lang/NoSuchMethodError'{0x0000000089b85f68}: 'java.lang.Object java.lang.invoke.DirectMethodHandle$Holder.invokeSpecial(java.lang.Object, java.lang.Object, long, int, java.lang.Object, int, java.lang.Object, int, java.lang.Object, int, java.lang.Object)'> (0x0000000089b85f68) 
thrown [open/src/hotspot/share/interpreter/linkResolver.cpp, line 789]
Event: 80.043 Thread 0x00007f5488002d00 Exception <a 'java/lang/NoSuchMethodError'{0x0000000089b8ac10}: 'java.lang.Object java.lang.invoke.DelegatingMethodHandle$Holder.reinvoke_L(java.lang.Object, long, int, java.lang.Object, int, java.lang.Object, int, java.lang.Object, int, java.lang.Object)'> (0x0000000089b8ac10) 
thrown [open/src/hotspot/share/interpreter/linkResolver.cpp, line 789]
Event: 80.048 Thread 0x00007f5488002d00 Exception <a 'java/lang/NoSuchMethodError'{0x0000000089a0f198}: 'java.lang.Object java.lang.invoke.DelegatingMethodHandle$Holder.reinvoke_L(java.lang.Object, java.lang.Object, long, int, java.lang.Object, java.lang.Object, java.lang.Object, java.lang.Object, java.lang.Object, java.lang.Object, java.lang.Object, java.lang.Object, java.lang.Object, java.lang.Object, java.lang.Object, java.lang.Object)'> (0x0000000089a0f198) 
thrown [open/src/hotspot/share/interpreter/linkResolver.cpp, line 789]
Event: 80.050 Thread 0x00007f5488002d00 Exception <a 'java/lang/NoSuchMethodError'{0x0000000089a57d70}: 'java.lang.Object java.lang.invoke.DirectMethodHandle$Holder.invokeSpecial(java.lang.Object, java.lang.Object, long, int, java.lang.Object, java.lang.Object, java.lang.Object, java.lang.Object, java.lang.Object, java.lang.Object, java.lang.Object, java.lang.Object, java.lang.Object, java.lang.Object, java.lang.Object, java.lang.Object)'> (0x0000000089a57d70) 
thrown [open/src/hotspot/share/interpreter/linkResolver.cpp, line 789]
Event: 80.050 Thread 0x00007f5488002d00 Exception <a 'java/lang/NoSuchMethodError'{0x0000000089a5cc50}: 'java.lang.Object java.lang.invoke.DelegatingMethodHandle$Holder.reinvoke_L(java.lang.Object, long, int, java.lang.Object, java.lang.Object, java.lang.Object, java.lang.Object, java.lang.Object, java.lang.Object, java.lang.Object, java.lang.Object, java.lang.Object, java.lang.Object, java.lang.Object, java.lang.Object)'> (0x0000000089a5cc50) 
thrown [open/src/hotspot/share/interpreter/linkResolver.cpp, line 789]
Event: 80.057 Thread 0x00007f5488002d00 Exception <a 'java/lang/ClassNotFoundException'{0x0000000089af7410}: java/lang/ObjectCustomizer> (0x0000000089af7410) 
thrown [open/src/hotspot/share/classfile/systemDictionary.cpp, line 256]
Event: 80.058 Thread 0x00007f5488002d00 Exception <a 'java/lang/ClassNotFoundException'{0x0000000089905158}: com/example/projetladoum/Models/MesuresCustomizer> (0x0000000089905158) 
thrown [open/src/hotspot/share/classfile/systemDictionary.cpp, line 256]

Events (20 events):
Event: 131.124 Executing  VM operation: Cleanup done
Event: 142.125 Executing  VM operation: Cleanup
Event: 142.125 Executing  VM operation: Cleanup done
Event: 162.127 Executing  VM operation: Cleanup
Event: 162.127 Executing  VM operation: Cleanup done
Event: 188.130 Executing  VM operation: Cleanup
Event: 188.131 Executing  VM operation: Cleanup done
Event: 199.132 Executing  VM operation: Cleanup
Event: 199.132 Executing  VM operation: Cleanup done
Event: 202.132 Executing  VM operation: Cleanup
Event: 202.132 Executing  VM operation: Cleanup done
Event: 256.141 Executing  VM operation: Cleanup
Event: 256.141 Executing  VM operation: Cleanup done
Event: 261.142 Executing  VM operation: Cleanup
Event: 261.142 Executing  VM operation: Cleanup done
Event: 262.142 Executing  VM operation: Cleanup
Event: 262.142 Executing  VM operation: Cleanup done
Event: 512.172 Executing  VM operation: Cleanup
Event: 512.172 Executing  VM operation: Cleanup done
Event: 590.746 Executing  VM operation: G1CollectForAllocation


Dynamic libraries:
86000000-8a400000 rw-p 00000000 00:00 0 
8a400000-8b700000 ---p 00000000 00:00 0 
8b700000-8bd00000 rw-p 00000000 00:00 0 
8bd00000-8de00000 ---p 00000000 00:00 0 
8de00000-8df00000 rw-p 00000000 00:00 0 
8df00000-ffa00000 ---p 00000000 00:00 0 
ffa00000-ffe00000 rw-p 00000000 00:00 0 
ffe00000-ffe75000 rw-p 00c79000 103:07 142323                            /home/cheikh/.jdks/openjdk-16.0.1/lib/server/classes.jsa
ffe75000-fff00000 rw-p 00000000 00:00 0 
fff00000-fff80000 rw-p 00bf9000 103:07 142323                            /home/cheikh/.jdks/openjdk-16.0.1/lib/server/classes.jsa
fff80000-100000000 rw-p 00000000 00:00 0 
800000000-800003000 rwxp 00001000 103:07 142323                          /home/cheikh/.jdks/openjdk-16.0.1/lib/server/classes.jsa
800003000-800411000 rw-p 00004000 103:07 142323                          /home/cheikh/.jdks/openjdk-16.0.1/lib/server/classes.jsa
800411000-800bc1000 r--p 00412000 103:07 142323                          /home/cheikh/.jdks/openjdk-16.0.1/lib/server/classes.jsa
800bc1000-800c00000 ---p 00000000 00:00 0 
800c00000-800c20000 rw-p 00000000 00:00 0 
800c20000-800c40000 rw-p 00000000 00:00 0 
800c40000-800cc0000 rw-p 00000000 00:00 0 
800cc0000-800e60000 rw-p 00000000 00:00 0 
800e60000-800f40000 rw-p 00000000 00:00 0 
800f40000-800f80000 rw-p 00000000 00:00 0 
800f80000-8010c0000 rw-p 00000000 00:00 0 
8010c0000-801180000 rw-p 00000000 00:00 0 
801180000-8013a0000 rw-p 00000000 00:00 0 
8013a0000-840c00000 ---p 00000000 00:00 0 
55ae80510000-55ae80511000 r-xp 00000000 103:07 5120862                   /home/cheikh/.jdks/openjdk-16.0.1/bin/java
55ae80512000-55ae80513000 r--p 00001000 103:07 5120862                   /home/cheikh/.jdks/openjdk-16.0.1/bin/java
55ae80513000-55ae80514000 rw-p 00002000 103:07 5120862                   /home/cheikh/.jdks/openjdk-16.0.1/bin/java
55ae81bc6000-55ae81be7000 rw-p 00000000 00:00 0                          [heap]
7f5478000000-7f5478021000 rw-p 00000000 00:00 0 
7f5478021000-7f547c000000 ---p 00000000 00:00 0 
7f5480000000-7f5480021000 rw-p 00000000 00:00 0 
7f5480021000-7f5484000000 ---p 00000000 00:00 0 
7f5484000000-7f5484021000 rw-p 00000000 00:00 0 
7f5484021000-7f5488000000 ---p 00000000 00:00 0 
7f5488000000-7f5488021000 rw-p 00000000 00:00 0 
7f5488021000-7f548c000000 ---p 00000000 00:00 0 
7f548c000000-7f548c021000 rw-p 00000000 00:00 0 
7f548c021000-7f5490000000 ---p 00000000 00:00 0 
7f5490000000-7f5490021000 rw-p 00000000 00:00 0 
7f5490021000-7f5494000000 ---p 00000000 00:00 0 
7f5494000000-7f5494021000 rw-p 00000000 00:00 0 
7f5494021000-7f5498000000 ---p 00000000 00:00 0 
7f5498000000-7f5498021000 rw-p 00000000 00:00 0 
7f5498021000-7f549c000000 ---p 00000000 00:00 0 
7f549c000000-7f549c021000 rw-p 00000000 00:00 0 
7f549c021000-7f54a0000000 ---p 00000000 00:00 0 
7f54a0000000-7f54a0021000 rw-p 00000000 00:00 0 
7f54a0021000-7f54a4000000 ---p 00000000 00:00 0 
7f54a4000000-7f54a4021000 rw-p 00000000 00:00 0 
7f54a4021000-7f54a8000000 ---p 00000000 00:00 0 
7f54a8000000-7f54a8021000 rw-p 00000000 00:00 0 
7f54a8021000-7f54ac000000 ---p 00000000 00:00 0 
7f54ac000000-7f54ac021000 rw-p 00000000 00:00 0 
7f54ac021000-7f54b0000000 ---p 00000000 00:00 0 
7f54b0000000-7f54b0032000 rw-p 00000000 00:00 0 
7f54b0032000-7f54b4000000 ---p 00000000 00:00 0 
7f54b4000000-7f54b4021000 rw-p 00000000 00:00 0 
7f54b4021000-7f54b8000000 ---p 00000000 00:00 0 
7f54b8000000-7f54b8021000 rw-p 00000000 00:00 0 
7f54b8021000-7f54bc000000 ---p 00000000 00:00 0 
7f54bc000000-7f54bc021000 rw-p 00000000 00:00 0 
7f54bc021000-7f54c0000000 ---p 00000000 00:00 0 
7f54c0000000-7f54c0021000 rw-p 00000000 00:00 0 
7f54c0021000-7f54c4000000 ---p 00000000 00:00 0 
7f54c4000000-7f54c4021000 rw-p 00000000 00:00 0 
7f54c4021000-7f54c8000000 ---p 00000000 00:00 0 
7f54c8000000-7f54c814c000 rw-p 00000000 00:00 0 
7f54c814c000-7f54cc000000 ---p 00000000 00:00 0 
7f54cc056000-7f54cc3fc000 rw-p 00000000 00:00 0 
7f54cc3fc000-7f54cc400000 ---p 00000000 00:00 0 
7f54cc400000-7f54cc4fd000 rw-p 00000000 00:00 0 
7f54cc4fd000-7f54cc501000 ---p 00000000 00:00 0 
7f54cc501000-7f54cc5fe000 rw-p 00000000 00:00 0 
7f54cc5fe000-7f54cc602000 ---p 00000000 00:00 0 
7f54cc602000-7f54cc6ff000 rw-p 00000000 00:00 0 
7f54cc6ff000-7f54cc703000 ---p 00000000 00:00 0 
7f54cc703000-7f54ccf20000 rw-p 00000000 00:00 0 
7f54ccf20000-7f54cd000000 ---p 00000000 00:00 0 
7f54cd000000-7f54cd700000 rw-p 00000000 00:00 0 
7f54cd700000-7f54cd780000 rw-p 00000000 00:00 0 
7f54cd780000-7f54cd800000 ---p 00000000 00:00 0 
7f54cd8fd000-7f54cd901000 ---p 00000000 00:00 0 
7f54cd901000-7f54cd9fe000 rw-p 00000000 00:00 0 
7f54cd9fe000-7f54cda02000 ---p 00000000 00:00 0 
7f54cda02000-7f54cdaff000 rw-p 00000000 00:00 0 
7f54cdaff000-7f54cdb03000 ---p 00000000 00:00 0 
7f54cdb03000-7f54cdd00000 rw-p 00000000 00:00 0 
7f54cdd00000-7f54cde00000 rw-p 00000000 00:00 0 
7f54cde00000-7f54cdf00000 rw-p 00000000 00:00 0 
7f54cdf00000-7f54ce000000 rw-p 00000000 00:00 0 
7f54ce000000-7f54ce080000 rw-p 00000000 00:00 0 
7f54ce080000-7f54ce100000 rw-p 00000000 00:00 0 
7f54ce100000-7f54ce400000 rw-p 00000000 00:00 0 
7f54ce4fd000-7f54ce501000 ---p 00000000 00:00 0 
7f54ce501000-7f54ce5fe000 rw-p 00000000 00:00 0 
7f54ce5fe000-7f54ce602000 ---p 00000000 00:00 0 
7f54ce602000-7f54ce6ff000 rw-p 00000000 00:00 0 
7f54ce6ff000-7f54ce703000 ---p 00000000 00:00 0 
7f54ce703000-7f54cf000000 rw-p 00000000 00:00 0 
7f54cf0f6000-7f54cf0fa000 ---p 00000000 00:00 0 
7f54cf0fa000-7f54cf1f7000 rw-p 00000000 00:00 0 
7f54cf1f7000-7f54cf1f8000 ---p 00000000 00:00 0 
7f54cf1f8000-7f54cf2f9000 rw-p 00000000 00:00 0 
7f54cf2f9000-7f54cf2fd000 ---p 00000000 00:00 0 
7f54cf2fd000-7f54cf3fa000 rw-p 00000000 00:00 0 
7f54cf3fa000-7f54cf3fe000 ---p 00000000 00:00 0 
7f54cf3fe000-7f54cf4fb000 rw-p 00000000 00:00 0 
7f54cf4fb000-7f54cf4ff000 ---p 00000000 00:00 0 
7f54cf4ff000-7f54cf5fc000 rw-p 00000000 00:00 0 
7f54cf5fc000-7f54cf5fd000 ---p 00000000 00:00 0 
7f54cf5fd000-7f54cf6fe000 rw-p 00000000 00:00 0 
7f54cf6fe000-7f54cf6ff000 ---p 00000000 00:00 0 
7f54cf6ff000-7f54cfd00000 rw-p 00000000 00:00 0 
7f54cfd00000-7f54d0000000 rw-p 00000000 00:00 0 
7f54d0000000-7f54d013e000 rw-p 00000000 00:00 0 
7f54d013e000-7f54d4000000 ---p 00000000 00:00 0 
7f54d4000000-7f54d5093000 rw-p 00000000 00:00 0 
7f54d5093000-7f54d8000000 ---p 00000000 00:00 0 
7f54d8000000-7f54d8021000 rw-p 00000000 00:00 0 
7f54d8021000-7f54dc000000 ---p 00000000 00:00 0 
7f54dc000000-7f54dc021000 rw-p 00000000 00:00 0 
7f54dc021000-7f54e0000000 ---p 00000000 00:00 0 
7f54e0000000-7f54e0021000 rw-p 00000000 00:00 0 
7f54e0021000-7f54e4000000 ---p 00000000 00:00 0 
7f54e4000000-7f54e4021000 rw-p 00000000 00:00 0 
7f54e4021000-7f54e8000000 ---p 00000000 00:00 0 
7f54e8000000-7f54e8021000 rw-p 00000000 00:00 0 
7f54e8021000-7f54ec000000 ---p 00000000 00:00 0 
7f54ec000000-7f54ec021000 rw-p 00000000 00:00 0 
7f54ec021000-7f54f0000000 ---p 00000000 00:00 0 
7f54f0000000-7f54f0021000 rw-p 00000000 00:00 0 
7f54f0021000-7f54f4000000 ---p 00000000 00:00 0 
7f54f4000000-7f54f4021000 rw-p 00000000 00:00 0 
7f54f4021000-7f54f8000000 ---p 00000000 00:00 0 
7f54f8000000-7f54f8021000 rw-p 00000000 00:00 0 
7f54f8021000-7f54fc000000 ---p 00000000 00:00 0 
7f54fc000000-7f54fc021000 rw-p 00000000 00:00 0 
7f54fc021000-7f5500000000 ---p 00000000 00:00 0 
7f5500000000-7f5500021000 rw-p 00000000 00:00 0 
7f5500021000-7f5504000000 ---p 00000000 00:00 0 
7f5504000000-7f55044fe000 rw-p 00000000 00:00 0 
7f55044fe000-7f5508000000 ---p 00000000 00:00 0 
7f5508000000-7f5508021000 rw-p 00000000 00:00 0 
7f5508021000-7f550c000000 ---p 00000000 00:00 0 
7f550c000000-7f550c021000 rw-p 00000000 00:00 0 
7f550c021000-7f5510000000 ---p 00000000 00:00 0 
7f5510000000-7f5510021000 rw-p 00000000 00:00 0 
7f5510021000-7f5514000000 ---p 00000000 00:00 0 
7f5514000000-7f5514021000 rw-p 00000000 00:00 0 
7f5514021000-7f5518000000 ---p 00000000 00:00 0 
7f5518000000-7f5518021000 rw-p 00000000 00:00 0 
7f5518021000-7f551c000000 ---p 00000000 00:00 0 
7f551c000000-7f551c021000 rw-p 00000000 00:00 0 
7f551c021000-7f5520000000 ---p 00000000 00:00 0 
7f5520000000-7f5520021000 rw-p 00000000 00:00 0 
7f5520021000-7f5524000000 ---p 00000000 00:00 0 
7f55240fc000-7f55240fd000 ---p 00000000 00:00 0 
7f55240fd000-7f55241fe000 rw-p 00000000 00:00 0 
7f55241fe000-7f55241ff000 ---p 00000000 00:00 0 
7f55241ff000-7f5524300000 rw-p 00000000 00:00 0 
7f5524300000-7f5524304000 ---p 00000000 00:00 0 
7f5524304000-7f5524401000 rw-p 00000000 00:00 0 
7f5524401000-7f5524405000 ---p 00000000 00:00 0 
7f5524405000-7f5524502000 rw-p 00000000 00:00 0 
7f5524502000-7f5524506000 ---p 00000000 00:00 0 
7f5524506000-7f5524603000 rw-p 00000000 00:00 0 
7f5524603000-7f5524604000 ---p 00000000 00:00 0 
7f5524604000-7f5524705000 rw-p 00000000 00:00 0 
7f5524705000-7f5524706000 ---p 00000000 00:00 0 
7f5524706000-7f5524807000 rw-p 00000000 00:00 0 
7f5524807000-7f5524808000 ---p 00000000 00:00 0 
7f5524808000-7f5524909000 rw-p 00000000 00:00 0 
7f5524909000-7f552490a000 ---p 00000000 00:00 0 
7f552490a000-7f5524a0b000 rw-p 00000000 00:00 0 
7f5524a0b000-7f5524a0c000 ---p 00000000 00:00 0 
7f5524a0c000-7f5524b0d000 rw-p 00000000 00:00 0 
7f5524b0d000-7f5524b11000 ---p 00000000 00:00 0 
7f5524b11000-7f5524c0e000 rw-p 00000000 00:00 0 
7f5524c0e000-7f5524c12000 ---p 00000000 00:00 0 
7f5524c12000-7f5524d0f000 rw-p 00000000 00:00 0 
7f5524d0f000-7f5524d13000 ---p 00000000 00:00 0 
7f5524d13000-7f5524e10000 rw-p 00000000 00:00 0 
7f5524e10000-7f5524e14000 ---p 00000000 00:00 0 
7f5524e14000-7f5524f11000 rw-p 00000000 00:00 0 
7f5524f11000-7f5524f15000 ---p 00000000 00:00 0 
7f5524f15000-7f5525012000 rw-p 00000000 00:00 0 
7f5525012000-7f5525800000 r--p 00000000 103:07 3933017                   /usr/lib/locale/locale-archive
7f5525800000-7f5525c00000 rw-p 00000000 00:00 0 
7f5525c00000-7f5525d00000 rw-p 00000000 00:00 0 
7f5525d00000-7f5525e00000 rw-p 00000000 00:00 0 
7f5525e00000-7f5528000000 rw-p 00000000 00:00 0 
7f5528000000-7f5528021000 rw-p 00000000 00:00 0 
7f5528021000-7f552c000000 ---p 00000000 00:00 0 
7f552c000000-7f552c021000 rw-p 00000000 00:00 0 
7f552c021000-7f5530000000 ---p 00000000 00:00 0 
7f5530000000-7f5530037000 rw-p 00000000 00:00 0 
7f5530037000-7f5534000000 ---p 00000000 00:00 0 
7f5534000000-7f5534007000 r--s 00000000 103:07 4464148                   /usr/lib/x86_64-linux-gnu/gconv/gconv-modules.cache
7f5534007000-7f553402d000 r--p 00000000 103:07 4983101                   /usr/share/locale-langpack/fr/LC_MESSAGES/libc.mo
7f553402d000-7f5534032000 r-xp 00000000 103:07 5771492                   /home/cheikh/.jdks/openjdk-16.0.1/lib/libmanagement_ext.so
7f5534032000-7f5534033000 ---p 00005000 103:07 5771492                   /home/cheikh/.jdks/openjdk-16.0.1/lib/libmanagement_ext.so
7f5534033000-7f5534034000 r--p 00005000 103:07 5771492                   /home/cheikh/.jdks/openjdk-16.0.1/lib/libmanagement_ext.so
7f5534034000-7f5534035000 rw-p 00006000 103:07 5771492                   /home/cheikh/.jdks/openjdk-16.0.1/lib/libmanagement_ext.so
7f5534035000-7f5534039000 r-xp 00000000 103:07 5771490                   /home/cheikh/.jdks/openjdk-16.0.1/lib/libmanagement.so
7f5534039000-7f553403a000 r--p 00003000 103:07 5771490                   /home/cheikh/.jdks/openjdk-16.0.1/lib/libmanagement.so
7f553403a000-7f553403b000 rw-p 00004000 103:07 5771490                   /home/cheikh/.jdks/openjdk-16.0.1/lib/libmanagement.so
7f553403b000-7f5534050000 r-xp 00000000 103:07 5771494                   /home/cheikh/.jdks/openjdk-16.0.1/lib/libnet.so
7f5534050000-7f5534051000 r--p 00014000 103:07 5771494                   /home/cheikh/.jdks/openjdk-16.0.1/lib/libnet.so
7f5534051000-7f5534052000 rw-p 00015000 103:07 5771494                   /home/cheikh/.jdks/openjdk-16.0.1/lib/libnet.so
7f5534052000-7f5534056000 ---p 00000000 00:00 0 
7f5534056000-7f5534153000 rw-p 00000000 00:00 0 
7f5534153000-7f5534157000 ---p 00000000 00:00 0 
7f5534157000-7f5534254000 rw-p 00000000 00:00 0 
7f5534254000-7f5534258000 ---p 00000000 00:00 0 
7f5534258000-7f5534355000 rw-p 00000000 00:00 0 
7f5534355000-7f5534359000 ---p 00000000 00:00 0 
7f5534359000-7f5534456000 rw-p 00000000 00:00 0 
7f5534456000-7f553445a000 ---p 00000000 00:00 0 
7f553445a000-7f5534557000 rw-p 00000000 00:00 0 
7f5534557000-7f553455b000 ---p 00000000 00:00 0 
7f553455b000-7f5534658000 rw-p 00000000 00:00 0 
7f5534658000-7f5534659000 ---p 00000000 00:00 0 
7f5534659000-7f5534836000 rw-p 00000000 00:00 0 
7f5534836000-7f5534837000 ---p 00000000 00:00 0 
7f5534837000-7f5534938000 rw-p 00000000 00:00 0 
7f5534938000-7f5534939000 ---p 00000000 00:00 0 
7f5534939000-7f5535242000 rw-p 00000000 00:00 0 
7f5535242000-7f5535243000 ---p 00000000 00:00 0 
7f5535243000-7f5535454000 rw-p 00000000 00:00 0 
7f5535454000-7f55354a0000 ---p 00000000 00:00 0 
7f55354a0000-7f55354b8000 rw-p 00000000 00:00 0 
7f55354b8000-7f553553c000 ---p 00000000 00:00 0 
7f553553c000-7f5535540000 rw-p 00000000 00:00 0 
7f5535540000-7f55371ac000 ---p 00000000 00:00 0 
7f55371ac000-7f55372d4000 rw-p 00000000 00:00 0 
7f55372d4000-7f5537320000 ---p 00000000 00:00 0 
7f5537320000-7f5537338000 rw-p 00000000 00:00 0 
7f5537338000-7f55373bc000 ---p 00000000 00:00 0 
7f55373bc000-7f55373c0000 rw-p 00000000 00:00 0 
7f55373c0000-7f553902c000 ---p 00000000 00:00 0 
7f553902c000-7f5539066000 rw-p 00000000 00:00 0 
7f5539066000-7f553906f000 ---p 00000000 00:00 0 
7f553906f000-7f5539073000 rw-p 00000000 00:00 0 
7f5539073000-7f5539083000 ---p 00000000 00:00 0 
7f5539083000-7f5539084000 rw-p 00000000 00:00 0 
7f5539084000-7f5539411000 ---p 00000000 00:00 0 
7f5539411000-7f5539436000 rw-p 00000000 00:00 0 
7f5539436000-7f553943f000 ---p 00000000 00:00 0 
7f553943f000-7f5539443000 rw-p 00000000 00:00 0 
7f5539443000-7f5539453000 ---p 00000000 00:00 0 
7f5539453000-7f5539454000 rw-p 00000000 00:00 0 
7f5539454000-7f55397e1000 ---p 00000000 00:00 0 
7f55397e1000-7f55397e4000 rw-p 00000000 00:00 0 
7f55397e4000-7f5539a54000 rwxp 00000000 00:00 0 
7f5539a54000-7f5539f18000 ---p 00000000 00:00 0 
7f5539f18000-7f553a838000 rwxp 00000000 00:00 0 
7f553a838000-7f55487e4000 ---p 00000000 00:00 0 
7f55487e4000-7f5550000000 r--s 00000000 103:07 5771503                   /home/cheikh/.jdks/openjdk-16.0.1/lib/modules
7f5550000000-7f5550647000 rw-p 00000000 00:00 0 
7f5550647000-7f5554000000 ---p 00000000 00:00 0 
7f5554005000-7f5554018000 r-xp 00000000 103:07 5771495                   /home/cheikh/.jdks/openjdk-16.0.1/lib/libnio.so
7f5554018000-7f5554019000 r--p 00012000 103:07 5771495                   /home/cheikh/.jdks/openjdk-16.0.1/lib/libnio.so
7f5554019000-7f555401a000 rw-p 00013000 103:07 5771495                   /home/cheikh/.jdks/openjdk-16.0.1/lib/libnio.so
7f555401a000-7f5554021000 r-xp 00000000 103:07 5771502                   /home/cheikh/.jdks/openjdk-16.0.1/lib/libzip.so
7f5554021000-7f5554022000 ---p 00007000 103:07 5771502                   /home/cheikh/.jdks/openjdk-16.0.1/lib/libzip.so
7f5554022000-7f5554023000 r--p 00007000 103:07 5771502                   /home/cheikh/.jdks/openjdk-16.0.1/lib/libzip.so
7f5554023000-7f5554024000 rw-p 00008000 103:07 5771502                   /home/cheikh/.jdks/openjdk-16.0.1/lib/libzip.so
7f5554024000-7f5554065000 rw-p 00000000 00:00 0 
7f5554065000-7f5554066000 ---p 00000000 00:00 0 
7f5554066000-7f5554167000 rw-p 00000000 00:00 0 
7f5554167000-7f5554168000 ---p 00000000 00:00 0 
7f5554168000-7f5554309000 rw-p 00000000 00:00 0 
7f5554309000-7f5554312000 ---p 00000000 00:00 0 
7f5554312000-7f5554316000 rw-p 00000000 00:00 0 
7f5554316000-7f5554326000 ---p 00000000 00:00 0 
7f5554326000-7f5554327000 rw-p 00000000 00:00 0 
7f5554327000-7f55546b4000 ---p 00000000 00:00 0 
7f55546b4000-7f5554ed2000 rw-p 00000000 00:00 0 
7f5554ed2000-7f5555091000 ---p 00000000 00:00 0 
7f5555091000-7f5555094000 r--p 00000000 103:07 3934356                   /usr/lib/x86_64-linux-gnu/libnss_files-2.31.so
7f5555094000-7f555509b000 r-xp 00003000 103:07 3934356                   /usr/lib/x86_64-linux-gnu/libnss_files-2.31.so
7f555509b000-7f555509d000 r--p 0000a000 103:07 3934356                   /usr/lib/x86_64-linux-gnu/libnss_files-2.31.so
7f555509d000-7f555509e000 r--p 0000b000 103:07 3934356                   /usr/lib/x86_64-linux-gnu/libnss_files-2.31.so
7f555509e000-7f555509f000 rw-p 0000c000 103:07 3934356                   /usr/lib/x86_64-linux-gnu/libnss_files-2.31.so
7f555509f000-7f55550a5000 rw-p 00000000 00:00 0 
7f55550a8000-7f55550aa000 r-xp 00000000 103:07 5771473                   /home/cheikh/.jdks/openjdk-16.0.1/lib/libextnet.so
7f55550aa000-7f55550ab000 r--p 00001000 103:07 5771473                   /home/cheikh/.jdks/openjdk-16.0.1/lib/libextnet.so
7f55550ab000-7f55550ac000 rw-p 00002000 103:07 5771473                   /home/cheikh/.jdks/openjdk-16.0.1/lib/libextnet.so
7f55550ac000-7f55550b1000 rw-p 00000000 00:00 0 
7f55550b1000-7f55550bb000 ---p 00000000 00:00 0 
7f55550bb000-7f55550df000 r-xp 00000000 103:07 5771481                   /home/cheikh/.jdks/openjdk-16.0.1/lib/libjava.so
7f55550df000-7f55550e0000 ---p 00024000 103:07 5771481                   /home/cheikh/.jdks/openjdk-16.0.1/lib/libjava.so
7f55550e0000-7f55550e1000 r--p 00024000 103:07 5771481                   /home/cheikh/.jdks/openjdk-16.0.1/lib/libjava.so
7f55550e1000-7f55550e2000 rw-p 00025000 103:07 5771481                   /home/cheikh/.jdks/openjdk-16.0.1/lib/libjava.so
7f55550e2000-7f55550e3000 rw-p 00000000 00:00 0 
7f55550e3000-7f55550fe000 r-xp 00000000 103:07 5771485                   /home/cheikh/.jdks/openjdk-16.0.1/lib/libjimage.so
7f55550fe000-7f55550ff000 ---p 0001b000 103:07 5771485                   /home/cheikh/.jdks/openjdk-16.0.1/lib/libjimage.so
7f55550ff000-7f5555101000 r--p 0001b000 103:07 5771485                   /home/cheikh/.jdks/openjdk-16.0.1/lib/libjimage.so
7f5555101000-7f5555102000 rw-p 0001d000 103:07 5771485                   /home/cheikh/.jdks/openjdk-16.0.1/lib/libjimage.so
7f5555102000-7f5555105000 r--p 00000000 103:07 3934367                   /usr/lib/x86_64-linux-gnu/librt-2.31.so
7f5555105000-7f5555109000 r-xp 00003000 103:07 3934367                   /usr/lib/x86_64-linux-gnu/librt-2.31.so
7f5555109000-7f555510a000 r--p 00007000 103:07 3934367                   /usr/lib/x86_64-linux-gnu/librt-2.31.so
7f555510a000-7f555510b000 ---p 00008000 103:07 3934367                   /usr/lib/x86_64-linux-gnu/librt-2.31.so
7f555510b000-7f555510c000 r--p 00008000 103:07 3934367                   /usr/lib/x86_64-linux-gnu/librt-2.31.so
7f555510c000-7f555510d000 rw-p 00009000 103:07 3934367                   /usr/lib/x86_64-linux-gnu/librt-2.31.so
7f555510d000-7f5555111000 ---p 00000000 00:00 0 
7f5555111000-7f555520e000 rw-p 00000000 00:00 0 
7f555520e000-7f555521d000 r--p 00000000 103:07 3934350                   /usr/lib/x86_64-linux-gnu/libm-2.31.so
7f555521d000-7f55552c4000 r-xp 0000f000 103:07 3934350                   /usr/lib/x86_64-linux-gnu/libm-2.31.so
7f55552c4000-7f555535b000 r--p 000b6000 103:07 3934350                   /usr/lib/x86_64-linux-gnu/libm-2.31.so
7f555535b000-7f555535c000 r--p 0014c000 103:07 3934350                   /usr/lib/x86_64-linux-gnu/libm-2.31.so
7f555535c000-7f555535d000 rw-p 0014d000 103:07 3934350                   /usr/lib/x86_64-linux-gnu/libm-2.31.so
7f555535d000-7f555646b000 r-xp 00000000 103:07 142326                    /home/cheikh/.jdks/openjdk-16.0.1/lib/server/libjvm.so
7f555646b000-7f555646c000 ---p 0110e000 103:07 142326                    /home/cheikh/.jdks/openjdk-16.0.1/lib/server/libjvm.so
7f555646c000-7f555651d000 r--p 0110e000 103:07 142326                    /home/cheikh/.jdks/openjdk-16.0.1/lib/server/libjvm.so
7f555651d000-7f5556550000 rw-p 011bf000 103:07 142326                    /home/cheikh/.jdks/openjdk-16.0.1/lib/server/libjvm.so
7f5556550000-7f55565ad000 rw-p 00000000 00:00 0 
7f55565ad000-7f55565d2000 r--p 00000000 103:07 3934348                   /usr/lib/x86_64-linux-gnu/libc-2.31.so
7f55565d2000-7f555674a000 r-xp 00025000 103:07 3934348                   /usr/lib/x86_64-linux-gnu/libc-2.31.so
7f555674a000-7f5556794000 r--p 0019d000 103:07 3934348                   /usr/lib/x86_64-linux-gnu/libc-2.31.so
7f5556794000-7f5556795000 ---p 001e7000 103:07 3934348                   /usr/lib/x86_64-linux-gnu/libc-2.31.so
7f5556795000-7f5556798000 r--p 001e7000 103:07 3934348                   /usr/lib/x86_64-linux-gnu/libc-2.31.so
7f5556798000-7f555679b000 rw-p 001ea000 103:07 3934348                   /usr/lib/x86_64-linux-gnu/libc-2.31.so
7f555679b000-7f555679f000 rw-p 00000000 00:00 0 
7f555679f000-7f55567a0000 r--p 00000000 103:07 3934349                   /usr/lib/x86_64-linux-gnu/libdl-2.31.so
7f55567a0000-7f55567a2000 r-xp 00001000 103:07 3934349                   /usr/lib/x86_64-linux-gnu/libdl-2.31.so
7f55567a2000-7f55567a3000 r--p 00003000 103:07 3934349                   /usr/lib/x86_64-linux-gnu/libdl-2.31.so
7f55567a3000-7f55567a4000 r--p 00003000 103:07 3934349                   /usr/lib/x86_64-linux-gnu/libdl-2.31.so
7f55567a4000-7f55567a5000 rw-p 00004000 103:07 3934349                   /usr/lib/x86_64-linux-gnu/libdl-2.31.so
7f55567a5000-7f55567ac000 r--p 00000000 103:07 3934365                   /usr/lib/x86_64-linux-gnu/libpthread-2.31.so
7f55567ac000-7f55567bd000 r-xp 00007000 103:07 3934365                   /usr/lib/x86_64-linux-gnu/libpthread-2.31.so
7f55567bd000-7f55567c2000 r--p 00018000 103:07 3934365                   /usr/lib/x86_64-linux-gnu/libpthread-2.31.so
7f55567c2000-7f55567c3000 r--p 0001c000 103:07 3934365                   /usr/lib/x86_64-linux-gnu/libpthread-2.31.so
7f55567c3000-7f55567c4000 rw-p 0001d000 103:07 3934365                   /usr/lib/x86_64-linux-gnu/libpthread-2.31.so
7f55567c4000-7f55567c8000 rw-p 00000000 00:00 0 
7f55567c8000-7f55567d7000 r-xp 00000000 103:07 5771486                   /home/cheikh/.jdks/openjdk-16.0.1/lib/libjli.so
7f55567d7000-7f55567d8000 r--p 0000e000 103:07 5771486                   /home/cheikh/.jdks/openjdk-16.0.1/lib/libjli.so
7f55567d8000-7f55567d9000 rw-p 0000f000 103:07 5771486                   /home/cheikh/.jdks/openjdk-16.0.1/lib/libjli.so
7f55567d9000-7f55567db000 r--p 00000000 103:07 3932354                   /usr/lib/x86_64-linux-gnu/libz.so.1.2.11
7f55567db000-7f55567ec000 r-xp 00002000 103:07 3932354                   /usr/lib/x86_64-linux-gnu/libz.so.1.2.11
7f55567ec000-7f55567f2000 r--p 00013000 103:07 3932354                   /usr/lib/x86_64-linux-gnu/libz.so.1.2.11
7f55567f2000-7f55567f3000 ---p 00019000 103:07 3932354                   /usr/lib/x86_64-linux-gnu/libz.so.1.2.11
7f55567f3000-7f55567f4000 r--p 00019000 103:07 3932354                   /usr/lib/x86_64-linux-gnu/libz.so.1.2.11
7f55567f4000-7f55567f5000 rw-p 0001a000 103:07 3932354                   /usr/lib/x86_64-linux-gnu/libz.so.1.2.11
7f55567f5000-7f55567f7000 rw-p 00000000 00:00 0 
7f55567f7000-7f55567ff000 rw-s 00000000 103:07 1312158                   /tmp/hsperfdata_cheikh/91847
7f55567ff000-7f5556809000 r-xp 00000000 103:07 5771476                   /home/cheikh/.jdks/openjdk-16.0.1/lib/libinstrument.so
7f5556809000-7f555680a000 r--p 00009000 103:07 5771476                   /home/cheikh/.jdks/openjdk-16.0.1/lib/libinstrument.so
7f555680a000-7f555680b000 rw-p 0000a000 103:07 5771476                   /home/cheikh/.jdks/openjdk-16.0.1/lib/libinstrument.so
7f555680b000-7f555680c000 ---p 00000000 00:00 0 
7f555680c000-7f555680d000 r--p 00000000 00:00 0 
7f555680d000-7f555680e000 r--p 00000000 103:07 3934344                   /usr/lib/x86_64-linux-gnu/ld-2.31.so
7f555680e000-7f5556831000 r-xp 00001000 103:07 3934344                   /usr/lib/x86_64-linux-gnu/ld-2.31.so
7f5556831000-7f5556839000 r--p 00024000 103:07 3934344                   /usr/lib/x86_64-linux-gnu/ld-2.31.so
7f5556839000-7f555683a000 ---p 00000000 00:00 0 
7f555683a000-7f555683b000 r--p 0002c000 103:07 3934344                   /usr/lib/x86_64-linux-gnu/ld-2.31.so
7f555683b000-7f555683c000 rw-p 0002d000 103:07 3934344                   /usr/lib/x86_64-linux-gnu/ld-2.31.so
7f555683c000-7f555683d000 rw-p 00000000 00:00 0 
7ffe584a6000-7ffe584c9000 rw-p 00000000 00:00 0                          [stack]
7ffe58573000-7ffe58577000 r--p 00000000 00:00 0                          [vvar]
7ffe58577000-7ffe58579000 r-xp 00000000 00:00 0                          [vdso]
ffffffffff600000-ffffffffff601000 --xp 00000000 00:00 0                  [vsyscall]


VM Arguments:
jvm_args: -XX:TieredStopAtLevel=1 -Xverify:none -Dspring.output.ansi.enabled=always -javaagent:/snap/intellij-idea-ultimate/333/lib/idea_rt.jar=16803:/snap/intellij-idea-ultimate/333/bin -Dcom.sun.management.jmxremote -Dspring.jmx.enabled=true -Dspring.liveBeansView.mbeanDomain -Dspring.application.admin.enabled=true -Dfile.encoding=UTF-8 
java_command: com.example.projetladoum.ProjetLadoumApplication
java_class_path (initial): /home/cheikh/Documents/workspace/Projets/Projet Ladoum/Implementation/back-end/Projet-ladoum/target/classes:/home/cheikh/.m2/repository/org/springframework/boot/spring-boot-starter-web/2.5.4/spring-boot-starter-web-2.5.4.jar:/home/cheikh/.m2/repository/org/springframework/boot/spring-boot-starter/2.5.4/spring-boot-starter-2.5.4.jar:/home/cheikh/.m2/repository/org/springframework/boot/spring-boot-starter-logging/2.5.4/spring-boot-starter-logging-2.5.4.jar:/home/cheikh/.m2/repository/ch/qos/logback/logback-classic/1.2.5/logback-classic-1.2.5.jar:/home/cheikh/.m2/repository/ch/qos/logback/logback-core/1.2.5/logback-core-1.2.5.jar:/home/cheikh/.m2/repository/org/apache/logging/log4j/log4j-to-slf4j/2.14.1/log4j-to-slf4j-2.14.1.jar:/home/cheikh/.m2/repository/org/apache/logging/log4j/log4j-api/2.14.1/log4j-api-2.14.1.jar:/home/cheikh/.m2/repository/org/slf4j/jul-to-slf4j/1.7.32/jul-to-slf4j-1.7.32.jar:/home/cheikh/.m2/repository/jakarta/annotation/jakarta.annotation-api/1.3.5/jakarta.annotation-api-1.3.5.jar:/home/cheikh/.m2/repository/org/yaml/snakeyaml/1.28/snakeyaml-1.28.jar:/home/cheikh/.m2/repository/org/springframework/boot/spring-boot-starter-json/2.5.4/spring-boot-starter-json-2.5.4.jar:/home/cheikh/.m2/repository/com/fasterxml/jackson/core/jackson-databind/2.12.4/jackson-databind-2.12.4.jar:/home/cheikh/.m2/repository/com/fasterxml/jackson/core/jackson-annotations/2.12.4/jackson-annotations-2.12.4.jar:/home/cheikh/.m2/repository/com/fasterxml/jackson/core/jackson-core/2.12.4/jackson-core-2.12.4.jar:/home/cheikh/.m2/repository/com/fasterxml/jackson/datatype/jackson-datatype-jdk8/2.12.4/jackson-datatype-jdk8-2.12.4.jar:/home/cheikh/.m2/repository/com/fasterxml/jackson/datatype/jackson-datatype-jsr310/2.12.4/jackson-datatype-jsr310-2.12.4.jar:/home/cheikh/.m2/repository/com/fasterxml/jackson/module/jackson-module-parameter-names/2.12.4/jackson-module-parameter-names-2.12.4.jar:/home/cheikh/.m2/repository/org/springframework/boot/spring-b
Launcher Type: SUN_STANDARD

[Global flags]
     intx CICompilerCount                          = 4                                         {product} {ergonomic}
     uint ConcGCThreads                            = 2                                         {product} {ergonomic}
     uint G1ConcRefinementThreads                  = 8                                         {product} {ergonomic}
   size_t G1HeapRegionSize                         = 1048576                                   {product} {ergonomic}
    uintx GCDrainStackTargetSize                   = 64                                        {product} {ergonomic}
   size_t InitialHeapSize                          = 127926272                                 {product} {ergonomic}
     bool ManagementServer                         = true                                      {product} {command line}
   size_t MarkStackSize                            = 4194304                                   {product} {ergonomic}
   size_t MaxHeapSize                              = 2046820352                                {product} {ergonomic}
   size_t MaxNewSize                               = 1227882496                                {product} {ergonomic}
   size_t MinHeapDeltaBytes                        = 1048576                                   {product} {ergonomic}
   size_t MinHeapSize                              = 8388608                                   {product} {ergonomic}
    uintx NonNMethodCodeHeapSize                   = 7549744                                {pd product} {ergonomic}
    uintx NonProfiledCodeHeapSize                  = 244108496                              {pd product} {ergonomic}
    uintx ProfiledCodeHeapSize                     = 0                                      {pd product} {ergonomic}
    uintx ReservedCodeCacheSize                    = 251658240                              {pd product} {ergonomic}
     bool SegmentedCodeCache                       = true                                      {product} {ergonomic}
   size_t SoftMaxHeapSize                          = 2046820352                             {manageable} {ergonomic}
     intx TieredStopAtLevel                        = 1                                         {product} {command line}
     bool UseCompressedClassPointers               = true                           {product lp64_product} {ergonomic}
     bool UseCompressedOops                        = true                           {product lp64_product} {ergonomic}
     bool UseG1GC                                  = true                                      {product} {ergonomic}

Logging:
Log output configuration:
 #0: stdout all=warning uptime,level,tags
 #1: stderr all=off uptime,level,tags

Environment Variables:
JAVA_HOME=/usr/lib/jvm/java-11-openjdk-amd64/
PATH=/usr/local/sbin:/usr/local/bin:/usr/sbin:/usr/bin:/sbin:/bin:/usr/games:/usr/local/games:/snap/bin
USERNAME=cheikh
SHELL=/usr/bin/zsh
DISPLAY=:0
LANG=fr_FR.UTF-8

Signal Handlers:
SIGSEGV: [libjvm.so+0xdfef20], sa_mask[0]=11100100010111111101111111111110, sa_flags=SA_RESTART|SA_SIGINFO
SIGBUS: [libjvm.so+0xdfef20], sa_mask[0]=11100100010111111101111111111110, sa_flags=SA_RESTART|SA_SIGINFO
SIGFPE: [libjvm.so+0xdfef20], sa_mask[0]=11100100010111111101111111111110, sa_flags=SA_RESTART|SA_SIGINFO
SIGPIPE: [libjvm.so+0xca8980], sa_mask[0]=11100100010111111101111111111110, sa_flags=SA_RESTART|SA_SIGINFO
SIGXFSZ: [libjvm.so+0xca8980], sa_mask[0]=11100100010111111101111111111110, sa_flags=SA_RESTART|SA_SIGINFO
SIGILL: [libjvm.so+0xdfef20], sa_mask[0]=11100100010111111101111111111110, sa_flags=SA_RESTART|SA_SIGINFO
SIGUSR2: [libjvm.so+0xca8070], sa_mask[0]=00100000000000000000000000000000, sa_flags=SA_RESTART|SA_SIGINFO
SIGHUP: [libjvm.so+0xca7fa0], sa_mask[0]=11100100010111111101111111111110, sa_flags=SA_RESTART|SA_SIGINFO
SIGINT: [libjvm.so+0xca7fa0], sa_mask[0]=11100100010111111101111111111110, sa_flags=SA_RESTART|SA_SIGINFO
SIGTERM: [libjvm.so+0xca7fa0], sa_mask[0]=11100100010111111101111111111110, sa_flags=SA_RESTART|SA_SIGINFO
SIGQUIT: [libjvm.so+0xca7fa0], sa_mask[0]=11100100010111111101111111111110, sa_flags=SA_RESTART|SA_SIGINFO
SIGTRAP: [libjvm.so+0xdfef20], sa_mask[0]=11100100010111111101111111111110, sa_flags=SA_RESTART|SA_SIGINFO


---------------  S Y S T E M  ---------------

OS:
DISTRIB_ID=Ubuntu
DISTRIB_RELEASE=20.04
DISTRIB_CODENAME=focal
DISTRIB_DESCRIPTION="Ubuntu 20.04.2 LTS"
uname: Linux 5.11.0-40-generic #44~20.04.2-Ubuntu SMP Tue Oct 26 18:07:44 UTC 2021 x86_64
OS uptime: 1 days 0:09 hours
libc: glibc 2.31 NPTL 2.31 
rlimit (soft/hard): STACK 8192k/infinity , CORE 0k/infinity , NPROC 30964/30964 , NOFILE 1048576/1048576 , AS infinity/infinity , CPU infinity/infinity , DATA infinity/infinity , FSIZE infinity/infinity , MEMLOCK 65536k/65536k
load average: 2.13 1.32 1.13

/proc/meminfo:
MemTotal:        7992364 kB
MemFree:          181976 kB
MemAvailable:    1115828 kB
Buffers:          143148 kB
Cached:          1509428 kB
SwapCached:       301732 kB
Active:          3537260 kB
Inactive:        3641100 kB
Active(anon):    2828948 kB
Inactive(anon):  3288604 kB
Active(file):     708312 kB
Inactive(file):   352496 kB
Unevictable:       55776 kB
Mlocked:              96 kB
SwapTotal:       8229884 kB
SwapFree:        4770512 kB
Dirty:              1032 kB
Writeback:             0 kB
AnonPages:       5425680 kB
Mapped:           599576 kB
Shmem:            591740 kB
KReclaimable:     180720 kB
Slab:             353560 kB
SReclaimable:     180720 kB
SUnreclaim:       172840 kB
KernelStack:       24592 kB
PageTables:       107888 kB
NFS_Unstable:          0 kB
Bounce:                0 kB
WritebackTmp:          0 kB
CommitLimit:    12226064 kB
Committed_AS:   21321188 kB
VmallocTotal:   34359738367 kB
VmallocUsed:       52032 kB
VmallocChunk:          0 kB
Percpu:             7168 kB
HardwareCorrupted:     0 kB
AnonHugePages:         0 kB
ShmemHugePages:        0 kB
ShmemPmdMapped:        0 kB
FileHugePages:         0 kB
FilePmdMapped:         0 kB
HugePages_Total:       0
HugePages_Free:        0
HugePages_Rsvd:        0
HugePages_Surp:        0
Hugepagesize:       2048 kB
Hugetlb:               0 kB
DirectMap4k:      480856 kB
DirectMap2M:     7755776 kB
DirectMap1G:     1048576 kB

/sys/kernel/mm/transparent_hugepage/enabled: always [madvise] never
/sys/kernel/mm/transparent_hugepage/defrag (defrag/compaction efforts parameter): always defer defer+madvise [madvise] never

Process Memory:
Virtual Size: 6635776K (peak: 6697576K)
Resident Set Size: 216496K (peak: 216496K) (anon: 188808K, file: 27688K, shmem: 0K)
Swapped out: 0K
C-Heap outstanding allocations: 28836K

/proc/sys/kernel/threads-max (system-wide limit on the number of threads): 61928
/proc/sys/vm/max_map_count (maximum number of memory map areas a process may have): 65530
/proc/sys/kernel/pid_max (system-wide limit on number of process identifiers): 4194304

container (cgroup) information:
container_type: cgroupv1
cpu_cpuset_cpus: 0-7
cpu_memory_nodes: 0
active_processor_count: 8
cpu_quota: no quota
cpu_period: 100000
cpu_shares: no shares
memory_limit_in_bytes: unlimited
memory_and_swap_limit_in_bytes: unlimited
memory_soft_limit_in_bytes: unlimited
memory_usage_in_bytes: 6776250368
memory_max_usage_in_bytes: 7029493760

Steal ticks since vm start: 0
Steal ticks percentage since vm start:  0.000

CPU: total 8 (initial active 8) (4 cores per cpu, 2 threads per core) family 6 model 142 stepping 12 microcode 0xea, cx8, cmov, fxsr, ht, mmx, 3dnowpref, sse, sse2, sse3, ssse3, sse4.1, sse4.2, popcnt, lzcnt, tsc, tscinvbit, avx, avx2, aes, erms, clmul, bmi1, bmi2, adx, fma, vzeroupper, clflush, clflushopt
CPU Model and flags from /proc/cpuinfo:
model name	: Intel(R) Core(TM) i5-8265U CPU @ 1.60GHz
flags		: fpu vme de pse tsc msr pae mce cx8 apic sep mtrr pge mca cmov pat pse36 clflush dts acpi mmx fxsr sse sse2 ss ht tm pbe syscall nx pdpe1gb rdtscp lm constant_tsc art arch_perfmon pebs bts rep_good nopl xtopology nonstop_tsc cpuid aperfmperf pni pclmulqdq dtes64 monitor ds_cpl vmx est tm2 ssse3 sdbg fma cx16 xtpr pdcm pcid sse4_1 sse4_2 x2apic movbe popcnt tsc_deadline_timer aes xsave avx f16c rdrand lahf_lm abm 3dnowprefetch cpuid_fault epb invpcid_single ssbd ibrs ibpb stibp ibrs_enhanced tpr_shadow vnmi flexpriority ept vpid ept_ad fsgsbase tsc_adjust bmi1 avx2 smep bmi2 erms invpcid mpx rdseed adx smap clflushopt intel_pt xsaveopt xsavec xgetbv1 xsaves dtherm ida arat pln pts hwp hwp_notify hwp_act_window hwp_epp md_clear flush_l1d arch_capabilities

Online cpus: 0-7
Offline cpus: 
BIOS frequency limitation: <Not Available>
Frequency switch latency (ns): 0
Available cpu frequencies: <Not Available>
Current governor: powersave
Core performance/turbo boost: <Not Available>

Memory: 4k page, physical 7992364k(181976k free), swap 8229884k(4770512k free)

vm_info: OpenJDK 64-Bit Server VM (16.0.1+9-24) for linux-amd64 JRE (16.0.1+9-24), built on Mar 26 2021 18:09:28 by "mach5one" with gcc 10.2.0

END.
